mode: set
cryptoutil/internal/apps/cipher/im/server/apis/messages.go:34.19,41.2 1 1
cryptoutil/internal/apps/cipher/im/server/apis/messages.go:69.60,70.34 1 1
cryptoutil/internal/apps/cipher/im/server/apis/messages.go:70.34,72.44 2 1
cryptoutil/internal/apps/cipher/im/server/apis/messages.go:72.44,77.4 1 1
cryptoutil/internal/apps/cipher/im/server/apis/messages.go:80.3,80.32 1 1
cryptoutil/internal/apps/cipher/im/server/apis/messages.go:80.32,85.4 1 1
cryptoutil/internal/apps/cipher/im/server/apis/messages.go:87.3,87.24 1 1
cryptoutil/internal/apps/cipher/im/server/apis/messages.go:87.24,92.4 1 1
cryptoutil/internal/apps/cipher/im/server/apis/messages.go:95.3,96.10 2 1
cryptoutil/internal/apps/cipher/im/server/apis/messages.go:96.10,101.4 1 1
cryptoutil/internal/apps/cipher/im/server/apis/messages.go:104.3,105.17 2 1
cryptoutil/internal/apps/cipher/im/server/apis/messages.go:105.17,110.4 1 0
cryptoutil/internal/apps/cipher/im/server/apis/messages.go:113.3,113.28 1 1
cryptoutil/internal/apps/cipher/im/server/apis/messages.go:113.28,118.4 1 0
cryptoutil/internal/apps/cipher/im/server/apis/messages.go:121.3,124.17 3 1
cryptoutil/internal/apps/cipher/im/server/apis/messages.go:124.17,129.4 1 0
cryptoutil/internal/apps/cipher/im/server/apis/messages.go:132.3,139.68 2 1
cryptoutil/internal/apps/cipher/im/server/apis/messages.go:139.68,144.4 1 0
cryptoutil/internal/apps/cipher/im/server/apis/messages.go:147.3,147.50 1 1
cryptoutil/internal/apps/cipher/im/server/apis/messages.go:147.50,149.18 2 1
cryptoutil/internal/apps/cipher/im/server/apis/messages.go:149.18,154.5 1 1
cryptoutil/internal/apps/cipher/im/server/apis/messages.go:157.4,158.18 2 1
cryptoutil/internal/apps/cipher/im/server/apis/messages.go:158.18,163.5 1 0
cryptoutil/internal/apps/cipher/im/server/apis/messages.go:166.4,173.93 2 1
cryptoutil/internal/apps/cipher/im/server/apis/messages.go:173.93,178.5 1 0
cryptoutil/internal/apps/cipher/im/server/apis/messages.go:181.3,185.5 2 1
cryptoutil/internal/apps/cipher/im/server/apis/messages.go:190.64,191.34 1 1
cryptoutil/internal/apps/cipher/im/server/apis/messages.go:191.34,194.10 2 1
cryptoutil/internal/apps/cipher/im/server/apis/messages.go:194.10,199.4 1 1
cryptoutil/internal/apps/cipher/im/server/apis/messages.go:202.3,203.17 2 1
cryptoutil/internal/apps/cipher/im/server/apis/messages.go:203.17,208.4 1 0
cryptoutil/internal/apps/cipher/im/server/apis/messages.go:211.3,211.32 1 1
cryptoutil/internal/apps/cipher/im/server/apis/messages.go:211.32,212.72 1 1
cryptoutil/internal/apps/cipher/im/server/apis/messages.go:212.72,214.13 1 0
cryptoutil/internal/apps/cipher/im/server/apis/messages.go:219.3,223.32 2 1
cryptoutil/internal/apps/cipher/im/server/apis/messages.go:223.32,226.18 2 1
cryptoutil/internal/apps/cipher/im/server/apis/messages.go:226.18,228.13 1 0
cryptoutil/internal/apps/cipher/im/server/apis/messages.go:232.4,233.18 2 1
cryptoutil/internal/apps/cipher/im/server/apis/messages.go:233.18,235.13 1 1
cryptoutil/internal/apps/cipher/im/server/apis/messages.go:239.4,240.18 2 1
cryptoutil/internal/apps/cipher/im/server/apis/messages.go:240.18,242.13 1 0
cryptoutil/internal/apps/cipher/im/server/apis/messages.go:246.4,249.18 3 1
cryptoutil/internal/apps/cipher/im/server/apis/messages.go:249.18,251.13 1 0
cryptoutil/internal/apps/cipher/im/server/apis/messages.go:254.4,260.6 1 1
cryptoutil/internal/apps/cipher/im/server/apis/messages.go:264.3,264.49 1 1
cryptoutil/internal/apps/cipher/im/server/apis/messages.go:269.62,270.34 1 1
cryptoutil/internal/apps/cipher/im/server/apis/messages.go:270.34,272.25 2 1
cryptoutil/internal/apps/cipher/im/server/apis/messages.go:272.25,277.4 1 0
cryptoutil/internal/apps/cipher/im/server/apis/messages.go:279.3,280.17 2 1
cryptoutil/internal/apps/cipher/im/server/apis/messages.go:280.17,285.4 1 1
cryptoutil/internal/apps/cipher/im/server/apis/messages.go:288.3,289.17 2 1
cryptoutil/internal/apps/cipher/im/server/apis/messages.go:289.17,294.4 1 1
cryptoutil/internal/apps/cipher/im/server/apis/messages.go:297.3,298.10 2 1
cryptoutil/internal/apps/cipher/im/server/apis/messages.go:298.10,303.4 1 0
cryptoutil/internal/apps/cipher/im/server/apis/messages.go:306.3,306.33 1 1
cryptoutil/internal/apps/cipher/im/server/apis/messages.go:306.33,311.4 1 1
cryptoutil/internal/apps/cipher/im/server/apis/messages.go:314.3,314.93 1 1
cryptoutil/internal/apps/cipher/im/server/apis/messages.go:314.93,319.4 1 0
cryptoutil/internal/apps/cipher/im/server/apis/messages.go:322.3,322.70 1 1
cryptoutil/internal/apps/cipher/im/server/apis/messages.go:322.70,327.4 1 0
cryptoutil/internal/apps/cipher/im/server/apis/messages.go:330.3,330.45 1 1
cryptoutil/internal/apps/cipher/im/server/apis/sessions.go:17.128,19.2 1 1
