mode: set
cryptoutil/internal/apps/cipher/im/server/config/config.go:82.77,85.16 2 1
cryptoutil/internal/apps/cipher/im/server/config/config.go:85.16,87.3 1 0
cryptoutil/internal/apps/cipher/im/server/config/config.go:90.2,100.60 7 1
cryptoutil/internal/apps/cipher/im/server/config/config.go:100.60,102.3 1 0
cryptoutil/internal/apps/cipher/im/server/config/config.go:105.2,128.59 4 1
cryptoutil/internal/apps/cipher/im/server/config/config.go:128.59,130.3 1 0
cryptoutil/internal/apps/cipher/im/server/config/config.go:133.2,135.22 2 1
cryptoutil/internal/apps/cipher/im/server/config/config.go:139.64,143.33 2 1
cryptoutil/internal/apps/cipher/im/server/config/config.go:143.33,145.3 1 0
cryptoutil/internal/apps/cipher/im/server/config/config.go:148.2,148.28 1 1
cryptoutil/internal/apps/cipher/im/server/config/config.go:148.28,150.3 1 0
cryptoutil/internal/apps/cipher/im/server/config/config.go:152.2,152.45 1 1
cryptoutil/internal/apps/cipher/im/server/config/config.go:152.45,154.3 1 0
cryptoutil/internal/apps/cipher/im/server/config/config.go:157.2,157.30 1 1
cryptoutil/internal/apps/cipher/im/server/config/config.go:157.30,159.3 1 0
cryptoutil/internal/apps/cipher/im/server/config/config.go:161.2,161.49 1 1
cryptoutil/internal/apps/cipher/im/server/config/config.go:161.49,163.3 1 0
cryptoutil/internal/apps/cipher/im/server/config/config.go:165.2,165.31 1 1
cryptoutil/internal/apps/cipher/im/server/config/config.go:165.31,167.3 1 0
cryptoutil/internal/apps/cipher/im/server/config/config.go:169.2,169.12 1 1
cryptoutil/internal/apps/cipher/im/server/config/config.go:173.53,183.2 9 1
cryptoutil/internal/apps/cipher/im/server/config/config_test_helper.go:23.92,39.2 4 1
cryptoutil/internal/apps/cipher/im/server/config/config_test_helper.go:43.50,45.2 1 1
cryptoutil/internal/apps/cipher/im/domain/message.go:40.35,42.2 1 1
cryptoutil/internal/apps/cipher/im/domain/recipient_message_jwk.go:35.47,37.2 1 1
cryptoutil/internal/apps/cipher/im/repository/message_recipient_jwk_repository.go:26.151,31.2 1 1
cryptoutil/internal/apps/cipher/im/repository/message_recipient_jwk_repository.go:35.146,36.138 1 1
cryptoutil/internal/apps/cipher/im/repository/message_recipient_jwk_repository.go:36.138,38.3 1 1
cryptoutil/internal/apps/cipher/im/repository/message_recipient_jwk_repository.go:40.2,40.12 1 1
cryptoutil/internal/apps/cipher/im/repository/message_recipient_jwk_repository.go:45.187,50.49 2 1
cryptoutil/internal/apps/cipher/im/repository/message_recipient_jwk_repository.go:50.49,52.3 1 1
cryptoutil/internal/apps/cipher/im/repository/message_recipient_jwk_repository.go:54.2,54.34 1 1
cryptoutil/internal/apps/cipher/im/repository/message_recipient_jwk_repository.go:59.165,64.49 2 1
cryptoutil/internal/apps/cipher/im/repository/message_recipient_jwk_repository.go:64.49,66.3 1 1
cryptoutil/internal/apps/cipher/im/repository/message_recipient_jwk_repository.go:68.2,68.34 1 1
cryptoutil/internal/apps/cipher/im/repository/message_recipient_jwk_repository.go:72.95,73.184 1 1
cryptoutil/internal/apps/cipher/im/repository/message_recipient_jwk_repository.go:73.184,75.3 1 1
cryptoutil/internal/apps/cipher/im/repository/message_recipient_jwk_repository.go:77.2,77.12 1 1
cryptoutil/internal/apps/cipher/im/repository/message_recipient_jwk_repository.go:81.113,84.81 1 1
cryptoutil/internal/apps/cipher/im/repository/message_recipient_jwk_repository.go:84.81,86.3 1 1
cryptoutil/internal/apps/cipher/im/repository/message_recipient_jwk_repository.go:88.2,88.12 1 1
cryptoutil/internal/apps/cipher/im/repository/message_repository.go:24.59,26.2 1 1
cryptoutil/internal/apps/cipher/im/repository/message_repository.go:29.110,30.126 1 1
cryptoutil/internal/apps/cipher/im/repository/message_repository.go:30.126,32.3 1 1
cryptoutil/internal/apps/cipher/im/repository/message_repository.go:34.2,34.12 1 1
cryptoutil/internal/apps/cipher/im/repository/message_repository.go:38.126,40.140 2 1
cryptoutil/internal/apps/cipher/im/repository/message_repository.go:40.140,42.3 1 1
cryptoutil/internal/apps/cipher/im/repository/message_repository.go:44.2,44.22 1 1
cryptoutil/internal/apps/cipher/im/repository/message_repository.go:49.145,59.37 2 1
cryptoutil/internal/apps/cipher/im/repository/message_repository.go:59.37,61.3 1 1
cryptoutil/internal/apps/cipher/im/repository/message_repository.go:63.2,63.22 1 1
cryptoutil/internal/apps/cipher/im/repository/message_repository.go:67.94,71.71 1 1
cryptoutil/internal/apps/cipher/im/repository/message_repository.go:71.71,73.3 1 1
cryptoutil/internal/apps/cipher/im/repository/message_repository.go:75.2,75.12 1 1
cryptoutil/internal/apps/cipher/im/repository/message_repository.go:79.83,80.172 1 1
cryptoutil/internal/apps/cipher/im/repository/message_repository.go:80.172,82.3 1 1
cryptoutil/internal/apps/cipher/im/repository/message_repository.go:84.2,84.12 1 1
cryptoutil/internal/apps/cipher/im/repository/migrations.go:46.55,49.16 2 1
cryptoutil/internal/apps/cipher/im/repository/migrations.go:49.16,51.3 1 1
cryptoutil/internal/apps/cipher/im/repository/migrations.go:54.2,55.16 2 1
cryptoutil/internal/apps/cipher/im/repository/migrations.go:55.16,57.3 1 1
cryptoutil/internal/apps/cipher/im/repository/migrations.go:59.2,59.18 1 1
cryptoutil/internal/apps/cipher/im/repository/migrations.go:62.64,68.16 3 1
cryptoutil/internal/apps/cipher/im/repository/migrations.go:68.16,70.3 1 1
cryptoutil/internal/apps/cipher/im/repository/migrations.go:73.2,74.16 2 1
cryptoutil/internal/apps/cipher/im/repository/migrations.go:74.16,76.3 1 1
cryptoutil/internal/apps/cipher/im/repository/migrations.go:78.2,78.23 1 1
cryptoutil/internal/apps/cipher/im/repository/migrations.go:78.23,80.3 1 1
cryptoutil/internal/apps/cipher/im/repository/migrations.go:82.2,82.21 1 1
cryptoutil/internal/apps/cipher/im/repository/migrations.go:85.58,88.16 2 1
cryptoutil/internal/apps/cipher/im/repository/migrations.go:88.16,90.3 1 1
cryptoutil/internal/apps/cipher/im/repository/migrations.go:93.2,94.16 2 1
cryptoutil/internal/apps/cipher/im/repository/migrations.go:94.16,96.3 1 1
cryptoutil/internal/apps/cipher/im/repository/migrations.go:98.2,98.18 1 1
cryptoutil/internal/apps/cipher/im/repository/migrations.go:101.59,104.16 2 1
cryptoutil/internal/apps/cipher/im/repository/migrations.go:104.16,106.3 1 1
cryptoutil/internal/apps/cipher/im/repository/migrations.go:109.2,110.16 2 1
cryptoutil/internal/apps/cipher/im/repository/migrations.go:110.16,112.3 1 1
cryptoutil/internal/apps/cipher/im/repository/migrations.go:114.2,114.18 1 1
cryptoutil/internal/apps/cipher/im/repository/migrations.go:119.36,124.2 1 1
cryptoutil/internal/apps/cipher/im/repository/migrations.go:141.69,145.49 2 1
cryptoutil/internal/apps/cipher/im/repository/migrations.go:145.49,147.3 1 1
cryptoutil/internal/apps/cipher/im/repository/migrations.go:149.2,149.12 1 1
cryptoutil/internal/apps/cipher/im/repository/user_repository.go:24.53,26.2 1 1
cryptoutil/internal/apps/cipher/im/repository/user_repository.go:29.118,30.123 1 1
cryptoutil/internal/apps/cipher/im/repository/user_repository.go:30.123,32.3 1 1
cryptoutil/internal/apps/cipher/im/repository/user_repository.go:34.2,34.12 1 1
cryptoutil/internal/apps/cipher/im/repository/user_repository.go:38.137,40.137 2 1
cryptoutil/internal/apps/cipher/im/repository/user_repository.go:40.137,42.3 1 1
cryptoutil/internal/apps/cipher/im/repository/user_repository.go:44.2,44.19 1 1
cryptoutil/internal/apps/cipher/im/repository/user_repository.go:48.140,50.149 2 1
cryptoutil/internal/apps/cipher/im/repository/user_repository.go:50.149,52.3 1 1
cryptoutil/internal/apps/cipher/im/repository/user_repository.go:54.2,54.19 1 1
cryptoutil/internal/apps/cipher/im/repository/user_repository.go:58.118,59.121 1 1
cryptoutil/internal/apps/cipher/im/repository/user_repository.go:59.121,61.3 1 1
cryptoutil/internal/apps/cipher/im/repository/user_repository.go:63.2,63.12 1 1
cryptoutil/internal/apps/cipher/im/repository/user_repository.go:67.80,68.186 1 1
cryptoutil/internal/apps/cipher/im/repository/user_repository.go:68.186,70.3 1 1
cryptoutil/internal/apps/cipher/im/repository/user_repository.go:72.2,72.12 1 1
cryptoutil/internal/apps/cipher/im/repository/user_repository_adapter.go:24.76,26.2 1 1
cryptoutil/internal/apps/cipher/im/repository/user_repository_adapter.go:30.125,33.9 2 1
cryptoutil/internal/apps/cipher/im/repository/user_repository_adapter.go:33.9,35.67 1 0
cryptoutil/internal/apps/cipher/im/repository/user_repository_adapter.go:38.2,38.41 1 1
cryptoutil/internal/apps/cipher/im/repository/user_repository_adapter.go:43.147,45.16 2 1
cryptoutil/internal/apps/cipher/im/repository/user_repository_adapter.go:45.16,47.3 1 1
cryptoutil/internal/apps/cipher/im/repository/user_repository_adapter.go:49.2,49.18 1 1
cryptoutil/internal/apps/cipher/im/repository/user_repository_adapter.go:54.144,56.16 2 1
cryptoutil/internal/apps/cipher/im/repository/user_repository_adapter.go:56.16,58.3 1 1
cryptoutil/internal/apps/cipher/im/repository/user_repository_adapter.go:60.2,60.18 1 1
cryptoutil/internal/apps/cipher/im/client/message.go:18.119,20.33 2 1
cryptoutil/internal/apps/cipher/im/client/message.go:20.33,22.3 1 1
cryptoutil/internal/apps/cipher/im/client/message.go:24.2,30.16 3 1
cryptoutil/internal/apps/cipher/im/client/message.go:30.16,32.3 1 0
cryptoutil/internal/apps/cipher/im/client/message.go:34.2,35.16 2 1
cryptoutil/internal/apps/cipher/im/client/message.go:35.16,37.3 1 0
cryptoutil/internal/apps/cipher/im/client/message.go:39.2,39.15 1 1
cryptoutil/internal/apps/cipher/im/client/message.go:39.15,39.40 1 1
cryptoutil/internal/apps/cipher/im/client/message.go:41.2,41.43 1 1
cryptoutil/internal/apps/cipher/im/client/message.go:41.43,43.3 1 1
cryptoutil/internal/apps/cipher/im/client/message.go:45.2,46.96 2 1
cryptoutil/internal/apps/cipher/im/client/message.go:46.96,48.3 1 0
cryptoutil/internal/apps/cipher/im/client/message.go:50.2,51.9 2 1
cryptoutil/internal/apps/cipher/im/client/message.go:51.9,53.3 1 1
cryptoutil/internal/apps/cipher/im/client/message.go:55.2,55.23 1 1
cryptoutil/internal/apps/cipher/im/client/message.go:59.99,61.16 2 1
cryptoutil/internal/apps/cipher/im/client/message.go:61.16,63.3 1 0
cryptoutil/internal/apps/cipher/im/client/message.go:65.2,65.38 1 1
cryptoutil/internal/apps/cipher/im/client/message.go:65.38,66.16 1 1
cryptoutil/internal/apps/cipher/im/client/message.go:66.16,66.41 1 1
cryptoutil/internal/apps/cipher/im/client/message.go:68.3,68.40 1 1
cryptoutil/internal/apps/cipher/im/client/message.go:71.2,72.96 2 1
cryptoutil/internal/apps/cipher/im/client/message.go:72.96,74.3 1 0
cryptoutil/internal/apps/cipher/im/client/message.go:76.2,77.9 2 1
cryptoutil/internal/apps/cipher/im/client/message.go:77.9,79.3 1 1
cryptoutil/internal/apps/cipher/im/client/message.go:81.2,81.22 1 1
cryptoutil/internal/apps/cipher/im/client/message.go:85.88,87.16 2 1
cryptoutil/internal/apps/cipher/im/client/message.go:87.16,89.3 1 0
cryptoutil/internal/apps/cipher/im/client/message.go:91.2,91.15 1 1
cryptoutil/internal/apps/cipher/im/client/message.go:91.15,91.40 1 1
cryptoutil/internal/apps/cipher/im/client/message.go:93.2,93.45 1 1
cryptoutil/internal/apps/cipher/im/client/message.go:93.45,95.3 1 1
cryptoutil/internal/apps/cipher/im/client/message.go:97.2,97.12 1 1
cryptoutil/internal/apps/cipher/im/client/message.go:101.126,103.33 2 1
cryptoutil/internal/apps/cipher/im/client/message.go:103.33,105.3 1 1
cryptoutil/internal/apps/cipher/im/client/message.go:107.2,113.16 3 1
cryptoutil/internal/apps/cipher/im/client/message.go:113.16,115.3 1 0
cryptoutil/internal/apps/cipher/im/client/message.go:117.2,118.16 2 1
cryptoutil/internal/apps/cipher/im/client/message.go:118.16,120.3 1 0
cryptoutil/internal/apps/cipher/im/client/message.go:122.2,122.15 1 1
cryptoutil/internal/apps/cipher/im/client/message.go:122.15,122.40 1 1
cryptoutil/internal/apps/cipher/im/client/message.go:124.2,124.43 1 1
cryptoutil/internal/apps/cipher/im/client/message.go:124.43,126.3 1 1
cryptoutil/internal/apps/cipher/im/client/message.go:128.2,129.96 2 1
cryptoutil/internal/apps/cipher/im/client/message.go:129.96,131.3 1 0
cryptoutil/internal/apps/cipher/im/client/message.go:133.2,134.9 2 1
cryptoutil/internal/apps/cipher/im/client/message.go:134.9,136.3 1 1
cryptoutil/internal/apps/cipher/im/client/message.go:138.2,138.23 1 1
cryptoutil/internal/apps/cipher/im/client/message.go:142.99,144.16 2 1
cryptoutil/internal/apps/cipher/im/client/message.go:144.16,146.3 1 0
cryptoutil/internal/apps/cipher/im/client/message.go:148.2,148.38 1 1
cryptoutil/internal/apps/cipher/im/client/message.go:148.38,149.16 1 1
cryptoutil/internal/apps/cipher/im/client/message.go:149.16,149.41 1 1
cryptoutil/internal/apps/cipher/im/client/message.go:151.3,151.40 1 1
cryptoutil/internal/apps/cipher/im/client/message.go:154.2,155.96 2 1
cryptoutil/internal/apps/cipher/im/client/message.go:155.96,157.3 1 0
cryptoutil/internal/apps/cipher/im/client/message.go:159.2,160.9 2 1
cryptoutil/internal/apps/cipher/im/client/message.go:160.9,162.3 1 1
cryptoutil/internal/apps/cipher/im/client/message.go:164.2,164.22 1 1
cryptoutil/internal/apps/cipher/im/client/message.go:168.88,170.16 2 1
cryptoutil/internal/apps/cipher/im/client/message.go:170.16,172.3 1 0
cryptoutil/internal/apps/cipher/im/client/message.go:174.2,174.15 1 1
cryptoutil/internal/apps/cipher/im/client/message.go:174.15,174.40 1 1
cryptoutil/internal/apps/cipher/im/client/message.go:176.2,176.45 1 1
cryptoutil/internal/apps/cipher/im/client/message.go:176.45,178.3 1 1
cryptoutil/internal/apps/cipher/im/client/message.go:180.2,180.12 1 1
cryptoutil/internal/apps/cipher/im/client/message.go:190.32,192.2 1 1
cryptoutil/internal/apps/cipher/im/client/message.go:195.53,197.70 2 1
cryptoutil/internal/apps/cipher/im/client/message.go:197.70,200.3 1 1
cryptoutil/internal/apps/cipher/im/client/message.go:202.2,202.19 1 1
cryptoutil/internal/apps/cipher/im/server/apis/messages.go:34.19,41.2 1 1
cryptoutil/internal/apps/cipher/im/server/apis/messages.go:69.60,70.34 1 1
cryptoutil/internal/apps/cipher/im/server/apis/messages.go:70.34,72.44 2 1
cryptoutil/internal/apps/cipher/im/server/apis/messages.go:72.44,77.4 1 1
cryptoutil/internal/apps/cipher/im/server/apis/messages.go:80.3,80.32 1 1
cryptoutil/internal/apps/cipher/im/server/apis/messages.go:80.32,85.4 1 1
cryptoutil/internal/apps/cipher/im/server/apis/messages.go:87.3,87.24 1 1
cryptoutil/internal/apps/cipher/im/server/apis/messages.go:87.24,92.4 1 1
cryptoutil/internal/apps/cipher/im/server/apis/messages.go:95.3,96.10 2 1
cryptoutil/internal/apps/cipher/im/server/apis/messages.go:96.10,101.4 1 1
cryptoutil/internal/apps/cipher/im/server/apis/messages.go:104.3,105.17 2 1
cryptoutil/internal/apps/cipher/im/server/apis/messages.go:105.17,110.4 1 0
cryptoutil/internal/apps/cipher/im/server/apis/messages.go:113.3,113.28 1 1
cryptoutil/internal/apps/cipher/im/server/apis/messages.go:113.28,118.4 1 0
cryptoutil/internal/apps/cipher/im/server/apis/messages.go:121.3,124.17 3 1
cryptoutil/internal/apps/cipher/im/server/apis/messages.go:124.17,129.4 1 0
cryptoutil/internal/apps/cipher/im/server/apis/messages.go:132.3,139.68 2 1
cryptoutil/internal/apps/cipher/im/server/apis/messages.go:139.68,144.4 1 0
cryptoutil/internal/apps/cipher/im/server/apis/messages.go:147.3,147.50 1 1
cryptoutil/internal/apps/cipher/im/server/apis/messages.go:147.50,149.18 2 1
cryptoutil/internal/apps/cipher/im/server/apis/messages.go:149.18,154.5 1 1
cryptoutil/internal/apps/cipher/im/server/apis/messages.go:157.4,158.18 2 1
cryptoutil/internal/apps/cipher/im/server/apis/messages.go:158.18,163.5 1 0
cryptoutil/internal/apps/cipher/im/server/apis/messages.go:166.4,173.93 2 1
cryptoutil/internal/apps/cipher/im/server/apis/messages.go:173.93,178.5 1 0
cryptoutil/internal/apps/cipher/im/server/apis/messages.go:181.3,185.5 2 1
cryptoutil/internal/apps/cipher/im/server/apis/messages.go:190.64,191.34 1 1
cryptoutil/internal/apps/cipher/im/server/apis/messages.go:191.34,194.10 2 1
cryptoutil/internal/apps/cipher/im/server/apis/messages.go:194.10,199.4 1 1
cryptoutil/internal/apps/cipher/im/server/apis/messages.go:202.3,203.17 2 1
cryptoutil/internal/apps/cipher/im/server/apis/messages.go:203.17,208.4 1 0
cryptoutil/internal/apps/cipher/im/server/apis/messages.go:211.3,211.32 1 1
cryptoutil/internal/apps/cipher/im/server/apis/messages.go:211.32,212.72 1 1
cryptoutil/internal/apps/cipher/im/server/apis/messages.go:212.72,214.13 1 0
cryptoutil/internal/apps/cipher/im/server/apis/messages.go:219.3,223.32 2 1
cryptoutil/internal/apps/cipher/im/server/apis/messages.go:223.32,226.18 2 1
cryptoutil/internal/apps/cipher/im/server/apis/messages.go:226.18,228.13 1 0
cryptoutil/internal/apps/cipher/im/server/apis/messages.go:232.4,233.18 2 1
cryptoutil/internal/apps/cipher/im/server/apis/messages.go:233.18,235.13 1 1
cryptoutil/internal/apps/cipher/im/server/apis/messages.go:239.4,240.18 2 1
cryptoutil/internal/apps/cipher/im/server/apis/messages.go:240.18,242.13 1 0
cryptoutil/internal/apps/cipher/im/server/apis/messages.go:246.4,249.18 3 1
cryptoutil/internal/apps/cipher/im/server/apis/messages.go:249.18,251.13 1 0
cryptoutil/internal/apps/cipher/im/server/apis/messages.go:254.4,260.6 1 1
cryptoutil/internal/apps/cipher/im/server/apis/messages.go:264.3,264.49 1 1
cryptoutil/internal/apps/cipher/im/server/apis/messages.go:269.62,270.34 1 1
cryptoutil/internal/apps/cipher/im/server/apis/messages.go:270.34,272.25 2 1
cryptoutil/internal/apps/cipher/im/server/apis/messages.go:272.25,277.4 1 0
cryptoutil/internal/apps/cipher/im/server/apis/messages.go:279.3,280.17 2 1
cryptoutil/internal/apps/cipher/im/server/apis/messages.go:280.17,285.4 1 1
cryptoutil/internal/apps/cipher/im/server/apis/messages.go:288.3,289.17 2 1
cryptoutil/internal/apps/cipher/im/server/apis/messages.go:289.17,294.4 1 1
cryptoutil/internal/apps/cipher/im/server/apis/messages.go:297.3,298.10 2 1
cryptoutil/internal/apps/cipher/im/server/apis/messages.go:298.10,303.4 1 0
cryptoutil/internal/apps/cipher/im/server/apis/messages.go:306.3,306.33 1 1
cryptoutil/internal/apps/cipher/im/server/apis/messages.go:306.33,311.4 1 1
cryptoutil/internal/apps/cipher/im/server/apis/messages.go:314.3,314.93 1 1
cryptoutil/internal/apps/cipher/im/server/apis/messages.go:314.93,319.4 1 0
cryptoutil/internal/apps/cipher/im/server/apis/messages.go:322.3,322.70 1 1
cryptoutil/internal/apps/cipher/im/server/apis/messages.go:322.70,327.4 1 0
cryptoutil/internal/apps/cipher/im/server/apis/messages.go:330.3,330.45 1 1
cryptoutil/internal/apps/cipher/im/server/apis/sessions.go:17.128,19.2 1 1
cryptoutil/internal/apps/cipher/im/server/public_server.go:58.26,59.17 1 1
cryptoutil/internal/apps/cipher/im/server/public_server.go:59.17,61.3 1 1
cryptoutil/internal/apps/cipher/im/server/public_server.go:61.8,61.41 1 1
cryptoutil/internal/apps/cipher/im/server/public_server.go:61.41,63.3 1 1
cryptoutil/internal/apps/cipher/im/server/public_server.go:63.8,63.32 1 1
cryptoutil/internal/apps/cipher/im/server/public_server.go:63.32,65.3 1 1
cryptoutil/internal/apps/cipher/im/server/public_server.go:65.8,65.39 1 1
cryptoutil/internal/apps/cipher/im/server/public_server.go:65.39,67.3 1 1
cryptoutil/internal/apps/cipher/im/server/public_server.go:67.8,67.28 1 1
cryptoutil/internal/apps/cipher/im/server/public_server.go:67.28,69.3 1 1
cryptoutil/internal/apps/cipher/im/server/public_server.go:69.8,69.31 1 1
cryptoutil/internal/apps/cipher/im/server/public_server.go:69.31,71.3 1 1
cryptoutil/internal/apps/cipher/im/server/public_server.go:71.8,71.43 1 1
cryptoutil/internal/apps/cipher/im/server/public_server.go:71.43,73.3 1 1
cryptoutil/internal/apps/cipher/im/server/public_server.go:73.8,73.33 1 1
cryptoutil/internal/apps/cipher/im/server/public_server.go:73.33,75.3 1 1
cryptoutil/internal/apps/cipher/im/server/public_server.go:75.8,75.34 1 1
cryptoutil/internal/apps/cipher/im/server/public_server.go:75.34,77.3 1 1
cryptoutil/internal/apps/cipher/im/server/public_server.go:79.2,96.76 3 1
cryptoutil/internal/apps/cipher/im/server/public_server.go:96.76,98.28 1 0
cryptoutil/internal/apps/cipher/im/server/public_server.go:98.28,102.4 1 0
cryptoutil/internal/apps/cipher/im/server/public_server.go:105.3,114.17 4 0
cryptoutil/internal/apps/cipher/im/server/public_server.go:114.17,121.4 2 0
cryptoutil/internal/apps/cipher/im/server/public_server.go:124.3,128.4 2 0
cryptoutil/internal/apps/cipher/im/server/public_server.go:132.2,137.15 3 1
cryptoutil/internal/apps/cipher/im/server/public_server.go:142.47,178.2 20 1
cryptoutil/internal/apps/cipher/im/server/public_server.go:181.47,183.2 1 0
cryptoutil/internal/apps/cipher/im/server/server.go:48.130,49.16 1 1
cryptoutil/internal/apps/cipher/im/server/server.go:49.16,51.3 1 1
cryptoutil/internal/apps/cipher/im/server/server.go:51.8,51.23 1 1
cryptoutil/internal/apps/cipher/im/server/server.go:51.23,53.3 1 1
cryptoutil/internal/apps/cipher/im/server/server.go:56.2,65.10 3 1
cryptoutil/internal/apps/cipher/im/server/server.go:65.10,83.17 5 1
cryptoutil/internal/apps/cipher/im/server/server.go:83.17,85.4 1 0
cryptoutil/internal/apps/cipher/im/server/server.go:88.3,88.55 1 1
cryptoutil/internal/apps/cipher/im/server/server.go:88.55,90.4 1 0
cryptoutil/internal/apps/cipher/im/server/server.go:92.3,92.13 1 1
cryptoutil/internal/apps/cipher/im/server/server.go:96.2,97.16 2 1
cryptoutil/internal/apps/cipher/im/server/server.go:97.16,99.3 1 0
cryptoutil/internal/apps/cipher/im/server/server.go:102.2,122.20 5 1
cryptoutil/internal/apps/cipher/im/server/server.go:127.59,128.41 1 1
cryptoutil/internal/apps/cipher/im/server/server.go:128.41,130.3 1 1
cryptoutil/internal/apps/cipher/im/server/server.go:132.2,132.12 1 0
cryptoutil/internal/apps/cipher/im/server/server.go:136.62,137.44 1 1
cryptoutil/internal/apps/cipher/im/server/server.go:137.44,139.3 1 1
cryptoutil/internal/apps/cipher/im/server/server.go:141.2,141.12 1 1
cryptoutil/internal/apps/cipher/im/server/server.go:145.40,147.2 1 1
cryptoutil/internal/apps/cipher/im/server/server.go:150.81,152.2 1 1
cryptoutil/internal/apps/cipher/im/server/server.go:155.77,157.2 1 1
cryptoutil/internal/apps/cipher/im/server/server.go:160.82,162.2 1 1
cryptoutil/internal/apps/cipher/im/server/server.go:166.43,168.2 1 1
cryptoutil/internal/apps/cipher/im/server/server.go:172.42,174.2 1 1
cryptoutil/internal/apps/cipher/im/server/server.go:177.47,179.2 1 1
cryptoutil/internal/apps/cipher/im/server/server.go:182.49,184.2 1 1
cryptoutil/internal/apps/cipher/im/server/server.go:187.48,189.2 1 1
cryptoutil/internal/apps/cipher/im/server/server.go:193.55,195.2 1 1
cryptoutil/internal/apps/cipher/im/server/server.go:199.54,201.2 1 1
cryptoutil/internal/apps/cipher/im/server/server.go:204.115,206.2 1 1
cryptoutil/internal/apps/cipher/im/server/server.go:209.97,211.2 1 1
cryptoutil/internal/apps/cipher/im/server/server.go:214.124,216.2 1 1
cryptoutil/internal/apps/cipher/im/server/server.go:219.95,221.2 1 1
cryptoutil/internal/apps/cipher/im/server/server.go:224.86,226.2 1 1
cryptoutil/internal/apps/cipher/im/server/server.go:229.92,231.2 1 1
cryptoutil/internal/apps/cipher/im/server/server.go:234.116,236.2 1 1
cryptoutil/internal/apps/cipher/im/server/server.go:240.99,242.2 1 1
cryptoutil/internal/apps/cipher/im/im.go:50.54,52.2 1 0
cryptoutil/internal/apps/cipher/im/im.go:56.62,58.20 1 1
cryptoutil/internal/apps/cipher/im/im.go:58.20,60.3 1 0
cryptoutil/internal/apps/cipher/im/im.go:63.2,63.79 1 1
cryptoutil/internal/apps/cipher/im/im.go:63.79,67.3 2 0
cryptoutil/internal/apps/cipher/im/im.go:70.2,70.17 1 1
cryptoutil/internal/apps/cipher/im/im.go:71.17,74.11 2 1
cryptoutil/internal/apps/cipher/im/im.go:75.16,76.56 1 0
cryptoutil/internal/apps/cipher/im/im.go:77.16,78.51 1 1
cryptoutil/internal/apps/cipher/im/im.go:79.14,80.49 1 1
cryptoutil/internal/apps/cipher/im/im.go:81.16,82.51 1 1
cryptoutil/internal/apps/cipher/im/im.go:83.15,84.50 1 1
cryptoutil/internal/apps/cipher/im/im.go:85.16,86.51 1 1
cryptoutil/internal/apps/cipher/im/im.go:87.18,88.53 1 1
cryptoutil/internal/apps/cipher/im/im.go:89.10,94.11 3 0
cryptoutil/internal/apps/cipher/im/im.go:99.39,103.2 3 1
cryptoutil/internal/apps/cipher/im/im.go:106.37,108.2 1 0
cryptoutil/internal/apps/cipher/im/im.go:111.72,112.98 1 0
cryptoutil/internal/apps/cipher/im/im.go:112.98,116.3 2 0
cryptoutil/internal/apps/cipher/im/im.go:118.2,132.16 4 0
cryptoutil/internal/apps/cipher/im/im.go:132.16,136.3 2 0
cryptoutil/internal/apps/cipher/im/im.go:138.2,139.16 2 0
cryptoutil/internal/apps/cipher/im/im.go:139.16,143.3 2 0
cryptoutil/internal/apps/cipher/im/im.go:147.2,152.12 3 0
cryptoutil/internal/apps/cipher/im/im.go:152.12,158.3 4 0
cryptoutil/internal/apps/cipher/im/im.go:161.2,164.9 3 0
cryptoutil/internal/apps/cipher/im/im.go:165.24,166.17 1 0
cryptoutil/internal/apps/cipher/im/im.go:166.17,170.4 2 0
cryptoutil/internal/apps/cipher/im/im.go:171.24,172.81 1 0
cryptoutil/internal/apps/cipher/im/im.go:175.2,177.10 2 0
cryptoutil/internal/apps/cipher/im/im.go:182.62,183.98 1 1
cryptoutil/internal/apps/cipher/im/im.go:183.98,187.3 2 1
cryptoutil/internal/apps/cipher/im/im.go:189.2,192.10 3 1
cryptoutil/internal/apps/cipher/im/im.go:197.60,198.98 1 1
cryptoutil/internal/apps/cipher/im/im.go:198.98,202.3 2 1
cryptoutil/internal/apps/cipher/im/im.go:204.2,207.10 3 1
cryptoutil/internal/apps/cipher/im/im.go:212.67,213.98 1 1
cryptoutil/internal/apps/cipher/im/im.go:213.98,217.3 2 1
cryptoutil/internal/apps/cipher/im/im.go:220.2,223.33 3 1
cryptoutil/internal/apps/cipher/im/im.go:223.33,224.18 1 1
cryptoutil/internal/apps/cipher/im/im.go:225.16,226.50 1 1
cryptoutil/internal/apps/cipher/im/im.go:226.50,228.47 2 1
cryptoutil/internal/apps/cipher/im/im.go:228.47,230.6 1 1
cryptoutil/internal/apps/cipher/im/im.go:230.11,232.6 1 1
cryptoutil/internal/apps/cipher/im/im.go:234.5,234.8 1 1
cryptoutil/internal/apps/cipher/im/im.go:236.19,237.43 1 0
cryptoutil/internal/apps/cipher/im/im.go:237.43,240.5 2 0
cryptoutil/internal/apps/cipher/im/im.go:245.2,246.16 2 1
cryptoutil/internal/apps/cipher/im/im.go:246.16,250.3 2 1
cryptoutil/internal/apps/cipher/im/im.go:253.2,253.33 1 1
cryptoutil/internal/apps/cipher/im/im.go:253.33,256.17 2 1
cryptoutil/internal/apps/cipher/im/im.go:256.17,258.4 1 1
cryptoutil/internal/apps/cipher/im/im.go:260.3,260.11 1 1
cryptoutil/internal/apps/cipher/im/im.go:263.2,265.16 2 1
cryptoutil/internal/apps/cipher/im/im.go:265.16,267.3 1 1
cryptoutil/internal/apps/cipher/im/im.go:269.2,269.10 1 1
cryptoutil/internal/apps/cipher/im/im.go:274.66,275.98 1 1
cryptoutil/internal/apps/cipher/im/im.go:275.98,279.3 2 1
cryptoutil/internal/apps/cipher/im/im.go:282.2,286.33 3 1
cryptoutil/internal/apps/cipher/im/im.go:286.33,287.18 1 1
cryptoutil/internal/apps/cipher/im/im.go:288.16,289.49 1 1
cryptoutil/internal/apps/cipher/im/im.go:289.49,293.47 3 1
cryptoutil/internal/apps/cipher/im/im.go:293.47,295.6 1 1
cryptoutil/internal/apps/cipher/im/im.go:295.11,297.6 1 1
cryptoutil/internal/apps/cipher/im/im.go:299.5,299.8 1 1
cryptoutil/internal/apps/cipher/im/im.go:301.19,302.43 1 0
cryptoutil/internal/apps/cipher/im/im.go:302.43,305.5 2 0
cryptoutil/internal/apps/cipher/im/im.go:310.2,311.16 2 1
cryptoutil/internal/apps/cipher/im/im.go:311.16,315.3 2 1
cryptoutil/internal/apps/cipher/im/im.go:318.2,318.33 1 1
cryptoutil/internal/apps/cipher/im/im.go:318.33,321.17 2 1
cryptoutil/internal/apps/cipher/im/im.go:321.17,323.4 1 1
cryptoutil/internal/apps/cipher/im/im.go:325.3,325.11 1 1
cryptoutil/internal/apps/cipher/im/im.go:328.2,330.16 2 1
cryptoutil/internal/apps/cipher/im/im.go:330.16,332.3 1 1
cryptoutil/internal/apps/cipher/im/im.go:334.2,334.10 1 1
cryptoutil/internal/apps/cipher/im/im.go:339.67,340.98 1 1
cryptoutil/internal/apps/cipher/im/im.go:340.98,344.3 2 1
cryptoutil/internal/apps/cipher/im/im.go:347.2,351.33 3 1
cryptoutil/internal/apps/cipher/im/im.go:351.33,352.18 1 1
cryptoutil/internal/apps/cipher/im/im.go:353.16,354.50 1 1
cryptoutil/internal/apps/cipher/im/im.go:354.50,358.48 3 1
cryptoutil/internal/apps/cipher/im/im.go:358.48,360.6 1 1
cryptoutil/internal/apps/cipher/im/im.go:360.11,362.6 1 1
cryptoutil/internal/apps/cipher/im/im.go:364.5,364.8 1 1
cryptoutil/internal/apps/cipher/im/im.go:366.19,367.43 1 0
cryptoutil/internal/apps/cipher/im/im.go:367.43,370.5 2 0
cryptoutil/internal/apps/cipher/im/im.go:375.2,376.16 2 1
cryptoutil/internal/apps/cipher/im/im.go:376.16,380.3 2 1
cryptoutil/internal/apps/cipher/im/im.go:383.2,383.33 1 1
cryptoutil/internal/apps/cipher/im/im.go:383.33,386.17 2 1
cryptoutil/internal/apps/cipher/im/im.go:386.17,388.4 1 1
cryptoutil/internal/apps/cipher/im/im.go:390.3,390.11 1 1
cryptoutil/internal/apps/cipher/im/im.go:393.2,395.16 2 1
cryptoutil/internal/apps/cipher/im/im.go:395.16,397.3 1 1
cryptoutil/internal/apps/cipher/im/im.go:399.2,399.10 1 1
cryptoutil/internal/apps/cipher/im/im.go:404.69,405.98 1 1
cryptoutil/internal/apps/cipher/im/im.go:405.98,409.3 2 1
cryptoutil/internal/apps/cipher/im/im.go:412.2,416.33 3 1
cryptoutil/internal/apps/cipher/im/im.go:416.33,417.18 1 1
cryptoutil/internal/apps/cipher/im/im.go:418.16,419.52 1 1
cryptoutil/internal/apps/cipher/im/im.go:419.52,423.50 3 1
cryptoutil/internal/apps/cipher/im/im.go:423.50,425.6 1 1
cryptoutil/internal/apps/cipher/im/im.go:425.11,427.6 1 1
cryptoutil/internal/apps/cipher/im/im.go:429.5,429.8 1 1
cryptoutil/internal/apps/cipher/im/im.go:431.19,432.43 1 0
cryptoutil/internal/apps/cipher/im/im.go:432.43,435.5 2 0
cryptoutil/internal/apps/cipher/im/im.go:440.2,441.16 2 1
cryptoutil/internal/apps/cipher/im/im.go:441.16,445.3 2 1
cryptoutil/internal/apps/cipher/im/im.go:448.2,448.70 1 1
cryptoutil/internal/apps/cipher/im/im.go:448.70,451.17 2 1
cryptoutil/internal/apps/cipher/im/im.go:451.17,453.4 1 1
cryptoutil/internal/apps/cipher/im/im.go:455.3,455.11 1 1
cryptoutil/internal/apps/cipher/im/im.go:458.2,460.16 2 1
cryptoutil/internal/apps/cipher/im/im.go:460.16,462.3 1 1
cryptoutil/internal/apps/cipher/im/im.go:464.2,464.10 1 1
cryptoutil/internal/apps/cipher/im/im.go:468.64,469.22 1 1
cryptoutil/internal/apps/cipher/im/im.go:469.22,471.3 1 1
cryptoutil/internal/apps/cipher/im/im.go:474.2,475.16 2 0
cryptoutil/internal/apps/cipher/im/im.go:475.16,477.3 1 0
cryptoutil/internal/apps/cipher/im/im.go:480.2,483.6 2 0
cryptoutil/internal/apps/cipher/im/im.go:483.6,485.19 2 0
cryptoutil/internal/apps/cipher/im/im.go:485.19,486.9 1 0
cryptoutil/internal/apps/cipher/im/im.go:489.3,489.34 1 0
cryptoutil/internal/apps/cipher/im/im.go:489.34,491.18 2 0
cryptoutil/internal/apps/cipher/im/im.go:491.18,493.5 1 0
cryptoutil/internal/apps/cipher/im/im.go:495.4,495.28 1 0
cryptoutil/internal/apps/cipher/im/im.go:498.3,498.19 1 0
cryptoutil/internal/apps/cipher/im/im.go:501.2,501.37 1 0
cryptoutil/internal/apps/cipher/im/im.go:501.37,503.3 1 0
cryptoutil/internal/apps/cipher/im/im.go:505.2,505.24 1 0
cryptoutil/internal/apps/cipher/im/im.go:510.59,513.16 2 1
cryptoutil/internal/apps/cipher/im/im.go:513.16,515.3 1 0
cryptoutil/internal/apps/cipher/im/im.go:518.2,529.16 3 1
cryptoutil/internal/apps/cipher/im/im.go:529.16,531.3 1 1
cryptoutil/internal/apps/cipher/im/im.go:533.2,534.16 2 1
cryptoutil/internal/apps/cipher/im/im.go:534.16,536.3 1 1
cryptoutil/internal/apps/cipher/im/im.go:538.2,538.15 1 1
cryptoutil/internal/apps/cipher/im/im.go:538.15,539.53 1 1
cryptoutil/internal/apps/cipher/im/im.go:539.53,541.4 1 0
cryptoutil/internal/apps/cipher/im/im.go:544.2,545.16 2 1
cryptoutil/internal/apps/cipher/im/im.go:545.16,547.3 1 0
cryptoutil/internal/apps/cipher/im/im.go:549.2,549.43 1 1
cryptoutil/internal/apps/cipher/im/im.go:554.60,557.16 2 1
cryptoutil/internal/apps/cipher/im/im.go:557.16,559.3 1 0
cryptoutil/internal/apps/cipher/im/im.go:562.2,573.16 3 1
cryptoutil/internal/apps/cipher/im/im.go:573.16,575.3 1 1
cryptoutil/internal/apps/cipher/im/im.go:577.2,580.16 3 1
cryptoutil/internal/apps/cipher/im/im.go:580.16,582.3 1 1
cryptoutil/internal/apps/cipher/im/im.go:584.2,584.15 1 1
cryptoutil/internal/apps/cipher/im/im.go:584.15,585.53 1 1
cryptoutil/internal/apps/cipher/im/im.go:585.53,587.4 1 0
cryptoutil/internal/apps/cipher/im/im.go:590.2,591.16 2 1
cryptoutil/internal/apps/cipher/im/im.go:591.16,593.3 1 0
cryptoutil/internal/apps/cipher/im/im.go:595.2,595.43 1 1
cryptoutil/internal/apps/cipher/cipher.go:33.32,35.2 1 1
cryptoutil/internal/apps/cipher/cipher.go:37.66,38.20 1 1
cryptoutil/internal/apps/cipher/cipher.go:38.20,42.3 2 1
cryptoutil/internal/apps/cipher/cipher.go:45.2,45.79 1 1
cryptoutil/internal/apps/cipher/cipher.go:45.79,49.3 2 1
cryptoutil/internal/apps/cipher/cipher.go:52.2,52.88 1 1
cryptoutil/internal/apps/cipher/cipher.go:52.88,56.3 2 1
cryptoutil/internal/apps/cipher/cipher.go:59.2,59.17 1 1
cryptoutil/internal/apps/cipher/cipher.go:60.12,61.61 1 1
cryptoutil/internal/apps/cipher/cipher.go:62.10,66.11 3 1
cryptoutil/internal/apps/cipher/cipher.go:71.35,79.2 1 1
cryptoutil/internal/apps/cipher/cipher.go:82.37,85.2 1 1
cryptoutil/internal/apps/cipher/im/testing/testmain_helper.go:63.81,78.16 5 0
cryptoutil/internal/apps/cipher/im/testing/testmain_helper.go:78.16,80.3 1 0
cryptoutil/internal/apps/cipher/im/testing/testmain_helper.go:83.2,90.16 4 0
cryptoutil/internal/apps/cipher/im/testing/testmain_helper.go:90.16,92.3 1 0
cryptoutil/internal/apps/cipher/im/testing/testmain_helper.go:95.2,103.12 6 0
cryptoutil/internal/apps/cipher/im/testing/testmain_helper.go:103.12,104.71 1 0
cryptoutil/internal/apps/cipher/im/testing/testmain_helper.go:104.71,106.4 1 0
cryptoutil/internal/apps/cipher/im/testing/testmain_helper.go:110.2,120.39 3 0
cryptoutil/internal/apps/cipher/im/testing/testmain_helper.go:120.39,125.38 3 0
cryptoutil/internal/apps/cipher/im/testing/testmain_helper.go:125.38,126.9 1 0
cryptoutil/internal/apps/cipher/im/testing/testmain_helper.go:129.3,129.10 1 0
cryptoutil/internal/apps/cipher/im/testing/testmain_helper.go:130.25,135.57 4 0
cryptoutil/internal/apps/cipher/im/testing/testmain_helper.go:136.35,136.35 0 0
cryptoutil/internal/apps/cipher/im/testing/testmain_helper.go:140.2,140.21 1 0
cryptoutil/internal/apps/cipher/im/testing/testmain_helper.go:140.21,147.3 5 0
cryptoutil/internal/apps/cipher/im/testing/testmain_helper.go:149.2,149.20 1 0
cryptoutil/internal/apps/cipher/im/testing/testmain_helper.go:149.20,156.3 5 0
cryptoutil/internal/apps/cipher/im/testing/testmain_helper.go:158.2,172.49 4 0
cryptoutil/internal/apps/cipher/im/testing/testmain_helper.go:172.49,177.3 4 0
cryptoutil/internal/apps/cipher/im/testing/testmain_helper.go:179.2,179.23 1 0
cryptoutil/internal/apps/cipher/im/testing/testmain_helper.go:193.155,197.16 3 0
cryptoutil/internal/apps/cipher/im/testing/testmain_helper.go:197.16,198.57 1 0
cryptoutil/internal/apps/cipher/im/testing/testmain_helper.go:202.2,204.12 2 0
cryptoutil/internal/apps/cipher/im/testing/testmain_helper.go:204.12,205.61 1 0
cryptoutil/internal/apps/cipher/im/testing/testmain_helper.go:205.61,207.4 1 0
cryptoutil/internal/apps/cipher/im/testing/testmain_helper.go:211.2,221.39 3 0
cryptoutil/internal/apps/cipher/im/testing/testmain_helper.go:221.39,226.38 3 0
cryptoutil/internal/apps/cipher/im/testing/testmain_helper.go:226.38,227.9 1 0
cryptoutil/internal/apps/cipher/im/testing/testmain_helper.go:230.3,230.10 1 0
cryptoutil/internal/apps/cipher/im/testing/testmain_helper.go:231.25,232.53 1 0
cryptoutil/internal/apps/cipher/im/testing/testmain_helper.go:233.35,233.35 0 0
cryptoutil/internal/apps/cipher/im/testing/testmain_helper.go:237.2,237.21 1 0
cryptoutil/internal/apps/cipher/im/testing/testmain_helper.go:237.21,238.46 1 0
cryptoutil/internal/apps/cipher/im/testing/testmain_helper.go:241.2,241.20 1 0
cryptoutil/internal/apps/cipher/im/testing/testmain_helper.go:241.20,242.45 1 0
cryptoutil/internal/apps/cipher/im/testing/testmain_helper.go:245.2,245.23 1 0
