mode: set
cryptoutil/internal/apps/template/service/server/repository/migrations.go:66.90,71.2 1 1
cryptoutil/internal/apps/template/service/server/repository/migrations.go:83.72,85.16 2 1
cryptoutil/internal/apps/template/service/server/repository/migrations.go:85.16,87.3 1 1
cryptoutil/internal/apps/template/service/server/repository/migrations.go:89.2,91.16 2 1
cryptoutil/internal/apps/template/service/server/repository/migrations.go:92.26,94.17 2 1
cryptoutil/internal/apps/template/service/server/repository/migrations.go:94.17,96.4 1 0
cryptoutil/internal/apps/template/service/server/repository/migrations.go:97.30,99.17 2 0
cryptoutil/internal/apps/template/service/server/repository/migrations.go:99.17,101.4 1 0
cryptoutil/internal/apps/template/service/server/repository/migrations.go:102.10,103.61 1 1
cryptoutil/internal/apps/template/service/server/repository/migrations.go:106.2,107.16 2 1
cryptoutil/internal/apps/template/service/server/repository/migrations.go:107.16,109.3 1 0
cryptoutil/internal/apps/template/service/server/repository/migrations.go:111.2,111.71 1 1
cryptoutil/internal/apps/template/service/server/repository/migrations.go:111.71,113.3 1 0
cryptoutil/internal/apps/template/service/server/repository/migrations.go:115.2,115.12 1 1
cryptoutil/internal/apps/template/service/server/repository/migrations.go:128.109,131.22 2 0
cryptoutil/internal/apps/template/service/server/repository/migrations.go:132.27,133.30 1 0
cryptoutil/internal/apps/template/service/server/repository/migrations.go:134.32,135.34 1 0
cryptoutil/internal/apps/template/service/server/repository/migrations.go:136.10,137.67 1 0
cryptoutil/internal/apps/template/service/server/repository/migrations.go:140.2,142.33 2 0
cryptoutil/internal/apps/template/service/server/repository/migrations_db.go:17.100,19.16 2 1
cryptoutil/internal/apps/template/service/server/repository/migrations_db.go:19.16,21.3 1 0
cryptoutil/internal/apps/template/service/server/repository/migrations_db.go:24.2,24.47 1 1
cryptoutil/internal/apps/template/service/server/repository/migrations_db.go:24.47,26.3 1 1
cryptoutil/internal/apps/template/service/server/repository/migrations_db.go:29.2,36.16 3 0
cryptoutil/internal/apps/template/service/server/repository/migrations_db.go:36.16,38.3 1 0
cryptoutil/internal/apps/template/service/server/repository/migrations_db.go:41.2,42.16 2 0
cryptoutil/internal/apps/template/service/server/repository/migrations_db.go:42.16,44.3 1 0
cryptoutil/internal/apps/template/service/server/repository/migrations_db.go:46.2,51.85 4 0
cryptoutil/internal/apps/template/service/server/repository/migrations_db.go:51.85,53.3 1 0
cryptoutil/internal/apps/template/service/server/repository/migrations_db.go:55.2,55.16 1 0
cryptoutil/internal/apps/template/service/server/repository/migrations_db.go:59.96,62.16 2 1
cryptoutil/internal/apps/template/service/server/repository/migrations_db.go:62.16,64.3 1 0
cryptoutil/internal/apps/template/service/server/repository/migrations_db.go:67.2,67.78 1 1
cryptoutil/internal/apps/template/service/server/repository/migrations_db.go:67.78,69.3 1 1
cryptoutil/internal/apps/template/service/server/repository/migrations_db.go:72.2,72.82 1 1
cryptoutil/internal/apps/template/service/server/repository/migrations_db.go:72.82,74.3 1 0
cryptoutil/internal/apps/template/service/server/repository/migrations_db.go:77.2,82.16 3 1
cryptoutil/internal/apps/template/service/server/repository/migrations_db.go:82.16,84.3 1 0
cryptoutil/internal/apps/template/service/server/repository/migrations_db.go:87.2,88.16 2 1
cryptoutil/internal/apps/template/service/server/repository/migrations_db.go:88.16,90.3 1 0
cryptoutil/internal/apps/template/service/server/repository/migrations_db.go:92.2,97.81 4 1
cryptoutil/internal/apps/template/service/server/repository/migrations_db.go:97.81,99.3 1 1
cryptoutil/internal/apps/template/service/server/repository/migrations_db.go:101.2,101.16 1 0
cryptoutil/internal/apps/template/service/server/repository/migrations_db.go:105.81,110.2 2 1
cryptoutil/internal/apps/template/service/server/repository/role_repository.go:30.52,32.2 1 1
cryptoutil/internal/apps/template/service/server/repository/role_repository.go:35.76,37.2 1 1
cryptoutil/internal/apps/template/service/server/repository/role_repository.go:40.94,43.85 2 1
cryptoutil/internal/apps/template/service/server/repository/role_repository.go:43.85,45.3 1 1
cryptoutil/internal/apps/template/service/server/repository/role_repository.go:47.2,47.19 1 1
cryptoutil/internal/apps/template/service/server/repository/role_repository.go:51.115,54.117 2 1
cryptoutil/internal/apps/template/service/server/repository/role_repository.go:54.117,56.3 1 1
cryptoutil/internal/apps/template/service/server/repository/role_repository.go:58.2,58.19 1 1
cryptoutil/internal/apps/template/service/server/repository/role_repository.go:62.107,65.116 2 1
cryptoutil/internal/apps/template/service/server/repository/role_repository.go:65.116,67.3 1 0
cryptoutil/internal/apps/template/service/server/repository/role_repository.go:69.2,69.19 1 1
cryptoutil/internal/apps/template/service/server/repository/role_repository.go:73.84,75.2 1 1
cryptoutil/internal/apps/template/service/server/repository/role_repository.go:91.60,93.2 1 1
cryptoutil/internal/apps/template/service/server/repository/role_repository.go:96.88,98.2 1 1
cryptoutil/internal/apps/template/service/server/repository/role_repository.go:101.100,103.2 1 1
cryptoutil/internal/apps/template/service/server/repository/role_repository.go:106.112,113.34 2 1
cryptoutil/internal/apps/template/service/server/repository/role_repository.go:113.34,115.3 1 0
cryptoutil/internal/apps/template/service/server/repository/role_repository.go:117.2,117.19 1 1
cryptoutil/internal/apps/template/service/server/repository/role_repository.go:121.112,128.34 2 1
cryptoutil/internal/apps/template/service/server/repository/role_repository.go:128.34,130.3 1 0
cryptoutil/internal/apps/template/service/server/repository/role_repository.go:132.2,132.19 1 1
cryptoutil/internal/apps/template/service/server/repository/role_repository.go:149.64,151.2 1 1
cryptoutil/internal/apps/template/service/server/repository/role_repository.go:154.94,156.2 1 1
cryptoutil/internal/apps/template/service/server/repository/role_repository.go:159.104,161.2 1 1
cryptoutil/internal/apps/template/service/server/repository/role_repository.go:164.118,171.34 2 1
cryptoutil/internal/apps/template/service/server/repository/role_repository.go:171.34,173.3 1 0
cryptoutil/internal/apps/template/service/server/repository/role_repository.go:175.2,175.19 1 1
cryptoutil/internal/apps/template/service/server/repository/role_repository.go:179.118,186.36 2 1
cryptoutil/internal/apps/template/service/server/repository/role_repository.go:186.36,188.3 1 0
cryptoutil/internal/apps/template/service/server/repository/role_repository.go:190.2,190.21 1 1
cryptoutil/internal/apps/template/service/server/repository/role_repository.go:209.66,211.2 1 1
cryptoutil/internal/apps/template/service/server/repository/role_repository.go:214.91,216.2 1 1
cryptoutil/internal/apps/template/service/server/repository/role_repository.go:219.108,222.86 2 1
cryptoutil/internal/apps/template/service/server/repository/role_repository.go:222.86,224.3 1 1
cryptoutil/internal/apps/template/service/server/repository/role_repository.go:226.2,226.20 1 1
cryptoutil/internal/apps/template/service/server/repository/role_repository.go:230.128,233.125 2 1
cryptoutil/internal/apps/template/service/server/repository/role_repository.go:233.125,235.3 1 1
cryptoutil/internal/apps/template/service/server/repository/role_repository.go:237.2,237.20 1 1
cryptoutil/internal/apps/template/service/server/repository/role_repository.go:241.138,246.16 3 1
cryptoutil/internal/apps/template/service/server/repository/role_repository.go:246.16,248.3 1 1
cryptoutil/internal/apps/template/service/server/repository/role_repository.go:250.2,250.75 1 1
cryptoutil/internal/apps/template/service/server/repository/role_repository.go:250.75,252.3 1 0
cryptoutil/internal/apps/template/service/server/repository/role_repository.go:254.2,254.20 1 1
cryptoutil/internal/apps/template/service/server/repository/role_repository.go:258.91,262.2 2 1
cryptoutil/internal/apps/template/service/server/repository/role_repository.go:265.91,267.2 1 1
cryptoutil/internal/apps/template/service/server/repository/session_domain.go:45.45,47.2 1 1
cryptoutil/internal/apps/template/service/server/repository/session_domain.go:50.45,52.2 1 1
cryptoutil/internal/apps/template/service/server/repository/session_domain.go:86.42,88.2 1 1
cryptoutil/internal/apps/template/service/server/repository/session_domain.go:91.42,93.2 1 1
cryptoutil/internal/apps/template/service/server/repository/session_domain.go:96.36,98.2 1 1
cryptoutil/internal/apps/template/service/server/repository/session_domain.go:101.40,104.2 2 1
cryptoutil/internal/apps/template/service/server/repository/tenant_domain.go:25.34,27.2 1 1
cryptoutil/internal/apps/template/service/server/repository/tenant_domain.go:30.34,32.2 1 1
cryptoutil/internal/apps/template/service/server/repository/tenant_domain.go:35.41,36.12 1 1
cryptoutil/internal/apps/template/service/server/repository/tenant_domain.go:36.12,38.3 1 1
cryptoutil/internal/apps/template/service/server/repository/tenant_domain.go:38.8,40.3 1 1
cryptoutil/internal/apps/template/service/server/repository/tenant_domain.go:60.32,62.2 1 1
cryptoutil/internal/apps/template/service/server/repository/tenant_domain.go:65.40,67.2 1 1
cryptoutil/internal/apps/template/service/server/repository/tenant_domain.go:70.37,72.2 1 1
cryptoutil/internal/apps/template/service/server/repository/tenant_domain.go:75.41,77.2 1 1
cryptoutil/internal/apps/template/service/server/repository/tenant_domain.go:80.42,82.2 1 1
cryptoutil/internal/apps/template/service/server/repository/tenant_domain.go:85.45,87.2 1 1
cryptoutil/internal/apps/template/service/server/repository/tenant_domain.go:90.45,92.2 1 1
cryptoutil/internal/apps/template/service/server/repository/tenant_domain.go:95.46,97.2 1 1
cryptoutil/internal/apps/template/service/server/repository/tenant_domain.go:100.32,102.2 1 1
cryptoutil/internal/apps/template/service/server/repository/tenant_domain.go:105.39,106.12 1 1
cryptoutil/internal/apps/template/service/server/repository/tenant_domain.go:106.12,108.3 1 1
cryptoutil/internal/apps/template/service/server/repository/tenant_domain.go:108.8,110.3 1 1
cryptoutil/internal/apps/template/service/server/repository/tenant_domain.go:129.34,131.2 1 1
cryptoutil/internal/apps/template/service/server/repository/tenant_domain.go:134.34,136.2 1 1
cryptoutil/internal/apps/template/service/server/repository/tenant_domain.go:139.41,140.12 1 1
cryptoutil/internal/apps/template/service/server/repository/tenant_domain.go:140.12,142.3 1 1
cryptoutil/internal/apps/template/service/server/repository/tenant_domain.go:142.8,144.3 1 1
cryptoutil/internal/apps/template/service/server/repository/tenant_domain.go:163.42,165.2 1 1
cryptoutil/internal/apps/template/service/server/repository/tenant_domain.go:168.43,170.2 1 1
cryptoutil/internal/apps/template/service/server/repository/tenant_domain.go:188.44,190.2 1 1
cryptoutil/internal/apps/template/service/server/repository/tenant_domain.go:193.45,195.2 1 1
cryptoutil/internal/apps/template/service/server/repository/tenant_domain.go:210.32,212.2 1 1
cryptoutil/internal/apps/template/service/server/repository/tenant_domain.go:228.36,230.2 1 1
cryptoutil/internal/apps/template/service/server/repository/tenant_domain.go:246.38,248.2 1 1
cryptoutil/internal/apps/template/service/server/repository/tenant_domain.go:268.39,270.2 1 1
cryptoutil/internal/apps/template/service/server/repository/tenant_join_request_repository_impl.go:23.78,25.2 1 1
cryptoutil/internal/apps/template/service/server/repository/tenant_join_request_repository_impl.go:27.126,28.80 1 1
cryptoutil/internal/apps/template/service/server/repository/tenant_join_request_repository_impl.go:28.80,30.3 1 1
cryptoutil/internal/apps/template/service/server/repository/tenant_join_request_repository_impl.go:32.2,32.12 1 1
cryptoutil/internal/apps/template/service/server/repository/tenant_join_request_repository_impl.go:35.126,36.78 1 1
cryptoutil/internal/apps/template/service/server/repository/tenant_join_request_repository_impl.go:36.78,38.3 1 0
cryptoutil/internal/apps/template/service/server/repository/tenant_join_request_repository_impl.go:40.2,40.12 1 1
cryptoutil/internal/apps/template/service/server/repository/tenant_join_request_repository_impl.go:43.141,46.109 2 1
cryptoutil/internal/apps/template/service/server/repository/tenant_join_request_repository_impl.go:46.109,47.45 1 1
cryptoutil/internal/apps/template/service/server/repository/tenant_join_request_repository_impl.go:47.45,49.4 1 1
cryptoutil/internal/apps/template/service/server/repository/tenant_join_request_repository_impl.go:51.3,51.64 1 0
cryptoutil/internal/apps/template/service/server/repository/tenant_join_request_repository_impl.go:54.2,54.22 1 1
cryptoutil/internal/apps/template/service/server/repository/tenant_join_request_repository_impl.go:57.154,63.37 2 1
cryptoutil/internal/apps/template/service/server/repository/tenant_join_request_repository_impl.go:63.37,65.3 1 0
cryptoutil/internal/apps/template/service/server/repository/tenant_join_request_repository_impl.go:67.2,67.22 1 1
cryptoutil/internal/apps/template/service/server/repository/tenant_join_request_repository_impl.go:70.143,76.37 2 1
cryptoutil/internal/apps/template/service/server/repository/tenant_join_request_repository_impl.go:76.37,78.3 1 0
cryptoutil/internal/apps/template/service/server/repository/tenant_join_request_repository_impl.go:80.2,80.22 1 1
cryptoutil/internal/apps/template/service/server/repository/tenant_join_request_repository_impl.go:83.178,89.37 2 1
cryptoutil/internal/apps/template/service/server/repository/tenant_join_request_repository_impl.go:89.37,91.3 1 0
cryptoutil/internal/apps/template/service/server/repository/tenant_join_request_repository_impl.go:93.2,93.22 1 1
cryptoutil/internal/apps/template/service/server/repository/tenant_repository.go:44.56,46.2 1 1
cryptoutil/internal/apps/template/service/server/repository/tenant_repository.go:49.82,50.67 1 1
cryptoutil/internal/apps/template/service/server/repository/tenant_repository.go:50.67,52.3 1 1
cryptoutil/internal/apps/template/service/server/repository/tenant_repository.go:54.2,54.12 1 1
cryptoutil/internal/apps/template/service/server/repository/tenant_repository.go:58.98,61.87 2 1
cryptoutil/internal/apps/template/service/server/repository/tenant_repository.go:61.87,63.3 1 1
cryptoutil/internal/apps/template/service/server/repository/tenant_repository.go:65.2,65.21 1 1
cryptoutil/internal/apps/template/service/server/repository/tenant_repository.go:69.93,72.91 2 1
cryptoutil/internal/apps/template/service/server/repository/tenant_repository.go:72.91,74.3 1 1
cryptoutil/internal/apps/template/service/server/repository/tenant_repository.go:76.2,76.21 1 1
cryptoutil/internal/apps/template/service/server/repository/tenant_repository.go:80.94,85.16 3 1
cryptoutil/internal/apps/template/service/server/repository/tenant_repository.go:85.16,87.3 1 1
cryptoutil/internal/apps/template/service/server/repository/tenant_repository.go:89.2,89.76 1 1
cryptoutil/internal/apps/template/service/server/repository/tenant_repository.go:89.76,91.3 1 0
cryptoutil/internal/apps/template/service/server/repository/tenant_repository.go:93.2,93.21 1 1
cryptoutil/internal/apps/template/service/server/repository/tenant_repository.go:97.82,100.65 2 1
cryptoutil/internal/apps/template/service/server/repository/tenant_repository.go:100.65,102.3 1 0
cryptoutil/internal/apps/template/service/server/repository/tenant_repository.go:104.2,104.12 1 1
cryptoutil/internal/apps/template/service/server/repository/tenant_repository.go:109.86,112.16 2 1
cryptoutil/internal/apps/template/service/server/repository/tenant_repository.go:112.16,114.3 1 0
cryptoutil/internal/apps/template/service/server/repository/tenant_repository.go:116.2,116.30 1 1
cryptoutil/internal/apps/template/service/server/repository/tenant_repository.go:116.30,120.3 2 1
cryptoutil/internal/apps/template/service/server/repository/tenant_repository.go:122.2,122.84 1 1
cryptoutil/internal/apps/template/service/server/repository/tenant_repository.go:122.84,124.3 1 0
cryptoutil/internal/apps/template/service/server/repository/tenant_repository.go:126.2,126.12 1 1
cryptoutil/internal/apps/template/service/server/repository/tenant_repository.go:130.140,131.114 1 1
cryptoutil/internal/apps/template/service/server/repository/tenant_repository.go:131.114,133.3 1 0
cryptoutil/internal/apps/template/service/server/repository/tenant_repository.go:135.2,135.118 1 1
cryptoutil/internal/apps/template/service/server/repository/tenant_repository.go:135.118,137.3 1 0
cryptoutil/internal/apps/template/service/server/repository/tenant_repository.go:139.2,139.28 1 1
cryptoutil/internal/apps/template/service/server/repository/tenant_repository.go:143.32,144.16 1 1
cryptoutil/internal/apps/template/service/server/repository/tenant_repository.go:144.16,146.3 1 1
cryptoutil/internal/apps/template/service/server/repository/tenant_repository.go:148.2,148.44 1 1
cryptoutil/internal/apps/template/service/server/repository/tenant_repository.go:148.44,152.3 2 1
cryptoutil/internal/apps/template/service/server/repository/tenant_repository.go:154.2,154.43 1 1
cryptoutil/internal/apps/template/service/server/repository/tenant_repository.go:154.43,158.3 2 1
cryptoutil/internal/apps/template/service/server/repository/tenant_repository.go:161.2,162.89 2 1
cryptoutil/internal/apps/template/service/server/repository/tenant_repository.go:162.89,166.3 2 1
cryptoutil/internal/apps/template/service/server/repository/tenant_repository.go:168.2,170.70 2 1
cryptoutil/internal/apps/template/service/server/repository/transaction.go:36.72,38.2 1 1
cryptoutil/internal/apps/template/service/server/repository/transaction.go:54.59,55.62 1 1
cryptoutil/internal/apps/template/service/server/repository/transaction.go:55.62,57.3 1 1
cryptoutil/internal/apps/template/service/server/repository/transaction.go:59.2,59.15 1 1
cryptoutil/internal/apps/template/service/server/repository/user_repository.go:32.52,34.2 1 1
cryptoutil/internal/apps/template/service/server/repository/user_repository.go:37.76,39.2 1 1
cryptoutil/internal/apps/template/service/server/repository/user_repository.go:42.94,45.85 2 1
cryptoutil/internal/apps/template/service/server/repository/user_repository.go:45.85,47.3 1 1
cryptoutil/internal/apps/template/service/server/repository/user_repository.go:49.2,49.19 1 1
cryptoutil/internal/apps/template/service/server/repository/user_repository.go:53.97,56.97 2 1
cryptoutil/internal/apps/template/service/server/repository/user_repository.go:56.97,58.3 1 1
cryptoutil/internal/apps/template/service/server/repository/user_repository.go:60.2,60.19 1 1
cryptoutil/internal/apps/template/service/server/repository/user_repository.go:64.91,67.91 2 1
cryptoutil/internal/apps/template/service/server/repository/user_repository.go:67.91,69.3 1 1
cryptoutil/internal/apps/template/service/server/repository/user_repository.go:71.2,71.19 1 1
cryptoutil/internal/apps/template/service/server/repository/user_repository.go:75.124,80.16 3 1
cryptoutil/internal/apps/template/service/server/repository/user_repository.go:80.16,82.3 1 1
cryptoutil/internal/apps/template/service/server/repository/user_repository.go:84.2,84.74 1 1
cryptoutil/internal/apps/template/service/server/repository/user_repository.go:84.74,86.3 1 0
cryptoutil/internal/apps/template/service/server/repository/user_repository.go:88.2,88.19 1 1
cryptoutil/internal/apps/template/service/server/repository/user_repository.go:92.76,96.2 2 1
cryptoutil/internal/apps/template/service/server/repository/user_repository.go:99.84,101.2 1 1
cryptoutil/internal/apps/template/service/server/repository/user_repository.go:119.56,121.2 1 1
cryptoutil/internal/apps/template/service/server/repository/user_repository.go:124.82,126.2 1 1
cryptoutil/internal/apps/template/service/server/repository/user_repository.go:129.98,132.87 2 1
cryptoutil/internal/apps/template/service/server/repository/user_repository.go:132.87,134.3 1 1
cryptoutil/internal/apps/template/service/server/repository/user_repository.go:136.2,136.21 1 1
cryptoutil/internal/apps/template/service/server/repository/user_repository.go:140.101,143.100 2 1
cryptoutil/internal/apps/template/service/server/repository/user_repository.go:143.100,145.3 1 1
cryptoutil/internal/apps/template/service/server/repository/user_repository.go:147.2,147.21 1 1
cryptoutil/internal/apps/template/service/server/repository/user_repository.go:151.128,156.16 3 1
cryptoutil/internal/apps/template/service/server/repository/user_repository.go:156.16,158.3 1 1
cryptoutil/internal/apps/template/service/server/repository/user_repository.go:160.2,160.76 1 1
cryptoutil/internal/apps/template/service/server/repository/user_repository.go:160.76,162.3 1 0
cryptoutil/internal/apps/template/service/server/repository/user_repository.go:164.2,164.21 1 1
cryptoutil/internal/apps/template/service/server/repository/user_repository.go:168.82,172.2 2 1
cryptoutil/internal/apps/template/service/server/repository/user_repository.go:175.86,177.2 1 1
cryptoutil/internal/apps/template/service/server/repository/user_repository.go:195.72,197.2 1 1
cryptoutil/internal/apps/template/service/server/repository/user_repository.go:200.96,202.2 1 1
cryptoutil/internal/apps/template/service/server/repository/user_repository.go:205.114,208.85 2 1
cryptoutil/internal/apps/template/service/server/repository/user_repository.go:208.85,210.3 1 1
cryptoutil/internal/apps/template/service/server/repository/user_repository.go:212.2,212.19 1 1
cryptoutil/internal/apps/template/service/server/repository/user_repository.go:216.117,219.97 2 1
cryptoutil/internal/apps/template/service/server/repository/user_repository.go:219.97,221.3 1 1
cryptoutil/internal/apps/template/service/server/repository/user_repository.go:223.2,223.19 1 1
cryptoutil/internal/apps/template/service/server/repository/user_repository.go:227.127,230.123 2 1
cryptoutil/internal/apps/template/service/server/repository/user_repository.go:230.123,232.3 1 0
cryptoutil/internal/apps/template/service/server/repository/user_repository.go:234.2,234.19 1 1
cryptoutil/internal/apps/template/service/server/repository/user_repository.go:238.94,240.2 1 1
cryptoutil/internal/apps/template/service/server/repository/user_repository.go:243.90,246.25 2 1
cryptoutil/internal/apps/template/service/server/repository/user_repository.go:246.25,248.3 1 0
cryptoutil/internal/apps/template/service/server/repository/user_repository.go:250.2,250.33 1 1
cryptoutil/internal/apps/template/service/server/repository/user_repository.go:269.76,271.2 1 1
cryptoutil/internal/apps/template/service/server/repository/user_repository.go:274.102,276.2 1 1
cryptoutil/internal/apps/template/service/server/repository/user_repository.go:279.118,282.87 2 1
cryptoutil/internal/apps/template/service/server/repository/user_repository.go:282.87,284.3 1 1
cryptoutil/internal/apps/template/service/server/repository/user_repository.go:286.2,286.21 1 1
cryptoutil/internal/apps/template/service/server/repository/user_repository.go:290.121,293.100 2 1
cryptoutil/internal/apps/template/service/server/repository/user_repository.go:293.100,295.3 1 1
cryptoutil/internal/apps/template/service/server/repository/user_repository.go:297.2,297.21 1 1
cryptoutil/internal/apps/template/service/server/repository/user_repository.go:301.131,304.125 2 1
cryptoutil/internal/apps/template/service/server/repository/user_repository.go:304.125,306.3 1 0
cryptoutil/internal/apps/template/service/server/repository/user_repository.go:308.2,308.21 1 1
cryptoutil/internal/apps/template/service/server/repository/user_repository.go:312.96,314.2 1 1
cryptoutil/internal/apps/template/service/server/repository/user_repository.go:317.92,320.25 2 1
cryptoutil/internal/apps/template/service/server/repository/user_repository.go:320.25,322.3 1 0
cryptoutil/internal/apps/template/service/server/repository/user_repository.go:324.2,324.33 1 1
