mode: set
cryptoutil/internal/apps/template/service/server/listener/admin.go:39.179,40.16 1 1
cryptoutil/internal/apps/template/service/server/listener/admin.go:40.16,42.3 1 1
cryptoutil/internal/apps/template/service/server/listener/admin.go:44.2,44.21 1 1
cryptoutil/internal/apps/template/service/server/listener/admin.go:44.21,46.3 1 0
cryptoutil/internal/apps/template/service/server/listener/admin.go:48.2,48.19 1 1
cryptoutil/internal/apps/template/service/server/listener/admin.go:48.19,50.3 1 0
cryptoutil/internal/apps/template/service/server/listener/admin.go:53.2,54.16 2 1
cryptoutil/internal/apps/template/service/server/listener/admin.go:54.16,56.3 1 0
cryptoutil/internal/apps/template/service/server/listener/admin.go:58.2,79.20 5 1
cryptoutil/internal/apps/template/service/server/listener/admin.go:83.40,92.2 4 1
cryptoutil/internal/apps/template/service/server/listener/admin.go:96.55,100.16 3 1
cryptoutil/internal/apps/template/service/server/listener/admin.go:100.16,103.18 1 0
cryptoutil/internal/apps/template/service/server/listener/admin.go:103.18,105.4 1 0
cryptoutil/internal/apps/template/service/server/listener/admin.go:107.3,107.13 1 0
cryptoutil/internal/apps/template/service/server/listener/admin.go:110.2,112.17 1 1
cryptoutil/internal/apps/template/service/server/listener/admin.go:112.17,114.3 1 0
cryptoutil/internal/apps/template/service/server/listener/admin.go:116.2,116.12 1 1
cryptoutil/internal/apps/template/service/server/listener/admin.go:121.56,125.16 3 1
cryptoutil/internal/apps/template/service/server/listener/admin.go:125.16,128.18 1 0
cryptoutil/internal/apps/template/service/server/listener/admin.go:128.18,130.4 1 0
cryptoutil/internal/apps/template/service/server/listener/admin.go:132.3,132.13 1 0
cryptoutil/internal/apps/template/service/server/listener/admin.go:135.2,135.14 1 1
cryptoutil/internal/apps/template/service/server/listener/admin.go:135.14,138.18 1 1
cryptoutil/internal/apps/template/service/server/listener/admin.go:138.18,140.4 1 0
cryptoutil/internal/apps/template/service/server/listener/admin.go:142.3,142.13 1 1
cryptoutil/internal/apps/template/service/server/listener/admin.go:145.2,147.17 1 1
cryptoutil/internal/apps/template/service/server/listener/admin.go:147.17,149.3 1 0
cryptoutil/internal/apps/template/service/server/listener/admin.go:151.2,151.12 1 1
cryptoutil/internal/apps/template/service/server/listener/admin.go:155.58,166.12 5 1
cryptoutil/internal/apps/template/service/server/listener/admin.go:166.12,179.3 6 1
cryptoutil/internal/apps/template/service/server/listener/admin.go:181.2,181.12 1 1
cryptoutil/internal/apps/template/service/server/listener/admin.go:186.56,187.16 1 1
cryptoutil/internal/apps/template/service/server/listener/admin.go:187.16,189.3 1 1
cryptoutil/internal/apps/template/service/server/listener/admin.go:192.2,198.16 4 1
cryptoutil/internal/apps/template/service/server/listener/admin.go:198.16,200.3 1 0
cryptoutil/internal/apps/template/service/server/listener/admin.go:202.2,205.37 2 1
cryptoutil/internal/apps/template/service/server/listener/admin.go:205.37,207.10 2 1
cryptoutil/internal/apps/template/service/server/listener/admin.go:207.10,211.4 2 0
cryptoutil/internal/apps/template/service/server/listener/admin.go:213.3,213.47 1 1
cryptoutil/internal/apps/template/service/server/listener/admin.go:213.47,217.4 2 0
cryptoutil/internal/apps/template/service/server/listener/admin.go:219.3,219.38 1 1
cryptoutil/internal/apps/template/service/server/listener/admin.go:220.8,222.3 1 0
cryptoutil/internal/apps/template/service/server/listener/admin.go:225.2,232.12 3 1
cryptoutil/internal/apps/template/service/server/listener/admin.go:232.12,233.53 1 1
cryptoutil/internal/apps/template/service/server/listener/admin.go:233.53,235.4 1 0
cryptoutil/internal/apps/template/service/server/listener/admin.go:235.9,237.4 1 1
cryptoutil/internal/apps/template/service/server/listener/admin.go:241.2,241.9 1 1
cryptoutil/internal/apps/template/service/server/listener/admin.go:242.20,251.59 5 1
cryptoutil/internal/apps/template/service/server/listener/admin.go:252.24,253.13 1 1
cryptoutil/internal/apps/template/service/server/listener/admin.go:258.59,259.16 1 1
cryptoutil/internal/apps/template/service/server/listener/admin.go:259.16,261.3 1 1
cryptoutil/internal/apps/template/service/server/listener/admin.go:263.2,265.16 2 1
cryptoutil/internal/apps/template/service/server/listener/admin.go:265.16,269.3 2 1
cryptoutil/internal/apps/template/service/server/listener/admin.go:271.2,276.18 4 1
cryptoutil/internal/apps/template/service/server/listener/admin.go:276.18,277.56 1 1
cryptoutil/internal/apps/template/service/server/listener/admin.go:277.56,279.4 1 0
cryptoutil/internal/apps/template/service/server/listener/admin.go:285.2,285.12 1 1
cryptoutil/internal/apps/template/service/server/listener/admin.go:290.40,295.2 3 1
cryptoutil/internal/apps/template/service/server/listener/admin.go:298.45,303.2 3 1
cryptoutil/internal/apps/template/service/server/listener/admin.go:308.40,310.2 1 1
cryptoutil/internal/apps/template/service/server/listener/admin.go:315.44,320.2 3 1
cryptoutil/internal/apps/template/service/server/listener/application_listener.go:174.106,175.16 1 0
cryptoutil/internal/apps/template/service/server/listener/application_listener.go:175.16,177.3 1 0
cryptoutil/internal/apps/template/service/server/listener/application_listener.go:177.8,177.23 1 0
cryptoutil/internal/apps/template/service/server/listener/application_listener.go:177.23,179.3 1 0
cryptoutil/internal/apps/template/service/server/listener/application_listener.go:179.8,179.53 1 0
cryptoutil/internal/apps/template/service/server/listener/application_listener.go:179.53,181.3 1 0
cryptoutil/internal/apps/template/service/server/listener/application_listener.go:181.8,181.26 1 0
cryptoutil/internal/apps/template/service/server/listener/application_listener.go:181.26,183.3 1 0
cryptoutil/internal/apps/template/service/server/listener/application_listener.go:183.8,183.43 1 0
cryptoutil/internal/apps/template/service/server/listener/application_listener.go:183.43,185.3 1 0
cryptoutil/internal/apps/template/service/server/listener/application_listener.go:189.2,190.16 2 0
cryptoutil/internal/apps/template/service/server/listener/application_listener.go:190.16,192.3 1 0
cryptoutil/internal/apps/template/service/server/listener/application_listener.go:225.2,225.25 1 0
cryptoutil/internal/apps/template/service/server/listener/application_listener.go:225.25,227.3 1 0
cryptoutil/internal/apps/template/service/server/listener/application_listener.go:229.2,236.113 1 0
cryptoutil/internal/apps/template/service/server/listener/application_listener.go:249.98,254.16 4 0
cryptoutil/internal/apps/template/service/server/listener/application_listener.go:254.16,256.3 1 0
cryptoutil/internal/apps/template/service/server/listener/application_listener.go:258.2,258.20 1 0
cryptoutil/internal/apps/template/service/server/listener/application_listener.go:271.99,276.16 4 0
cryptoutil/internal/apps/template/service/server/listener/application_listener.go:276.16,278.3 1 0
cryptoutil/internal/apps/template/service/server/listener/application_listener.go:280.2,280.20 1 0
cryptoutil/internal/apps/template/service/server/listener/application_listener.go:295.90,300.16 4 0
cryptoutil/internal/apps/template/service/server/listener/application_listener.go:300.16,302.3 1 0
cryptoutil/internal/apps/template/service/server/listener/application_listener.go:304.2,304.12 1 0
cryptoutil/internal/apps/template/service/server/listener/application_listener.go:316.42,317.27 1 0
cryptoutil/internal/apps/template/service/server/listener/application_listener.go:317.27,319.3 1 0
cryptoutil/internal/apps/template/service/server/listener/application_listener.go:321.2,321.18 1 0
cryptoutil/internal/apps/template/service/server/listener/application_listener.go:321.18,326.3 3 0
cryptoutil/internal/apps/template/service/server/listener/application_listener.go:333.57,335.2 1 0
cryptoutil/internal/apps/template/service/server/listener/application_listener.go:341.58,343.2 1 0
cryptoutil/internal/apps/template/service/server/listener/application_listener.go:347.88,349.2 1 0
cryptoutil/internal/apps/template/service/server/listener/public.go:52.185,53.16 1 1
cryptoutil/internal/apps/template/service/server/listener/public.go:53.16,55.3 1 1
cryptoutil/internal/apps/template/service/server/listener/public.go:55.8,55.28 1 1
cryptoutil/internal/apps/template/service/server/listener/public.go:55.28,57.3 1 0
cryptoutil/internal/apps/template/service/server/listener/public.go:57.8,57.26 1 1
cryptoutil/internal/apps/template/service/server/listener/public.go:57.26,59.3 1 0
cryptoutil/internal/apps/template/service/server/listener/public.go:62.2,63.16 2 1
cryptoutil/internal/apps/template/service/server/listener/public.go:63.16,65.3 1 0
cryptoutil/internal/apps/template/service/server/listener/public.go:67.2,85.20 5 1
cryptoutil/internal/apps/template/service/server/listener/public.go:90.45,96.2 2 1
cryptoutil/internal/apps/template/service/server/listener/public.go:99.68,103.16 3 1
cryptoutil/internal/apps/template/service/server/listener/public.go:103.16,106.18 1 0
cryptoutil/internal/apps/template/service/server/listener/public.go:106.18,108.4 1 0
cryptoutil/internal/apps/template/service/server/listener/public.go:110.3,110.13 1 0
cryptoutil/internal/apps/template/service/server/listener/public.go:113.2,115.17 1 1
cryptoutil/internal/apps/template/service/server/listener/public.go:115.17,117.3 1 0
cryptoutil/internal/apps/template/service/server/listener/public.go:119.2,119.12 1 1
cryptoutil/internal/apps/template/service/server/listener/public.go:123.68,127.16 3 1
cryptoutil/internal/apps/template/service/server/listener/public.go:127.16,130.18 1 0
cryptoutil/internal/apps/template/service/server/listener/public.go:130.18,132.4 1 0
cryptoutil/internal/apps/template/service/server/listener/public.go:134.3,134.13 1 0
cryptoutil/internal/apps/template/service/server/listener/public.go:137.2,139.17 1 1
cryptoutil/internal/apps/template/service/server/listener/public.go:139.17,141.3 1 0
cryptoutil/internal/apps/template/service/server/listener/public.go:143.2,143.12 1 1
cryptoutil/internal/apps/template/service/server/listener/public.go:160.61,161.16 1 1
cryptoutil/internal/apps/template/service/server/listener/public.go:161.16,163.3 1 1
cryptoutil/internal/apps/template/service/server/listener/public.go:166.2,169.16 3 1
cryptoutil/internal/apps/template/service/server/listener/public.go:169.16,171.3 1 0
cryptoutil/internal/apps/template/service/server/listener/public.go:173.2,177.9 4 1
cryptoutil/internal/apps/template/service/server/listener/public.go:177.9,181.3 2 0
cryptoutil/internal/apps/template/service/server/listener/public.go:183.2,192.12 5 1
cryptoutil/internal/apps/template/service/server/listener/public.go:192.12,193.53 1 1
cryptoutil/internal/apps/template/service/server/listener/public.go:193.53,195.4 1 0
cryptoutil/internal/apps/template/service/server/listener/public.go:195.9,197.4 1 1
cryptoutil/internal/apps/template/service/server/listener/public.go:201.2,201.9 1 1
cryptoutil/internal/apps/template/service/server/listener/public.go:202.20,211.60 5 1
cryptoutil/internal/apps/template/service/server/listener/public.go:212.24,213.13 1 1
cryptoutil/internal/apps/template/service/server/listener/public.go:218.64,219.16 1 1
cryptoutil/internal/apps/template/service/server/listener/public.go:219.16,221.3 1 1
cryptoutil/internal/apps/template/service/server/listener/public.go:223.2,225.16 2 1
cryptoutil/internal/apps/template/service/server/listener/public.go:225.16,229.3 2 1
cryptoutil/internal/apps/template/service/server/listener/public.go:231.2,235.55 3 1
cryptoutil/internal/apps/template/service/server/listener/public.go:235.55,237.3 1 0
cryptoutil/internal/apps/template/service/server/listener/public.go:239.2,239.12 1 1
cryptoutil/internal/apps/template/service/server/listener/public.go:243.45,248.2 3 1
cryptoutil/internal/apps/template/service/server/listener/public.go:251.51,256.2 3 1
cryptoutil/internal/apps/template/service/server/listener/servers.go:26.123,27.16 1 1
cryptoutil/internal/apps/template/service/server/listener/servers.go:27.16,29.3 1 1
cryptoutil/internal/apps/template/service/server/listener/servers.go:29.8,29.28 1 1
cryptoutil/internal/apps/template/service/server/listener/servers.go:29.28,31.3 1 1
cryptoutil/internal/apps/template/service/server/listener/servers.go:33.2,34.16 2 1
cryptoutil/internal/apps/template/service/server/listener/servers.go:34.16,36.3 1 1
cryptoutil/internal/apps/template/service/server/listener/servers.go:38.2,39.16 2 1
cryptoutil/internal/apps/template/service/server/listener/servers.go:39.16,41.3 1 1
cryptoutil/internal/apps/template/service/server/listener/servers.go:44.2,45.16 2 1
cryptoutil/internal/apps/template/service/server/listener/servers.go:45.16,47.3 1 0
cryptoutil/internal/apps/template/service/server/listener/servers.go:49.2,50.16 2 1
cryptoutil/internal/apps/template/service/server/listener/servers.go:50.16,52.3 1 0
cryptoutil/internal/apps/template/service/server/listener/servers.go:54.2,60.8 1 1
cryptoutil/internal/apps/template/service/server/listener/servers.go:63.151,66.32 2 1
cryptoutil/internal/apps/template/service/server/listener/servers.go:67.38,71.4 1 1
cryptoutil/internal/apps/template/service/server/listener/servers.go:72.37,76.17 3 0
cryptoutil/internal/apps/template/service/server/listener/servers.go:76.17,78.4 1 0
cryptoutil/internal/apps/template/service/server/listener/servers.go:79.36,83.17 3 1
cryptoutil/internal/apps/template/service/server/listener/servers.go:83.17,85.4 1 0
cryptoutil/internal/apps/template/service/server/listener/servers.go:86.10,87.80 1 1
cryptoutil/internal/apps/template/service/server/listener/servers.go:90.2,90.40 1 1
cryptoutil/internal/apps/template/service/server/listener/servers.go:93.150,96.33 2 1
cryptoutil/internal/apps/template/service/server/listener/servers.go:97.38,101.4 1 1
cryptoutil/internal/apps/template/service/server/listener/servers.go:102.37,106.17 3 0
cryptoutil/internal/apps/template/service/server/listener/servers.go:106.17,108.4 1 0
cryptoutil/internal/apps/template/service/server/listener/servers.go:109.36,113.17 3 1
cryptoutil/internal/apps/template/service/server/listener/servers.go:113.17,115.4 1 0
cryptoutil/internal/apps/template/service/server/listener/servers.go:116.10,117.80 1 1
cryptoutil/internal/apps/template/service/server/listener/servers.go:120.2,120.39 1 1
