mode: set
cryptoutil/internal/apps/template/service/server/businesslogic/session_manager.go:111.152,117.2 1 1
cryptoutil/internal/apps/template/service/server/businesslogic/session_manager.go:132.65,135.22 2 1
cryptoutil/internal/apps/template/service/server/businesslogic/session_manager.go:135.22,137.3 1 0
cryptoutil/internal/apps/template/service/server/businesslogic/session_manager.go:139.2,143.22 3 1
cryptoutil/internal/apps/template/service/server/businesslogic/session_manager.go:143.22,145.3 1 0
cryptoutil/internal/apps/template/service/server/businesslogic/session_manager.go:147.2,150.108 2 1
cryptoutil/internal/apps/template/service/server/businesslogic/session_manager.go:150.108,152.17 2 1
cryptoutil/internal/apps/template/service/server/businesslogic/session_manager.go:152.17,154.4 1 0
cryptoutil/internal/apps/template/service/server/businesslogic/session_manager.go:156.3,156.27 1 1
cryptoutil/internal/apps/template/service/server/businesslogic/session_manager.go:160.2,160.108 1 1
cryptoutil/internal/apps/template/service/server/businesslogic/session_manager.go:160.108,162.17 2 1
cryptoutil/internal/apps/template/service/server/businesslogic/session_manager.go:162.17,164.4 1 0
cryptoutil/internal/apps/template/service/server/businesslogic/session_manager.go:166.3,166.27 1 1
cryptoutil/internal/apps/template/service/server/businesslogic/session_manager.go:169.2,169.12 1 1
cryptoutil/internal/apps/template/service/server/businesslogic/session_manager.go:180.158,183.15 2 1
cryptoutil/internal/apps/template/service/server/businesslogic/session_manager.go:183.15,185.3 1 1
cryptoutil/internal/apps/template/service/server/businesslogic/session_manager.go:185.8,187.3 1 1
cryptoutil/internal/apps/template/service/server/businesslogic/session_manager.go:190.2,198.16 3 1
cryptoutil/internal/apps/template/service/server/businesslogic/session_manager.go:198.16,201.3 1 0
cryptoutil/internal/apps/template/service/server/businesslogic/session_manager.go:203.2,203.45 1 1
cryptoutil/internal/apps/template/service/server/businesslogic/session_manager.go:203.45,205.3 1 0
cryptoutil/internal/apps/template/service/server/businesslogic/session_manager.go:208.2,216.19 3 1
cryptoutil/internal/apps/template/service/server/businesslogic/session_manager.go:217.43,219.24 1 1
cryptoutil/internal/apps/template/service/server/businesslogic/session_manager.go:220.67,227.25 2 0
cryptoutil/internal/apps/template/service/server/businesslogic/session_manager.go:228.28,230.31 2 0
cryptoutil/internal/apps/template/service/server/businesslogic/session_manager.go:231.28,233.31 2 0
cryptoutil/internal/apps/template/service/server/businesslogic/session_manager.go:234.28,236.31 2 0
cryptoutil/internal/apps/template/service/server/businesslogic/session_manager.go:239.4,240.21 2 0
cryptoutil/internal/apps/template/service/server/businesslogic/session_manager.go:240.21,242.22 2 0
cryptoutil/internal/apps/template/service/server/businesslogic/session_manager.go:242.22,244.6 1 0
cryptoutil/internal/apps/template/service/server/businesslogic/session_manager.go:246.67,248.21 2 1
cryptoutil/internal/apps/template/service/server/businesslogic/session_manager.go:248.21,252.26 2 1
cryptoutil/internal/apps/template/service/server/businesslogic/session_manager.go:253.29,254.32 1 1
cryptoutil/internal/apps/template/service/server/businesslogic/session_manager.go:255.29,256.32 1 0
cryptoutil/internal/apps/template/service/server/businesslogic/session_manager.go:257.29,258.32 1 0
cryptoutil/internal/apps/template/service/server/businesslogic/session_manager.go:261.5,262.22 2 1
cryptoutil/internal/apps/template/service/server/businesslogic/session_manager.go:262.22,264.6 1 1
cryptoutil/internal/apps/template/service/server/businesslogic/session_manager.go:266.27,268.21 2 0
cryptoutil/internal/apps/template/service/server/businesslogic/session_manager.go:268.21,270.22 2 0
cryptoutil/internal/apps/template/service/server/businesslogic/session_manager.go:270.22,272.6 1 0
cryptoutil/internal/apps/template/service/server/businesslogic/session_manager.go:274.27,276.21 2 0
cryptoutil/internal/apps/template/service/server/businesslogic/session_manager.go:276.21,278.22 2 0
cryptoutil/internal/apps/template/service/server/businesslogic/session_manager.go:278.22,280.6 1 0
cryptoutil/internal/apps/template/service/server/businesslogic/session_manager.go:282.27,284.21 2 0
cryptoutil/internal/apps/template/service/server/businesslogic/session_manager.go:284.21,286.22 2 0
cryptoutil/internal/apps/template/service/server/businesslogic/session_manager.go:286.22,288.6 1 0
cryptoutil/internal/apps/template/service/server/businesslogic/session_manager.go:290.27,292.21 2 0
cryptoutil/internal/apps/template/service/server/businesslogic/session_manager.go:292.21,294.22 2 0
cryptoutil/internal/apps/template/service/server/businesslogic/session_manager.go:294.22,296.6 1 0
cryptoutil/internal/apps/template/service/server/businesslogic/session_manager.go:298.11,299.88 1 0
cryptoutil/internal/apps/template/service/server/businesslogic/session_manager.go:301.43,303.24 1 1
cryptoutil/internal/apps/template/service/server/businesslogic/session_manager.go:304.54,306.21 2 1
cryptoutil/internal/apps/template/service/server/businesslogic/session_manager.go:306.21,309.22 2 1
cryptoutil/internal/apps/template/service/server/businesslogic/session_manager.go:309.22,311.6 1 1
cryptoutil/internal/apps/template/service/server/businesslogic/session_manager.go:313.60,315.21 2 0
cryptoutil/internal/apps/template/service/server/businesslogic/session_manager.go:315.21,317.22 2 0
cryptoutil/internal/apps/template/service/server/businesslogic/session_manager.go:317.22,319.6 1 0
cryptoutil/internal/apps/template/service/server/businesslogic/session_manager.go:321.11,322.88 1 0
cryptoutil/internal/apps/template/service/server/businesslogic/session_manager.go:324.10,325.87 1 0
cryptoutil/internal/apps/template/service/server/businesslogic/session_manager.go:328.2,328.19 1 1
cryptoutil/internal/apps/template/service/server/businesslogic/session_manager.go:328.19,330.3 1 0
cryptoutil/internal/apps/template/service/server/businesslogic/session_manager.go:333.2,334.23 2 1
cryptoutil/internal/apps/template/service/server/businesslogic/session_manager.go:334.23,336.3 1 0
cryptoutil/internal/apps/template/service/server/businesslogic/session_manager.go:339.2,344.23 2 1
cryptoutil/internal/apps/template/service/server/businesslogic/session_manager.go:344.23,346.24 2 0
cryptoutil/internal/apps/template/service/server/businesslogic/session_manager.go:346.24,348.4 1 0
cryptoutil/internal/apps/template/service/server/businesslogic/session_manager.go:349.8,352.3 1 1
cryptoutil/internal/apps/template/service/server/businesslogic/session_manager.go:355.2,366.15 4 1
cryptoutil/internal/apps/template/service/server/businesslogic/session_manager.go:366.15,369.3 2 1
cryptoutil/internal/apps/template/service/server/businesslogic/session_manager.go:369.8,372.3 2 1
cryptoutil/internal/apps/template/service/server/businesslogic/session_manager.go:374.2,374.22 1 1
cryptoutil/internal/apps/template/service/server/businesslogic/session_manager.go:374.22,376.3 1 0
cryptoutil/internal/apps/template/service/server/businesslogic/session_manager.go:382.2,390.25 3 1
cryptoutil/internal/apps/template/service/server/businesslogic/session_manager.go:390.25,392.3 1 0
cryptoutil/internal/apps/template/service/server/businesslogic/session_manager.go:394.2,394.29 1 1
cryptoutil/internal/apps/template/service/server/businesslogic/session_manager.go:403.137,405.15 2 1
cryptoutil/internal/apps/template/service/server/businesslogic/session_manager.go:405.15,407.3 1 1
cryptoutil/internal/apps/template/service/server/businesslogic/session_manager.go:407.8,409.3 1 1
cryptoutil/internal/apps/template/service/server/businesslogic/session_manager.go:411.2,411.19 1 1
cryptoutil/internal/apps/template/service/server/businesslogic/session_manager.go:412.43,414.42 1 1
cryptoutil/internal/apps/template/service/server/businesslogic/session_manager.go:415.43,417.42 1 1
cryptoutil/internal/apps/template/service/server/businesslogic/session_manager.go:418.10,419.73 1 1
cryptoutil/internal/apps/template/service/server/businesslogic/session_manager.go:424.87,425.19 1 1
cryptoutil/internal/apps/template/service/server/businesslogic/session_manager.go:428.44,431.17 2 1
cryptoutil/internal/apps/template/service/server/businesslogic/session_manager.go:431.17,433.4 1 0
cryptoutil/internal/apps/template/service/server/businesslogic/session_manager.go:435.3,435.30 1 1
cryptoutil/internal/apps/template/service/server/businesslogic/session_manager.go:436.48,439.17 2 1
cryptoutil/internal/apps/template/service/server/businesslogic/session_manager.go:439.17,441.4 1 0
cryptoutil/internal/apps/template/service/server/businesslogic/session_manager.go:443.3,443.30 1 1
cryptoutil/internal/apps/template/service/server/businesslogic/session_manager.go:444.48,447.17 2 1
cryptoutil/internal/apps/template/service/server/businesslogic/session_manager.go:447.17,449.4 1 0
cryptoutil/internal/apps/template/service/server/businesslogic/session_manager.go:451.3,451.30 1 1
cryptoutil/internal/apps/template/service/server/businesslogic/session_manager.go:452.48,455.17 2 1
cryptoutil/internal/apps/template/service/server/businesslogic/session_manager.go:455.17,457.4 1 0
cryptoutil/internal/apps/template/service/server/businesslogic/session_manager.go:459.3,459.30 1 1
cryptoutil/internal/apps/template/service/server/businesslogic/session_manager.go:460.48,463.17 2 1
cryptoutil/internal/apps/template/service/server/businesslogic/session_manager.go:463.17,465.4 1 0
cryptoutil/internal/apps/template/service/server/businesslogic/session_manager.go:467.3,467.30 1 1
cryptoutil/internal/apps/template/service/server/businesslogic/session_manager.go:468.10,469.69 1 1
cryptoutil/internal/apps/template/service/server/businesslogic/session_manager.go:474.87,475.19 1 1
cryptoutil/internal/apps/template/service/server/businesslogic/session_manager.go:477.55,480.17 2 1
cryptoutil/internal/apps/template/service/server/businesslogic/session_manager.go:480.17,482.4 1 0
cryptoutil/internal/apps/template/service/server/businesslogic/session_manager.go:484.3,484.18 1 1
cryptoutil/internal/apps/template/service/server/businesslogic/session_manager.go:485.10,486.69 1 1
cryptoutil/internal/apps/template/service/server/businesslogic/session_manager.go:491.128,492.26 1 1
cryptoutil/internal/apps/template/service/server/businesslogic/session_manager.go:493.43,494.16 1 1
cryptoutil/internal/apps/template/service/server/businesslogic/session_manager.go:494.16,496.4 1 1
cryptoutil/internal/apps/template/service/server/businesslogic/session_manager.go:498.3,498.46 1 1
cryptoutil/internal/apps/template/service/server/businesslogic/session_manager.go:499.43,500.16 1 1
cryptoutil/internal/apps/template/service/server/businesslogic/session_manager.go:500.16,502.4 1 1
cryptoutil/internal/apps/template/service/server/businesslogic/session_manager.go:504.3,504.46 1 1
cryptoutil/internal/apps/template/service/server/businesslogic/session_manager.go:505.10,506.34 1 1
cryptoutil/internal/apps/template/service/server/businesslogic/session_manager.go:522.134,523.29 1 1
cryptoutil/internal/apps/template/service/server/businesslogic/session_manager.go:524.46,525.69 1 1
cryptoutil/internal/apps/template/service/server/businesslogic/session_manager.go:526.43,527.66 1 1
cryptoutil/internal/apps/template/service/server/businesslogic/session_manager.go:528.43,529.66 1 1
cryptoutil/internal/apps/template/service/server/businesslogic/session_manager.go:530.10,531.90 1 0
cryptoutil/internal/apps/template/service/server/businesslogic/session_manager.go:545.131,551.29 2 1
cryptoutil/internal/apps/template/service/server/businesslogic/session_manager.go:552.46,553.59 1 1
cryptoutil/internal/apps/template/service/server/businesslogic/session_manager.go:554.43,555.56 1 1
cryptoutil/internal/apps/template/service/server/businesslogic/session_manager.go:556.43,557.56 1 1
cryptoutil/internal/apps/template/service/server/businesslogic/session_manager.go:558.10,559.91 1 0
cryptoutil/internal/apps/template/service/server/businesslogic/session_manager.go:562.2,562.16 1 1
cryptoutil/internal/apps/template/service/server/businesslogic/session_manager.go:562.16,564.3 1 1
cryptoutil/internal/apps/template/service/server/businesslogic/session_manager.go:567.2,568.9 2 1
cryptoutil/internal/apps/template/service/server/businesslogic/session_manager.go:568.9,570.3 1 0
cryptoutil/internal/apps/template/service/server/businesslogic/session_manager.go:572.2,572.28 1 1
cryptoutil/internal/apps/template/service/server/businesslogic/session_manager.go:577.136,578.29 1 1
cryptoutil/internal/apps/template/service/server/businesslogic/session_manager.go:579.46,580.72 1 1
cryptoutil/internal/apps/template/service/server/businesslogic/session_manager.go:581.43,582.69 1 1
cryptoutil/internal/apps/template/service/server/businesslogic/session_manager.go:583.43,584.69 1 1
cryptoutil/internal/apps/template/service/server/businesslogic/session_manager.go:585.10,586.90 1 0
cryptoutil/internal/apps/template/service/server/businesslogic/session_manager.go:592.131,598.29 2 1
cryptoutil/internal/apps/template/service/server/businesslogic/session_manager.go:599.46,600.60 1 1
cryptoutil/internal/apps/template/service/server/businesslogic/session_manager.go:601.43,602.57 1 1
cryptoutil/internal/apps/template/service/server/businesslogic/session_manager.go:603.43,604.57 1 1
cryptoutil/internal/apps/template/service/server/businesslogic/session_manager.go:605.10,606.91 1 0
cryptoutil/internal/apps/template/service/server/businesslogic/session_manager.go:609.2,609.16 1 1
cryptoutil/internal/apps/template/service/server/businesslogic/session_manager.go:609.16,611.3 1 1
cryptoutil/internal/apps/template/service/server/businesslogic/session_manager.go:614.2,615.9 2 1
cryptoutil/internal/apps/template/service/server/businesslogic/session_manager.go:615.9,617.3 1 0
cryptoutil/internal/apps/template/service/server/businesslogic/session_manager.go:619.2,619.28 1 1
cryptoutil/internal/apps/template/service/server/businesslogic/session_manager.go:629.77,638.16 4 1
cryptoutil/internal/apps/template/service/server/businesslogic/session_manager.go:638.16,640.3 1 0
cryptoutil/internal/apps/template/service/server/businesslogic/session_manager.go:643.2,647.16 2 1
cryptoutil/internal/apps/template/service/server/businesslogic/session_manager.go:647.16,649.3 1 0
cryptoutil/internal/apps/template/service/server/businesslogic/session_manager.go:651.2,651.12 1 1
cryptoutil/internal/apps/template/service/server/businesslogic/session_manager.go:664.65,668.6 3 1
cryptoutil/internal/apps/template/service/server/businesslogic/session_manager.go:668.6,669.10 1 1
cryptoutil/internal/apps/template/service/server/businesslogic/session_manager.go:670.21,671.10 1 1
cryptoutil/internal/apps/template/service/server/businesslogic/session_manager.go:672.19,673.57 1 0
cryptoutil/internal/apps/template/service/server/businesslogic/session_manager.go:673.57,677.5 1 0
cryptoutil/internal/apps/template/service/server/businesslogic/session_manager.go:683.154,690.16 4 1
cryptoutil/internal/apps/template/service/server/businesslogic/session_manager.go:690.16,692.3 1 0
cryptoutil/internal/apps/template/service/server/businesslogic/session_manager.go:695.2,696.15 2 1
cryptoutil/internal/apps/template/service/server/businesslogic/session_manager.go:696.15,698.3 1 1
cryptoutil/internal/apps/template/service/server/businesslogic/session_manager.go:698.8,700.3 1 1
cryptoutil/internal/apps/template/service/server/businesslogic/session_manager.go:703.2,717.15 4 1
cryptoutil/internal/apps/template/service/server/businesslogic/session_manager.go:717.15,723.3 2 1
cryptoutil/internal/apps/template/service/server/businesslogic/session_manager.go:723.8,729.3 2 1
cryptoutil/internal/apps/template/service/server/businesslogic/session_manager.go:731.2,731.22 1 1
cryptoutil/internal/apps/template/service/server/businesslogic/session_manager.go:731.22,733.3 1 0
cryptoutil/internal/apps/template/service/server/businesslogic/session_manager.go:735.2,735.19 1 1
cryptoutil/internal/apps/template/service/server/businesslogic/session_manager.go:739.113,742.16 2 1
cryptoutil/internal/apps/template/service/server/businesslogic/session_manager.go:742.16,744.3 1 1
cryptoutil/internal/apps/template/service/server/businesslogic/session_manager.go:747.2,754.15 3 1
cryptoutil/internal/apps/template/service/server/businesslogic/session_manager.go:754.15,761.3 3 1
cryptoutil/internal/apps/template/service/server/businesslogic/session_manager.go:761.8,768.3 3 1
cryptoutil/internal/apps/template/service/server/businesslogic/session_manager.go:770.2,770.20 1 1
cryptoutil/internal/apps/template/service/server/businesslogic/session_manager.go:770.20,771.49 1 1
cryptoutil/internal/apps/template/service/server/businesslogic/session_manager.go:771.49,775.4 2 1
cryptoutil/internal/apps/template/service/server/businesslogic/session_manager.go:777.3,777.65 1 0
cryptoutil/internal/apps/template/service/server/businesslogic/session_manager.go:781.2,784.22 2 1
cryptoutil/internal/apps/template/service/server/businesslogic/session_manager.go:784.22,787.3 1 0
cryptoutil/internal/apps/template/service/server/businesslogic/session_manager.go:789.2,789.21 1 1
cryptoutil/internal/apps/template/service/server/businesslogic/session_manager.go:793.151,796.15 2 1
cryptoutil/internal/apps/template/service/server/businesslogic/session_manager.go:796.15,798.3 1 1
cryptoutil/internal/apps/template/service/server/businesslogic/session_manager.go:798.8,800.3 1 1
cryptoutil/internal/apps/template/service/server/businesslogic/session_manager.go:802.2,807.15 2 1
cryptoutil/internal/apps/template/service/server/businesslogic/session_manager.go:807.15,811.21 3 1
cryptoutil/internal/apps/template/service/server/businesslogic/session_manager.go:811.21,813.4 1 1
cryptoutil/internal/apps/template/service/server/businesslogic/session_manager.go:814.8,818.21 3 1
cryptoutil/internal/apps/template/service/server/businesslogic/session_manager.go:818.21,820.4 1 1
cryptoutil/internal/apps/template/service/server/businesslogic/session_manager.go:823.2,823.20 1 1
cryptoutil/internal/apps/template/service/server/businesslogic/session_manager.go:823.20,825.3 1 0
cryptoutil/internal/apps/template/service/server/businesslogic/session_manager.go:828.2,829.23 2 1
cryptoutil/internal/apps/template/service/server/businesslogic/session_manager.go:829.23,831.24 2 0
cryptoutil/internal/apps/template/service/server/businesslogic/session_manager.go:831.24,833.4 1 0
cryptoutil/internal/apps/template/service/server/businesslogic/session_manager.go:838.2,839.16 2 1
cryptoutil/internal/apps/template/service/server/businesslogic/session_manager.go:839.16,841.3 1 0
cryptoutil/internal/apps/template/service/server/businesslogic/session_manager.go:845.2,849.15 4 1
cryptoutil/internal/apps/template/service/server/businesslogic/session_manager.go:849.15,851.3 1 1
cryptoutil/internal/apps/template/service/server/businesslogic/session_manager.go:851.8,853.3 1 1
cryptoutil/internal/apps/template/service/server/businesslogic/session_manager.go:855.2,865.16 3 1
cryptoutil/internal/apps/template/service/server/businesslogic/session_manager.go:865.16,867.3 1 0
cryptoutil/internal/apps/template/service/server/businesslogic/session_manager.go:870.2,871.16 2 1
cryptoutil/internal/apps/template/service/server/businesslogic/session_manager.go:871.16,873.3 1 0
cryptoutil/internal/apps/template/service/server/businesslogic/session_manager.go:876.2,877.16 2 1
cryptoutil/internal/apps/template/service/server/businesslogic/session_manager.go:877.16,879.3 1 0
cryptoutil/internal/apps/template/service/server/businesslogic/session_manager.go:881.2,893.15 3 1
cryptoutil/internal/apps/template/service/server/businesslogic/session_manager.go:893.15,899.3 2 1
cryptoutil/internal/apps/template/service/server/businesslogic/session_manager.go:899.8,905.3 2 1
cryptoutil/internal/apps/template/service/server/businesslogic/session_manager.go:907.2,907.22 1 1
cryptoutil/internal/apps/template/service/server/businesslogic/session_manager.go:907.22,909.3 1 0
cryptoutil/internal/apps/template/service/server/businesslogic/session_manager.go:911.2,911.30 1 1
cryptoutil/internal/apps/template/service/server/businesslogic/session_manager.go:915.110,918.15 2 1
cryptoutil/internal/apps/template/service/server/businesslogic/session_manager.go:918.15,920.3 1 1
cryptoutil/internal/apps/template/service/server/businesslogic/session_manager.go:920.8,922.3 1 1
cryptoutil/internal/apps/template/service/server/businesslogic/session_manager.go:924.2,929.15 2 1
cryptoutil/internal/apps/template/service/server/businesslogic/session_manager.go:929.15,933.21 3 1
cryptoutil/internal/apps/template/service/server/businesslogic/session_manager.go:933.21,935.4 1 1
cryptoutil/internal/apps/template/service/server/businesslogic/session_manager.go:936.8,940.21 3 1
cryptoutil/internal/apps/template/service/server/businesslogic/session_manager.go:940.21,942.4 1 1
cryptoutil/internal/apps/template/service/server/businesslogic/session_manager.go:945.2,945.20 1 1
cryptoutil/internal/apps/template/service/server/businesslogic/session_manager.go:945.20,949.3 2 0
cryptoutil/internal/apps/template/service/server/businesslogic/session_manager.go:952.2,957.23 2 1
cryptoutil/internal/apps/template/service/server/businesslogic/session_manager.go:957.23,959.24 2 0
cryptoutil/internal/apps/template/service/server/businesslogic/session_manager.go:959.24,963.4 2 0
cryptoutil/internal/apps/template/service/server/businesslogic/session_manager.go:964.8,967.3 1 1
cryptoutil/internal/apps/template/service/server/businesslogic/session_manager.go:970.2,971.16 2 1
cryptoutil/internal/apps/template/service/server/businesslogic/session_manager.go:971.16,975.3 2 0
cryptoutil/internal/apps/template/service/server/businesslogic/session_manager.go:978.2,979.16 2 1
cryptoutil/internal/apps/template/service/server/businesslogic/session_manager.go:979.16,983.3 2 0
cryptoutil/internal/apps/template/service/server/businesslogic/session_manager.go:987.2,988.16 2 1
cryptoutil/internal/apps/template/service/server/businesslogic/session_manager.go:988.16,992.3 2 1
cryptoutil/internal/apps/template/service/server/businesslogic/session_manager.go:995.2,996.61 2 1
cryptoutil/internal/apps/template/service/server/businesslogic/session_manager.go:996.61,1000.3 2 0
cryptoutil/internal/apps/template/service/server/businesslogic/session_manager.go:1003.2,1004.9 2 1
cryptoutil/internal/apps/template/service/server/businesslogic/session_manager.go:1004.9,1008.3 2 0
cryptoutil/internal/apps/template/service/server/businesslogic/session_manager.go:1010.2,1011.27 2 1
cryptoutil/internal/apps/template/service/server/businesslogic/session_manager.go:1011.27,1015.3 2 1
cryptoutil/internal/apps/template/service/server/businesslogic/session_manager.go:1018.2,1019.9 2 1
cryptoutil/internal/apps/template/service/server/businesslogic/session_manager.go:1019.9,1023.3 2 0
cryptoutil/internal/apps/template/service/server/businesslogic/session_manager.go:1025.2,1026.16 2 1
cryptoutil/internal/apps/template/service/server/businesslogic/session_manager.go:1026.16,1030.3 2 0
cryptoutil/internal/apps/template/service/server/businesslogic/session_manager.go:1033.2,1034.16 2 1
cryptoutil/internal/apps/template/service/server/businesslogic/session_manager.go:1034.16,1036.3 1 0
cryptoutil/internal/apps/template/service/server/businesslogic/session_manager.go:1039.2,1046.15 3 1
cryptoutil/internal/apps/template/service/server/businesslogic/session_manager.go:1046.15,1053.3 3 1
cryptoutil/internal/apps/template/service/server/businesslogic/session_manager.go:1053.8,1060.3 3 1
cryptoutil/internal/apps/template/service/server/businesslogic/session_manager.go:1062.2,1062.20 1 1
cryptoutil/internal/apps/template/service/server/businesslogic/session_manager.go:1062.20,1063.49 1 1
cryptoutil/internal/apps/template/service/server/businesslogic/session_manager.go:1063.49,1067.4 2 1
cryptoutil/internal/apps/template/service/server/businesslogic/session_manager.go:1069.3,1069.65 1 0
cryptoutil/internal/apps/template/service/server/businesslogic/session_manager.go:1073.2,1076.22 2 1
cryptoutil/internal/apps/template/service/server/businesslogic/session_manager.go:1076.22,1079.3 1 0
cryptoutil/internal/apps/template/service/server/businesslogic/session_manager.go:1081.2,1081.21 1 1
cryptoutil/internal/apps/template/service/server/businesslogic/session_manager.go:1085.151,1088.15 2 1
cryptoutil/internal/apps/template/service/server/businesslogic/session_manager.go:1088.15,1090.3 1 1
cryptoutil/internal/apps/template/service/server/businesslogic/session_manager.go:1090.8,1092.3 1 1
cryptoutil/internal/apps/template/service/server/businesslogic/session_manager.go:1094.2,1099.15 2 1
cryptoutil/internal/apps/template/service/server/businesslogic/session_manager.go:1099.15,1103.21 3 1
cryptoutil/internal/apps/template/service/server/businesslogic/session_manager.go:1103.21,1105.4 1 1
cryptoutil/internal/apps/template/service/server/businesslogic/session_manager.go:1106.8,1110.21 3 1
cryptoutil/internal/apps/template/service/server/businesslogic/session_manager.go:1110.21,1112.4 1 1
cryptoutil/internal/apps/template/service/server/businesslogic/session_manager.go:1115.2,1115.20 1 1
cryptoutil/internal/apps/template/service/server/businesslogic/session_manager.go:1115.20,1117.3 1 0
cryptoutil/internal/apps/template/service/server/businesslogic/session_manager.go:1120.2,1125.23 2 1
cryptoutil/internal/apps/template/service/server/businesslogic/session_manager.go:1125.23,1127.24 2 0
cryptoutil/internal/apps/template/service/server/businesslogic/session_manager.go:1127.24,1129.4 1 0
cryptoutil/internal/apps/template/service/server/businesslogic/session_manager.go:1130.8,1133.3 1 1
cryptoutil/internal/apps/template/service/server/businesslogic/session_manager.go:1136.2,1137.21 2 1
cryptoutil/internal/apps/template/service/server/businesslogic/session_manager.go:1137.21,1139.3 1 0
cryptoutil/internal/apps/template/service/server/businesslogic/session_manager.go:1142.2,1145.15 3 1
cryptoutil/internal/apps/template/service/server/businesslogic/session_manager.go:1145.15,1147.3 1 1
cryptoutil/internal/apps/template/service/server/businesslogic/session_manager.go:1147.8,1149.3 1 1
cryptoutil/internal/apps/template/service/server/businesslogic/session_manager.go:1151.2,1163.23 4 1
cryptoutil/internal/apps/template/service/server/businesslogic/session_manager.go:1163.23,1165.3 1 0
cryptoutil/internal/apps/template/service/server/businesslogic/session_manager.go:1168.2,1169.23 2 1
cryptoutil/internal/apps/template/service/server/businesslogic/session_manager.go:1169.23,1171.3 1 0
cryptoutil/internal/apps/template/service/server/businesslogic/session_manager.go:1174.2,1175.20 2 1
cryptoutil/internal/apps/template/service/server/businesslogic/session_manager.go:1175.20,1177.3 1 0
cryptoutil/internal/apps/template/service/server/businesslogic/session_manager.go:1180.2,1192.15 3 1
cryptoutil/internal/apps/template/service/server/businesslogic/session_manager.go:1192.15,1198.3 2 1
cryptoutil/internal/apps/template/service/server/businesslogic/session_manager.go:1198.8,1204.3 2 1
cryptoutil/internal/apps/template/service/server/businesslogic/session_manager.go:1206.2,1206.22 1 1
cryptoutil/internal/apps/template/service/server/businesslogic/session_manager.go:1206.22,1208.3 1 0
cryptoutil/internal/apps/template/service/server/businesslogic/session_manager.go:1210.2,1210.30 1 1
cryptoutil/internal/apps/template/service/server/businesslogic/session_manager.go:1214.110,1217.15 2 1
cryptoutil/internal/apps/template/service/server/businesslogic/session_manager.go:1217.15,1219.3 1 1
cryptoutil/internal/apps/template/service/server/businesslogic/session_manager.go:1219.8,1221.3 1 1
cryptoutil/internal/apps/template/service/server/businesslogic/session_manager.go:1223.2,1228.15 2 1
cryptoutil/internal/apps/template/service/server/businesslogic/session_manager.go:1228.15,1232.21 3 1
cryptoutil/internal/apps/template/service/server/businesslogic/session_manager.go:1232.21,1234.4 1 1
cryptoutil/internal/apps/template/service/server/businesslogic/session_manager.go:1235.8,1239.21 3 1
cryptoutil/internal/apps/template/service/server/businesslogic/session_manager.go:1239.21,1241.4 1 1
cryptoutil/internal/apps/template/service/server/businesslogic/session_manager.go:1244.2,1244.20 1 1
cryptoutil/internal/apps/template/service/server/businesslogic/session_manager.go:1244.20,1248.3 2 0
cryptoutil/internal/apps/template/service/server/businesslogic/session_manager.go:1251.2,1256.23 2 1
cryptoutil/internal/apps/template/service/server/businesslogic/session_manager.go:1256.23,1258.24 2 0
cryptoutil/internal/apps/template/service/server/businesslogic/session_manager.go:1258.24,1262.4 2 0
cryptoutil/internal/apps/template/service/server/businesslogic/session_manager.go:1263.8,1266.3 1 1
cryptoutil/internal/apps/template/service/server/businesslogic/session_manager.go:1269.2,1270.21 2 1
cryptoutil/internal/apps/template/service/server/businesslogic/session_manager.go:1270.21,1274.3 2 0
cryptoutil/internal/apps/template/service/server/businesslogic/session_manager.go:1277.2,1278.22 2 1
cryptoutil/internal/apps/template/service/server/businesslogic/session_manager.go:1278.22,1282.3 2 1
cryptoutil/internal/apps/template/service/server/businesslogic/session_manager.go:1285.2,1288.25 3 1
cryptoutil/internal/apps/template/service/server/businesslogic/session_manager.go:1288.25,1292.3 2 0
cryptoutil/internal/apps/template/service/server/businesslogic/session_manager.go:1295.2,1296.12 2 1
cryptoutil/internal/apps/template/service/server/businesslogic/session_manager.go:1296.12,1300.3 2 0
cryptoutil/internal/apps/template/service/server/businesslogic/session_manager.go:1302.2,1305.20 3 1
cryptoutil/internal/apps/template/service/server/businesslogic/session_manager.go:1305.20,1309.3 2 1
cryptoutil/internal/apps/template/service/server/businesslogic/session_manager.go:1312.2,1313.12 2 1
cryptoutil/internal/apps/template/service/server/businesslogic/session_manager.go:1313.12,1317.3 2 0
cryptoutil/internal/apps/template/service/server/businesslogic/session_manager.go:1319.2,1320.24 2 1
cryptoutil/internal/apps/template/service/server/businesslogic/session_manager.go:1320.24,1324.3 2 0
cryptoutil/internal/apps/template/service/server/businesslogic/session_manager.go:1327.2,1332.15 2 1
cryptoutil/internal/apps/template/service/server/businesslogic/session_manager.go:1332.15,1339.3 3 1
cryptoutil/internal/apps/template/service/server/businesslogic/session_manager.go:1339.8,1346.3 3 1
cryptoutil/internal/apps/template/service/server/businesslogic/session_manager.go:1348.2,1348.20 1 1
cryptoutil/internal/apps/template/service/server/businesslogic/session_manager.go:1348.20,1349.49 1 1
cryptoutil/internal/apps/template/service/server/businesslogic/session_manager.go:1349.49,1353.4 2 1
cryptoutil/internal/apps/template/service/server/businesslogic/session_manager.go:1355.3,1355.65 1 0
cryptoutil/internal/apps/template/service/server/businesslogic/session_manager.go:1359.2,1362.22 2 1
cryptoutil/internal/apps/template/service/server/businesslogic/session_manager.go:1362.22,1365.3 1 0
cryptoutil/internal/apps/template/service/server/businesslogic/session_manager.go:1367.2,1367.21 1 1
cryptoutil/internal/apps/template/service/server/businesslogic/session_manager_service.go:35.35,36.16 1 1
cryptoutil/internal/apps/template/service/server/businesslogic/session_manager_service.go:36.16,38.3 1 1
cryptoutil/internal/apps/template/service/server/businesslogic/session_manager_service.go:40.2,40.15 1 1
cryptoutil/internal/apps/template/service/server/businesslogic/session_manager_service.go:40.15,42.3 1 1
cryptoutil/internal/apps/template/service/server/businesslogic/session_manager_service.go:44.2,44.29 1 1
cryptoutil/internal/apps/template/service/server/businesslogic/session_manager_service.go:44.29,46.3 1 1
cryptoutil/internal/apps/template/service/server/businesslogic/session_manager_service.go:48.2,48.26 1 0
cryptoutil/internal/apps/template/service/server/businesslogic/session_manager_service.go:48.26,50.3 1 0
cryptoutil/internal/apps/template/service/server/businesslogic/session_manager_service.go:52.2,52.27 1 0
cryptoutil/internal/apps/template/service/server/businesslogic/session_manager_service.go:52.27,54.3 1 0
cryptoutil/internal/apps/template/service/server/businesslogic/session_manager_service.go:56.2,56.19 1 0
cryptoutil/internal/apps/template/service/server/businesslogic/session_manager_service.go:56.19,58.3 1 0
cryptoutil/internal/apps/template/service/server/businesslogic/session_manager_service.go:61.2,68.55 2 0
cryptoutil/internal/apps/template/service/server/businesslogic/session_manager_service.go:68.55,70.3 1 0
cryptoutil/internal/apps/template/service/server/businesslogic/session_manager_service.go:72.2,74.8 1 0
cryptoutil/internal/apps/template/service/server/businesslogic/session_manager_service.go:83.19,84.16 1 1
cryptoutil/internal/apps/template/service/server/businesslogic/session_manager_service.go:84.16,86.3 1 1
cryptoutil/internal/apps/template/service/server/businesslogic/session_manager_service.go:88.2,88.18 1 1
cryptoutil/internal/apps/template/service/server/businesslogic/session_manager_service.go:88.18,90.3 1 1
cryptoutil/internal/apps/template/service/server/businesslogic/session_manager_service.go:92.2,92.77 1 1
cryptoutil/internal/apps/template/service/server/businesslogic/session_manager_service.go:99.57,100.16 1 1
cryptoutil/internal/apps/template/service/server/businesslogic/session_manager_service.go:100.16,102.3 1 1
cryptoutil/internal/apps/template/service/server/businesslogic/session_manager_service.go:104.2,104.17 1 1
cryptoutil/internal/apps/template/service/server/businesslogic/session_manager_service.go:104.17,106.3 1 1
cryptoutil/internal/apps/template/service/server/businesslogic/session_manager_service.go:108.2,108.60 1 1
cryptoutil/internal/apps/template/service/server/businesslogic/session_manager_service.go:117.19,118.16 1 1
cryptoutil/internal/apps/template/service/server/businesslogic/session_manager_service.go:118.16,120.3 1 1
cryptoutil/internal/apps/template/service/server/businesslogic/session_manager_service.go:122.2,122.20 1 1
cryptoutil/internal/apps/template/service/server/businesslogic/session_manager_service.go:122.20,124.3 1 1
cryptoutil/internal/apps/template/service/server/businesslogic/session_manager_service.go:126.2,126.79 1 1
cryptoutil/internal/apps/template/service/server/businesslogic/session_manager_service.go:133.57,134.16 1 1
cryptoutil/internal/apps/template/service/server/businesslogic/session_manager_service.go:134.16,136.3 1 1
cryptoutil/internal/apps/template/service/server/businesslogic/session_manager_service.go:138.2,138.17 1 1
cryptoutil/internal/apps/template/service/server/businesslogic/session_manager_service.go:138.17,140.3 1 1
cryptoutil/internal/apps/template/service/server/businesslogic/session_manager_service.go:142.2,142.60 1 1
cryptoutil/internal/apps/template/service/server/businesslogic/session_manager_service.go:148.9,149.16 1 1
cryptoutil/internal/apps/template/service/server/businesslogic/session_manager_service.go:149.16,151.3 1 1
cryptoutil/internal/apps/template/service/server/businesslogic/session_manager_service.go:153.2,153.53 1 1
cryptoutil/internal/apps/template/service/server/businesslogic/tenant_registration_service.go:32.30,39.2 1 1
cryptoutil/internal/apps/template/service/server/businesslogic/tenant_registration_service.go:47.49,48.18 1 1
cryptoutil/internal/apps/template/service/server/businesslogic/tenant_registration_service.go:48.18,55.58 2 1
cryptoutil/internal/apps/template/service/server/businesslogic/tenant_registration_service.go:55.58,57.4 1 0
cryptoutil/internal/apps/template/service/server/businesslogic/tenant_registration_service.go:61.3,61.21 1 1
cryptoutil/internal/apps/template/service/server/businesslogic/tenant_registration_service.go:67.2,67.73 1 1
cryptoutil/internal/apps/template/service/server/businesslogic/tenant_registration_service.go:75.9,78.16 2 1
cryptoutil/internal/apps/template/service/server/businesslogic/tenant_registration_service.go:78.16,80.3 1 0
cryptoutil/internal/apps/template/service/server/businesslogic/tenant_registration_service.go:83.2,91.67 2 1
cryptoutil/internal/apps/template/service/server/businesslogic/tenant_registration_service.go:91.67,93.3 1 0
cryptoutil/internal/apps/template/service/server/businesslogic/tenant_registration_service.go:95.2,95.12 1 1
cryptoutil/internal/apps/template/service/server/businesslogic/tenant_registration_service.go:104.9,107.16 2 1
cryptoutil/internal/apps/template/service/server/businesslogic/tenant_registration_service.go:107.16,109.3 1 0
cryptoutil/internal/apps/template/service/server/businesslogic/tenant_registration_service.go:112.2,112.77 1 1
cryptoutil/internal/apps/template/service/server/businesslogic/tenant_registration_service.go:112.77,114.3 1 1
cryptoutil/internal/apps/template/service/server/businesslogic/tenant_registration_service.go:119.2,123.14 4 1
cryptoutil/internal/apps/template/service/server/businesslogic/tenant_registration_service.go:123.14,126.3 1 1
cryptoutil/internal/apps/template/service/server/businesslogic/tenant_registration_service.go:126.8,128.3 1 1
cryptoutil/internal/apps/template/service/server/businesslogic/tenant_registration_service.go:130.2,130.67 1 1
cryptoutil/internal/apps/template/service/server/businesslogic/tenant_registration_service.go:130.67,132.3 1 0
cryptoutil/internal/apps/template/service/server/businesslogic/tenant_registration_service.go:134.2,134.12 1 1
cryptoutil/internal/apps/template/service/server/businesslogic/tenant_registration_service.go:141.58,144.16 2 1
cryptoutil/internal/apps/template/service/server/businesslogic/tenant_registration_service.go:144.16,146.3 1 0
cryptoutil/internal/apps/template/service/server/businesslogic/tenant_registration_service.go:148.2,148.22 1 1
