mode: set
cryptoutil/internal/apps/template/service/server/application.go:82.25,83.16 1 1
cryptoutil/internal/apps/template/service/server/application.go:83.16,85.3 1 1
cryptoutil/internal/apps/template/service/server/application.go:85.8,85.32 1 1
cryptoutil/internal/apps/template/service/server/application.go:85.32,87.3 1 1
cryptoutil/internal/apps/template/service/server/application.go:87.8,87.31 1 1
cryptoutil/internal/apps/template/service/server/application.go:87.31,89.3 1 1
cryptoutil/internal/apps/template/service/server/application.go:91.2,95.8 1 1
cryptoutil/internal/apps/template/service/server/application.go:115.56,116.16 1 1
cryptoutil/internal/apps/template/service/server/application.go:116.16,118.3 1 1
cryptoutil/internal/apps/template/service/server/application.go:121.2,123.12 2 1
cryptoutil/internal/apps/template/service/server/application.go:123.12,124.51 1 1
cryptoutil/internal/apps/template/service/server/application.go:124.51,126.4 1 1
cryptoutil/internal/apps/template/service/server/application.go:129.2,129.12 1 1
cryptoutil/internal/apps/template/service/server/application.go:129.12,130.50 1 1
cryptoutil/internal/apps/template/service/server/application.go:130.50,132.4 1 1
cryptoutil/internal/apps/template/service/server/application.go:136.2,136.9 1 1
cryptoutil/internal/apps/template/service/server/application.go:137.24,141.13 2 1
cryptoutil/internal/apps/template/service/server/application.go:142.20,146.68 2 1
cryptoutil/internal/apps/template/service/server/application.go:164.59,165.16 1 1
cryptoutil/internal/apps/template/service/server/application.go:165.16,167.3 1 1
cryptoutil/internal/apps/template/service/server/application.go:169.2,176.27 5 1
cryptoutil/internal/apps/template/service/server/application.go:176.27,177.54 1 1
cryptoutil/internal/apps/template/service/server/application.go:177.54,179.4 1 1
cryptoutil/internal/apps/template/service/server/application.go:183.2,183.26 1 1
cryptoutil/internal/apps/template/service/server/application.go:183.26,184.53 1 1
cryptoutil/internal/apps/template/service/server/application.go:184.53,185.26 1 1
cryptoutil/internal/apps/template/service/server/application.go:185.26,187.5 1 1
cryptoutil/internal/apps/template/service/server/application.go:189.4,189.65 1 1
cryptoutil/internal/apps/template/service/server/application.go:193.2,193.20 1 1
cryptoutil/internal/apps/template/service/server/application.go:203.40,204.27 1 1
cryptoutil/internal/apps/template/service/server/application.go:204.27,206.3 1 1
cryptoutil/internal/apps/template/service/server/application.go:208.2,208.36 1 1
cryptoutil/internal/apps/template/service/server/application.go:218.39,219.26 1 1
cryptoutil/internal/apps/template/service/server/application.go:219.26,221.3 1 1
cryptoutil/internal/apps/template/service/server/application.go:223.2,223.35 1 1
cryptoutil/internal/apps/template/service/server/application.go:233.46,234.27 1 1
cryptoutil/internal/apps/template/service/server/application.go:234.27,236.3 1 1
cryptoutil/internal/apps/template/service/server/application.go:238.2,238.39 1 1
cryptoutil/internal/apps/template/service/server/application.go:248.45,249.26 1 1
cryptoutil/internal/apps/template/service/server/application.go:249.26,251.3 1 1
cryptoutil/internal/apps/template/service/server/application.go:253.2,253.37 1 1
cryptoutil/internal/apps/template/service/server/application.go:262.41,267.2 3 1
cryptoutil/internal/apps/template/service/server/application.go:278.44,279.26 1 1
cryptoutil/internal/apps/template/service/server/application.go:279.26,281.3 1 1
cryptoutil/internal/apps/template/service/server/public_server_base.go:39.78,40.16 1 1
cryptoutil/internal/apps/template/service/server/public_server_base.go:40.16,42.3 1 1
cryptoutil/internal/apps/template/service/server/public_server_base.go:44.2,44.27 1 1
cryptoutil/internal/apps/template/service/server/public_server_base.go:44.27,46.3 1 1
cryptoutil/internal/apps/template/service/server/public_server_base.go:48.2,48.28 1 1
cryptoutil/internal/apps/template/service/server/public_server_base.go:48.28,50.3 1 1
cryptoutil/internal/apps/template/service/server/public_server_base.go:52.2,61.15 3 1
cryptoutil/internal/apps/template/service/server/public_server_base.go:65.54,68.2 2 1
cryptoutil/internal/apps/template/service/server/public_server_base.go:71.68,75.16 3 1
cryptoutil/internal/apps/template/service/server/public_server_base.go:75.16,80.3 1 1
cryptoutil/internal/apps/template/service/server/public_server_base.go:83.2,85.4 1 1
cryptoutil/internal/apps/template/service/server/public_server_base.go:89.68,93.16 3 1
cryptoutil/internal/apps/template/service/server/public_server_base.go:93.16,98.3 1 1
cryptoutil/internal/apps/template/service/server/public_server_base.go:101.2,103.4 1 1
cryptoutil/internal/apps/template/service/server/public_server_base.go:107.61,108.16 1 1
cryptoutil/internal/apps/template/service/server/public_server_base.go:108.16,110.3 1 1
cryptoutil/internal/apps/template/service/server/public_server_base.go:112.2,120.16 7 1
cryptoutil/internal/apps/template/service/server/public_server_base.go:120.16,122.3 1 0
cryptoutil/internal/apps/template/service/server/public_server_base.go:124.2,127.9 3 1
cryptoutil/internal/apps/template/service/server/public_server_base.go:127.9,131.3 2 0
cryptoutil/internal/apps/template/service/server/public_server_base.go:133.2,140.12 5 1
cryptoutil/internal/apps/template/service/server/public_server_base.go:140.12,141.53 1 1
cryptoutil/internal/apps/template/service/server/public_server_base.go:141.53,143.4 1 0
cryptoutil/internal/apps/template/service/server/public_server_base.go:143.9,145.4 1 1
cryptoutil/internal/apps/template/service/server/public_server_base.go:148.2,148.9 1 1
cryptoutil/internal/apps/template/service/server/public_server_base.go:149.26,157.66 5 1
cryptoutil/internal/apps/template/service/server/public_server_base.go:158.24,159.13 1 0
cryptoutil/internal/apps/template/service/server/public_server_base.go:164.62,168.16 3 1
cryptoutil/internal/apps/template/service/server/public_server_base.go:168.16,170.3 1 1
cryptoutil/internal/apps/template/service/server/public_server_base.go:172.2,174.21 2 1
cryptoutil/internal/apps/template/service/server/public_server_base.go:174.21,176.3 1 1
cryptoutil/internal/apps/template/service/server/public_server_base.go:178.2,178.18 1 1
cryptoutil/internal/apps/template/service/server/public_server_base.go:178.18,179.42 1 1
cryptoutil/internal/apps/template/service/server/public_server_base.go:179.42,181.4 1 0
cryptoutil/internal/apps/template/service/server/public_server_base.go:184.2,184.12 1 1
cryptoutil/internal/apps/template/service/server/public_server_base.go:188.45,193.2 3 1
cryptoutil/internal/apps/template/service/server/public_server_base.go:196.51,201.2 3 1
cryptoutil/internal/apps/template/service/server/public_server_base.go:204.45,206.2 1 1
cryptoutil/internal/apps/template/service/server/service_template.go:38.90,39.41 1 1
cryptoutil/internal/apps/template/service/server/service_template.go:39.41,43.3 2 1
cryptoutil/internal/apps/template/service/server/service_template.go:55.29,56.16 1 1
cryptoutil/internal/apps/template/service/server/service_template.go:56.16,58.3 1 1
cryptoutil/internal/apps/template/service/server/service_template.go:58.8,58.26 1 1
cryptoutil/internal/apps/template/service/server/service_template.go:58.26,60.3 1 1
cryptoutil/internal/apps/template/service/server/service_template.go:60.8,60.22 1 1
cryptoutil/internal/apps/template/service/server/service_template.go:60.22,62.3 1 1
cryptoutil/internal/apps/template/service/server/service_template.go:65.2,65.16 1 1
cryptoutil/internal/apps/template/service/server/service_template.go:66.120,66.120 0 1
cryptoutil/internal/apps/template/service/server/service_template.go:68.10,69.62 1 1
cryptoutil/internal/apps/template/service/server/service_template.go:73.2,74.16 2 1
cryptoutil/internal/apps/template/service/server/service_template.go:74.16,76.3 1 0
cryptoutil/internal/apps/template/service/server/service_template.go:80.2,81.16 2 1
cryptoutil/internal/apps/template/service/server/service_template.go:81.16,83.3 1 0
cryptoutil/internal/apps/template/service/server/service_template.go:85.2,95.30 2 1
cryptoutil/internal/apps/template/service/server/service_template.go:95.30,96.33 1 1
cryptoutil/internal/apps/template/service/server/service_template.go:96.33,98.4 1 1
cryptoutil/internal/apps/template/service/server/service_template.go:101.2,101.16 1 1
cryptoutil/internal/apps/template/service/server/service_template.go:105.85,107.2 1 1
cryptoutil/internal/apps/template/service/server/service_template.go:110.42,112.2 1 1
cryptoutil/internal/apps/template/service/server/service_template.go:115.53,118.2 1 1
cryptoutil/internal/apps/template/service/server/service_template.go:121.85,123.2 1 1
cryptoutil/internal/apps/template/service/server/service_template.go:126.78,128.2 1 1
cryptoutil/internal/apps/template/service/server/service_template.go:131.67,133.2 1 1
cryptoutil/internal/apps/template/service/server/service_template.go:136.79,138.2 1 1
cryptoutil/internal/apps/template/service/server/service_template.go:141.39,142.25 1 1
cryptoutil/internal/apps/template/service/server/service_template.go:142.25,144.3 1 1
cryptoutil/internal/apps/template/service/server/service_template.go:146.2,146.22 1 1
cryptoutil/internal/apps/template/service/server/service_template.go:146.22,148.3 1 1
cryptoutil/internal/apps/template/service/server/service_template.go:150.2,150.23 1 1
cryptoutil/internal/apps/template/service/server/service_template.go:150.23,152.3 1 0
cryptoutil/internal/apps/template/service/server/service_template.go:158.168,161.2 1 1
