mode: set
cryptoutil/internal/server/businesslogic/businesslogic.go:34.294,35.16 1 1
cryptoutil/internal/server/businesslogic/businesslogic.go:35.16,37.3 1 1
cryptoutil/internal/server/businesslogic/businesslogic.go:37.8,37.36 1 1
cryptoutil/internal/server/businesslogic/businesslogic.go:37.36,39.3 1 1
cryptoutil/internal/server/businesslogic/businesslogic.go:39.8,39.33 1 1
cryptoutil/internal/server/businesslogic/businesslogic.go:39.33,41.3 1 1
cryptoutil/internal/server/businesslogic/businesslogic.go:41.8,41.33 1 1
cryptoutil/internal/server/businesslogic/businesslogic.go:41.33,43.3 1 1
cryptoutil/internal/server/businesslogic/businesslogic.go:43.8,43.34 1 1
cryptoutil/internal/server/businesslogic/businesslogic.go:43.34,45.3 1 1
cryptoutil/internal/server/businesslogic/businesslogic.go:47.2,53.8 1 1
cryptoutil/internal/server/businesslogic/businesslogic.go:56.177,60.43 3 0
cryptoutil/internal/server/businesslogic/businesslogic.go:60.43,62.3 1 0
cryptoutil/internal/server/businesslogic/businesslogic.go:65.2,66.16 2 0
cryptoutil/internal/server/businesslogic/businesslogic.go:66.16,68.3 1 0
cryptoutil/internal/server/businesslogic/businesslogic.go:70.2,72.147 2 0
cryptoutil/internal/server/businesslogic/businesslogic.go:72.147,74.17 2 0
cryptoutil/internal/server/businesslogic/businesslogic.go:74.17,76.4 1 0
cryptoutil/internal/server/businesslogic/businesslogic.go:78.3,79.17 2 0
cryptoutil/internal/server/businesslogic/businesslogic.go:79.17,81.4 1 0
cryptoutil/internal/server/businesslogic/businesslogic.go:83.3,84.17 2 0
cryptoutil/internal/server/businesslogic/businesslogic.go:84.17,86.4 1 0
cryptoutil/internal/server/businesslogic/businesslogic.go:88.3,91.17 3 0
cryptoutil/internal/server/businesslogic/businesslogic.go:91.17,93.4 1 0
cryptoutil/internal/server/businesslogic/businesslogic.go:95.3,96.17 2 0
cryptoutil/internal/server/businesslogic/businesslogic.go:96.17,98.4 1 0
cryptoutil/internal/server/businesslogic/businesslogic.go:100.3,101.17 2 0
cryptoutil/internal/server/businesslogic/businesslogic.go:101.17,103.4 1 0
cryptoutil/internal/server/businesslogic/businesslogic.go:105.3,105.13 1 0
cryptoutil/internal/server/businesslogic/businesslogic.go:107.2,107.16 1 0
cryptoutil/internal/server/businesslogic/businesslogic.go:107.16,109.3 1 0
cryptoutil/internal/server/businesslogic/businesslogic.go:111.2,111.59 1 0
cryptoutil/internal/server/businesslogic/businesslogic.go:114.156,117.147 2 0
cryptoutil/internal/server/businesslogic/businesslogic.go:117.147,121.17 3 0
cryptoutil/internal/server/businesslogic/businesslogic.go:121.17,123.4 1 0
cryptoutil/internal/server/businesslogic/businesslogic.go:125.3,125.13 1 0
cryptoutil/internal/server/businesslogic/businesslogic.go:127.2,127.16 1 0
cryptoutil/internal/server/businesslogic/businesslogic.go:127.16,129.3 1 0
cryptoutil/internal/server/businesslogic/businesslogic.go:131.2,131.59 1 0
cryptoutil/internal/server/businesslogic/businesslogic.go:134.183,136.16 2 0
cryptoutil/internal/server/businesslogic/businesslogic.go:136.16,138.3 1 0
cryptoutil/internal/server/businesslogic/businesslogic.go:140.2,142.146 2 0
cryptoutil/internal/server/businesslogic/businesslogic.go:142.146,146.17 3 0
cryptoutil/internal/server/businesslogic/businesslogic.go:146.17,148.4 1 0
cryptoutil/internal/server/businesslogic/businesslogic.go:150.3,150.13 1 0
cryptoutil/internal/server/businesslogic/businesslogic.go:152.2,152.16 1 0
cryptoutil/internal/server/businesslogic/businesslogic.go:152.16,154.3 1 0
cryptoutil/internal/server/businesslogic/businesslogic.go:156.2,156.61 1 0
cryptoutil/internal/server/businesslogic/businesslogic.go:159.208,164.148 3 0
cryptoutil/internal/server/businesslogic/businesslogic.go:164.148,168.17 3 0
cryptoutil/internal/server/businesslogic/businesslogic.go:168.17,170.4 1 0
cryptoutil/internal/server/businesslogic/businesslogic.go:172.3,172.146 1 0
cryptoutil/internal/server/businesslogic/businesslogic.go:172.146,174.4 1 0
cryptoutil/internal/server/businesslogic/businesslogic.go:176.3,177.17 2 0
cryptoutil/internal/server/businesslogic/businesslogic.go:177.17,179.4 1 0
cryptoutil/internal/server/businesslogic/businesslogic.go:181.3,184.17 3 0
cryptoutil/internal/server/businesslogic/businesslogic.go:184.17,186.4 1 0
cryptoutil/internal/server/businesslogic/businesslogic.go:188.3,197.17 3 0
cryptoutil/internal/server/businesslogic/businesslogic.go:197.17,199.4 1 0
cryptoutil/internal/server/businesslogic/businesslogic.go:201.3,201.13 1 0
cryptoutil/internal/server/businesslogic/businesslogic.go:203.2,203.16 1 0
cryptoutil/internal/server/businesslogic/businesslogic.go:203.16,205.3 1 0
cryptoutil/internal/server/businesslogic/businesslogic.go:207.2,208.16 2 0
cryptoutil/internal/server/businesslogic/businesslogic.go:208.16,210.3 1 0
cryptoutil/internal/server/businesslogic/businesslogic.go:212.2,212.28 1 0
cryptoutil/internal/server/businesslogic/businesslogic.go:215.252,217.16 2 0
cryptoutil/internal/server/businesslogic/businesslogic.go:217.16,219.3 1 0
cryptoutil/internal/server/businesslogic/businesslogic.go:221.2,225.146 3 0
cryptoutil/internal/server/businesslogic/businesslogic.go:225.146,229.17 3 0
cryptoutil/internal/server/businesslogic/businesslogic.go:229.17,231.4 1 0
cryptoutil/internal/server/businesslogic/businesslogic.go:231.9,231.34 1 0
cryptoutil/internal/server/businesslogic/businesslogic.go:231.34,233.4 1 0
cryptoutil/internal/server/businesslogic/businesslogic.go:235.3,236.17 2 0
cryptoutil/internal/server/businesslogic/businesslogic.go:236.17,238.4 1 0
cryptoutil/internal/server/businesslogic/businesslogic.go:240.3,240.13 1 0
cryptoutil/internal/server/businesslogic/businesslogic.go:242.2,242.16 1 0
cryptoutil/internal/server/businesslogic/businesslogic.go:242.16,244.3 1 0
cryptoutil/internal/server/businesslogic/businesslogic.go:246.2,247.16 2 0
cryptoutil/internal/server/businesslogic/businesslogic.go:247.16,249.3 1 0
cryptoutil/internal/server/businesslogic/businesslogic.go:251.2,251.29 1 0
cryptoutil/internal/server/businesslogic/businesslogic.go:254.188,256.16 2 0
cryptoutil/internal/server/businesslogic/businesslogic.go:256.16,258.3 1 0
cryptoutil/internal/server/businesslogic/businesslogic.go:260.2,264.146 3 0
cryptoutil/internal/server/businesslogic/businesslogic.go:264.146,266.17 2 0
cryptoutil/internal/server/businesslogic/businesslogic.go:266.17,268.4 1 0
cryptoutil/internal/server/businesslogic/businesslogic.go:270.3,270.50 1 0
cryptoutil/internal/server/businesslogic/businesslogic.go:270.50,273.18 2 0
cryptoutil/internal/server/businesslogic/businesslogic.go:273.18,275.5 1 0
cryptoutil/internal/server/businesslogic/businesslogic.go:275.10,275.35 1 0
cryptoutil/internal/server/businesslogic/businesslogic.go:275.35,277.5 1 0
cryptoutil/internal/server/businesslogic/businesslogic.go:280.3,280.13 1 0
cryptoutil/internal/server/businesslogic/businesslogic.go:282.2,282.16 1 0
cryptoutil/internal/server/businesslogic/businesslogic.go:282.16,284.3 1 0
cryptoutil/internal/server/businesslogic/businesslogic.go:286.2,287.16 2 0
cryptoutil/internal/server/businesslogic/businesslogic.go:287.16,289.3 1 0
cryptoutil/internal/server/businesslogic/businesslogic.go:291.2,291.29 1 0
cryptoutil/internal/server/businesslogic/businesslogic.go:294.187,297.147 2 0
cryptoutil/internal/server/businesslogic/businesslogic.go:297.147,301.17 3 0
cryptoutil/internal/server/businesslogic/businesslogic.go:301.17,303.4 1 0
cryptoutil/internal/server/businesslogic/businesslogic.go:305.3,306.17 2 0
cryptoutil/internal/server/businesslogic/businesslogic.go:306.17,308.4 1 0
cryptoutil/internal/server/businesslogic/businesslogic.go:310.3,310.13 1 0
cryptoutil/internal/server/businesslogic/businesslogic.go:312.2,312.16 1 0
cryptoutil/internal/server/businesslogic/businesslogic.go:312.16,314.3 1 0
cryptoutil/internal/server/businesslogic/businesslogic.go:316.2,317.16 2 0
cryptoutil/internal/server/businesslogic/businesslogic.go:317.16,319.3 1 0
cryptoutil/internal/server/businesslogic/businesslogic.go:321.2,321.72 1 0
cryptoutil/internal/server/businesslogic/businesslogic.go:324.198,326.16 2 0
cryptoutil/internal/server/businesslogic/businesslogic.go:326.16,328.3 1 0
cryptoutil/internal/server/businesslogic/businesslogic.go:330.2,331.16 2 0
cryptoutil/internal/server/businesslogic/businesslogic.go:331.16,333.3 1 0
cryptoutil/internal/server/businesslogic/businesslogic.go:335.2,336.16 2 0
cryptoutil/internal/server/businesslogic/businesslogic.go:336.16,338.3 1 0
cryptoutil/internal/server/businesslogic/businesslogic.go:340.2,340.85 1 0
cryptoutil/internal/server/businesslogic/businesslogic.go:343.205,345.16 2 0
cryptoutil/internal/server/businesslogic/businesslogic.go:345.16,347.3 1 0
cryptoutil/internal/server/businesslogic/businesslogic.go:349.2,349.55 1 0
cryptoutil/internal/server/businesslogic/businesslogic.go:349.55,351.3 1 0
cryptoutil/internal/server/businesslogic/businesslogic.go:353.2,354.41 2 0
cryptoutil/internal/server/businesslogic/businesslogic.go:354.41,356.3 1 0
cryptoutil/internal/server/businesslogic/businesslogic.go:356.8,358.3 1 0
cryptoutil/internal/server/businesslogic/businesslogic.go:360.2,360.16 1 0
cryptoutil/internal/server/businesslogic/businesslogic.go:360.16,362.3 1 0
cryptoutil/internal/server/businesslogic/businesslogic.go:364.2,364.29 1 0
cryptoutil/internal/server/businesslogic/businesslogic.go:367.150,369.16 2 0
cryptoutil/internal/server/businesslogic/businesslogic.go:369.16,371.3 1 0
cryptoutil/internal/server/businesslogic/businesslogic.go:373.2,374.16 2 0
cryptoutil/internal/server/businesslogic/businesslogic.go:374.16,376.3 1 0
cryptoutil/internal/server/businesslogic/businesslogic.go:378.2,379.16 2 0
cryptoutil/internal/server/businesslogic/businesslogic.go:379.16,381.3 1 0
cryptoutil/internal/server/businesslogic/businesslogic.go:383.2,383.55 1 0
cryptoutil/internal/server/businesslogic/businesslogic.go:383.55,385.3 1 0
cryptoutil/internal/server/businesslogic/businesslogic.go:385.8,385.67 1 0
cryptoutil/internal/server/businesslogic/businesslogic.go:385.67,387.3 1 0
cryptoutil/internal/server/businesslogic/businesslogic.go:389.2,390.16 2 0
cryptoutil/internal/server/businesslogic/businesslogic.go:390.16,392.3 1 0
cryptoutil/internal/server/businesslogic/businesslogic.go:394.2,394.38 1 0
cryptoutil/internal/server/businesslogic/businesslogic.go:397.149,399.16 2 0
cryptoutil/internal/server/businesslogic/businesslogic.go:399.16,401.3 1 0
cryptoutil/internal/server/businesslogic/businesslogic.go:403.2,403.55 1 0
cryptoutil/internal/server/businesslogic/businesslogic.go:403.55,405.3 1 0
cryptoutil/internal/server/businesslogic/businesslogic.go:407.2,408.16 2 0
cryptoutil/internal/server/businesslogic/businesslogic.go:408.16,410.3 1 0
cryptoutil/internal/server/businesslogic/businesslogic.go:412.2,412.29 1 0
cryptoutil/internal/server/businesslogic/businesslogic.go:415.149,417.16 2 0
cryptoutil/internal/server/businesslogic/businesslogic.go:417.16,419.3 1 0
cryptoutil/internal/server/businesslogic/businesslogic.go:421.2,422.16 2 0
cryptoutil/internal/server/businesslogic/businesslogic.go:422.16,424.3 1 0
cryptoutil/internal/server/businesslogic/businesslogic.go:426.2,427.16 2 0
cryptoutil/internal/server/businesslogic/businesslogic.go:427.16,429.3 1 0
cryptoutil/internal/server/businesslogic/businesslogic.go:431.2,431.55 1 0
cryptoutil/internal/server/businesslogic/businesslogic.go:431.55,433.3 1 0
cryptoutil/internal/server/businesslogic/businesslogic.go:433.8,433.67 1 0
cryptoutil/internal/server/businesslogic/businesslogic.go:433.67,435.3 1 0
cryptoutil/internal/server/businesslogic/businesslogic.go:437.2,438.41 2 0
cryptoutil/internal/server/businesslogic/businesslogic.go:438.41,440.3 1 0
cryptoutil/internal/server/businesslogic/businesslogic.go:440.8,442.3 1 0
cryptoutil/internal/server/businesslogic/businesslogic.go:444.2,444.16 1 0
cryptoutil/internal/server/businesslogic/businesslogic.go:444.16,446.3 1 0
cryptoutil/internal/server/businesslogic/businesslogic.go:448.2,448.37 1 0
cryptoutil/internal/server/businesslogic/businesslogic.go:452.177,463.47 6 1
cryptoutil/internal/server/businesslogic/businesslogic.go:463.47,465.17 2 1
cryptoutil/internal/server/businesslogic/businesslogic.go:465.17,467.4 1 0
cryptoutil/internal/server/businesslogic/businesslogic.go:469.3,470.17 2 1
cryptoutil/internal/server/businesslogic/businesslogic.go:470.17,472.4 1 0
cryptoutil/internal/server/businesslogic/businesslogic.go:473.8,473.54 1 1
cryptoutil/internal/server/businesslogic/businesslogic.go:473.54,475.17 2 1
cryptoutil/internal/server/businesslogic/businesslogic.go:475.17,477.4 1 0
cryptoutil/internal/server/businesslogic/businesslogic.go:479.3,480.17 2 1
cryptoutil/internal/server/businesslogic/businesslogic.go:480.17,482.4 1 0
cryptoutil/internal/server/businesslogic/businesslogic.go:483.8,485.3 1 1
cryptoutil/internal/server/businesslogic/businesslogic.go:487.2,487.131 1 1
cryptoutil/internal/server/businesslogic/businesslogic.go:491.250,498.147 4 0
cryptoutil/internal/server/businesslogic/businesslogic.go:498.147,502.17 3 0
cryptoutil/internal/server/businesslogic/businesslogic.go:502.17,504.4 1 0
cryptoutil/internal/server/businesslogic/businesslogic.go:506.3,506.32 1 0
cryptoutil/internal/server/businesslogic/businesslogic.go:506.32,508.4 1 0
cryptoutil/internal/server/businesslogic/businesslogic.go:508.9,510.4 1 0
cryptoutil/internal/server/businesslogic/businesslogic.go:512.3,512.17 1 0
cryptoutil/internal/server/businesslogic/businesslogic.go:512.17,514.4 1 0
cryptoutil/internal/server/businesslogic/businesslogic.go:516.3,517.17 2 0
cryptoutil/internal/server/businesslogic/businesslogic.go:517.17,519.4 1 0
cryptoutil/internal/server/businesslogic/businesslogic.go:521.3,521.13 1 0
cryptoutil/internal/server/businesslogic/businesslogic.go:523.2,523.16 1 0
cryptoutil/internal/server/businesslogic/businesslogic.go:523.16,525.3 1 0
cryptoutil/internal/server/businesslogic/businesslogic.go:527.2,528.16 2 0
cryptoutil/internal/server/businesslogic/businesslogic.go:528.16,530.3 1 0
cryptoutil/internal/server/businesslogic/businesslogic.go:532.2,533.52 2 0
cryptoutil/internal/server/businesslogic/businesslogic.go:533.52,535.17 2 0
cryptoutil/internal/server/businesslogic/businesslogic.go:535.17,537.4 1 0
cryptoutil/internal/server/businesslogic/businesslogic.go:540.2,540.104 1 0
cryptoutil/internal/server/businesslogic/elastic_key_status_state_machine.go:10.124,28.47 3 1
cryptoutil/internal/server/businesslogic/elastic_key_status_state_machine.go:28.47,30.35 2 1
cryptoutil/internal/server/businesslogic/elastic_key_status_state_machine.go:30.35,32.4 1 1
cryptoutil/internal/server/businesslogic/elastic_key_status_state_machine.go:35.2,35.29 1 1
cryptoutil/internal/server/businesslogic/elastic_key_status_state_machine.go:38.94,40.13 2 1
cryptoutil/internal/server/businesslogic/elastic_key_status_state_machine.go:40.13,42.3 1 1
cryptoutil/internal/server/businesslogic/elastic_key_status_state_machine.go:44.2,44.30 1 1
cryptoutil/internal/server/businesslogic/elastic_key_status_state_machine.go:44.30,46.3 1 1
cryptoutil/internal/server/businesslogic/elastic_key_status_state_machine.go:48.2,48.120 1 1
cryptoutil/internal/server/businesslogic/oam_orm_mapper.go:18.38,20.2 1 1
cryptoutil/internal/server/businesslogic/oam_orm_mapper.go:26.172,37.2 1 1
cryptoutil/internal/server/businesslogic/oam_orm_mapper.go:39.238,47.2 1 1
cryptoutil/internal/server/businesslogic/oam_orm_mapper.go:49.92,51.22 2 1
cryptoutil/internal/server/businesslogic/oam_orm_mapper.go:51.22,53.3 1 1
cryptoutil/internal/server/businesslogic/oam_orm_mapper.go:53.8,55.3 1 1
cryptoutil/internal/server/businesslogic/oam_orm_mapper.go:57.2,57.29 1 1
cryptoutil/internal/server/businesslogic/oam_orm_mapper.go:62.130,64.47 2 1
cryptoutil/internal/server/businesslogic/oam_orm_mapper.go:64.47,66.3 1 1
cryptoutil/internal/server/businesslogic/oam_orm_mapper.go:68.2,68.23 1 1
cryptoutil/internal/server/businesslogic/oam_orm_mapper.go:71.126,82.2 1 1
cryptoutil/internal/server/businesslogic/oam_orm_mapper.go:84.143,90.49 4 1
cryptoutil/internal/server/businesslogic/oam_orm_mapper.go:90.49,92.17 2 1
cryptoutil/internal/server/businesslogic/oam_orm_mapper.go:92.17,94.4 1 1
cryptoutil/internal/server/businesslogic/oam_orm_mapper.go:96.3,96.39 1 1
cryptoutil/internal/server/businesslogic/oam_orm_mapper.go:99.2,99.29 1 1
cryptoutil/internal/server/businesslogic/oam_orm_mapper.go:102.139,103.27 1 1
cryptoutil/internal/server/businesslogic/oam_orm_mapper.go:103.27,105.3 1 1
cryptoutil/internal/server/businesslogic/oam_orm_mapper.go:105.8,105.63 1 1
cryptoutil/internal/server/businesslogic/oam_orm_mapper.go:105.63,107.3 1 1
cryptoutil/internal/server/businesslogic/oam_orm_mapper.go:107.8,107.64 1 1
cryptoutil/internal/server/businesslogic/oam_orm_mapper.go:107.64,109.3 1 1
cryptoutil/internal/server/businesslogic/oam_orm_mapper.go:111.2,113.50 2 1
cryptoutil/internal/server/businesslogic/oam_orm_mapper.go:113.50,116.3 2 1
cryptoutil/internal/server/businesslogic/oam_orm_mapper.go:118.2,126.8 1 1
cryptoutil/internal/server/businesslogic/oam_orm_mapper.go:131.166,132.19 1 1
cryptoutil/internal/server/businesslogic/oam_orm_mapper.go:132.19,134.3 1 1
cryptoutil/internal/server/businesslogic/oam_orm_mapper.go:136.2,139.16 3 1
cryptoutil/internal/server/businesslogic/oam_orm_mapper.go:139.16,141.3 1 0
cryptoutil/internal/server/businesslogic/oam_orm_mapper.go:143.2,144.16 2 1
cryptoutil/internal/server/businesslogic/oam_orm_mapper.go:144.16,146.3 1 0
cryptoutil/internal/server/businesslogic/oam_orm_mapper.go:148.2,149.16 2 1
cryptoutil/internal/server/businesslogic/oam_orm_mapper.go:149.16,151.3 1 0
cryptoutil/internal/server/businesslogic/oam_orm_mapper.go:153.2,154.16 2 1
cryptoutil/internal/server/businesslogic/oam_orm_mapper.go:154.16,156.3 1 0
cryptoutil/internal/server/businesslogic/oam_orm_mapper.go:158.2,159.16 2 1
cryptoutil/internal/server/businesslogic/oam_orm_mapper.go:159.16,161.3 1 0
cryptoutil/internal/server/businesslogic/oam_orm_mapper.go:163.2,164.16 2 1
cryptoutil/internal/server/businesslogic/oam_orm_mapper.go:164.16,166.3 1 0
cryptoutil/internal/server/businesslogic/oam_orm_mapper.go:168.2,168.19 1 1
cryptoutil/internal/server/businesslogic/oam_orm_mapper.go:168.19,170.3 1 0
cryptoutil/internal/server/businesslogic/oam_orm_mapper.go:172.2,181.8 1 1
cryptoutil/internal/server/businesslogic/oam_orm_mapper.go:184.202,185.19 1 1
cryptoutil/internal/server/businesslogic/oam_orm_mapper.go:185.19,187.3 1 1
cryptoutil/internal/server/businesslogic/oam_orm_mapper.go:189.2,192.16 3 1
cryptoutil/internal/server/businesslogic/oam_orm_mapper.go:192.16,194.3 1 0
cryptoutil/internal/server/businesslogic/oam_orm_mapper.go:196.2,197.16 2 1
cryptoutil/internal/server/businesslogic/oam_orm_mapper.go:197.16,199.3 1 0
cryptoutil/internal/server/businesslogic/oam_orm_mapper.go:201.2,202.16 2 1
cryptoutil/internal/server/businesslogic/oam_orm_mapper.go:202.16,204.3 1 0
cryptoutil/internal/server/businesslogic/oam_orm_mapper.go:206.2,207.16 2 1
cryptoutil/internal/server/businesslogic/oam_orm_mapper.go:207.16,209.3 1 0
cryptoutil/internal/server/businesslogic/oam_orm_mapper.go:211.2,212.16 2 1
cryptoutil/internal/server/businesslogic/oam_orm_mapper.go:212.16,214.3 1 0
cryptoutil/internal/server/businesslogic/oam_orm_mapper.go:216.2,216.19 1 1
cryptoutil/internal/server/businesslogic/oam_orm_mapper.go:216.19,218.3 1 0
cryptoutil/internal/server/businesslogic/oam_orm_mapper.go:220.2,227.8 1 1
cryptoutil/internal/server/businesslogic/oam_orm_mapper.go:230.169,231.19 1 1
cryptoutil/internal/server/businesslogic/oam_orm_mapper.go:231.19,233.3 1 1
cryptoutil/internal/server/businesslogic/oam_orm_mapper.go:235.2,238.16 3 1
cryptoutil/internal/server/businesslogic/oam_orm_mapper.go:238.16,240.3 1 0
cryptoutil/internal/server/businesslogic/oam_orm_mapper.go:242.2,243.16 2 1
cryptoutil/internal/server/businesslogic/oam_orm_mapper.go:243.16,245.3 1 0
cryptoutil/internal/server/businesslogic/oam_orm_mapper.go:247.2,248.16 2 1
cryptoutil/internal/server/businesslogic/oam_orm_mapper.go:248.16,250.3 1 0
cryptoutil/internal/server/businesslogic/oam_orm_mapper.go:252.2,253.16 2 1
cryptoutil/internal/server/businesslogic/oam_orm_mapper.go:253.16,255.3 1 0
cryptoutil/internal/server/businesslogic/oam_orm_mapper.go:257.2,258.16 2 1
cryptoutil/internal/server/businesslogic/oam_orm_mapper.go:258.16,260.3 1 0
cryptoutil/internal/server/businesslogic/oam_orm_mapper.go:262.2,263.16 2 1
cryptoutil/internal/server/businesslogic/oam_orm_mapper.go:263.16,265.3 1 0
cryptoutil/internal/server/businesslogic/oam_orm_mapper.go:267.2,267.19 1 1
cryptoutil/internal/server/businesslogic/oam_orm_mapper.go:267.19,269.3 1 0
cryptoutil/internal/server/businesslogic/oam_orm_mapper.go:271.2,279.8 1 1
cryptoutil/internal/server/businesslogic/oam_orm_mapper.go:282.94,283.38 1 1
cryptoutil/internal/server/businesslogic/oam_orm_mapper.go:283.38,285.3 1 1
cryptoutil/internal/server/businesslogic/oam_orm_mapper.go:287.2,287.78 1 1
cryptoutil/internal/server/businesslogic/oam_orm_mapper.go:287.78,289.3 1 0
cryptoutil/internal/server/businesslogic/oam_orm_mapper.go:291.2,291.20 1 1
cryptoutil/internal/server/businesslogic/oam_orm_mapper.go:294.80,295.42 1 1
cryptoutil/internal/server/businesslogic/oam_orm_mapper.go:295.42,297.3 1 1
cryptoutil/internal/server/businesslogic/oam_orm_mapper.go:299.2,299.33 1 1
cryptoutil/internal/server/businesslogic/oam_orm_mapper.go:299.33,300.22 1 1
cryptoutil/internal/server/businesslogic/oam_orm_mapper.go:300.22,302.4 1 1
cryptoutil/internal/server/businesslogic/oam_orm_mapper.go:305.2,305.22 1 1
cryptoutil/internal/server/businesslogic/oam_orm_mapper.go:308.98,314.38 4 1
cryptoutil/internal/server/businesslogic/oam_orm_mapper.go:314.38,316.49 2 1
cryptoutil/internal/server/businesslogic/oam_orm_mapper.go:316.49,318.4 1 1
cryptoutil/internal/server/businesslogic/oam_orm_mapper.go:320.3,320.21 1 1
cryptoutil/internal/server/businesslogic/oam_orm_mapper.go:320.21,324.55 1 1
cryptoutil/internal/server/businesslogic/oam_orm_mapper.go:324.55,326.5 1 1
cryptoutil/internal/server/businesslogic/oam_orm_mapper.go:330.2,330.19 1 1
cryptoutil/internal/server/businesslogic/oam_orm_mapper.go:330.19,332.3 1 1
cryptoutil/internal/server/businesslogic/oam_orm_mapper.go:334.2,334.30 1 1
cryptoutil/internal/server/businesslogic/oam_orm_mapper.go:337.116,338.23 1 1
cryptoutil/internal/server/businesslogic/oam_orm_mapper.go:338.23,340.41 1 1
cryptoutil/internal/server/businesslogic/oam_orm_mapper.go:340.41,341.31 1 1
cryptoutil/internal/server/businesslogic/oam_orm_mapper.go:341.31,343.5 1 0
cryptoutil/internal/server/businesslogic/oam_orm_mapper.go:347.2,347.97 1 1
cryptoutil/internal/server/businesslogic/oam_orm_mapper.go:347.97,349.3 1 1
cryptoutil/internal/server/businesslogic/oam_orm_mapper.go:352.129,353.36 1 1
cryptoutil/internal/server/businesslogic/oam_orm_mapper.go:353.36,355.49 1 0
cryptoutil/internal/server/businesslogic/oam_orm_mapper.go:355.49,356.26 1 0
cryptoutil/internal/server/businesslogic/oam_orm_mapper.go:356.26,358.5 1 0
cryptoutil/internal/server/businesslogic/oam_orm_mapper.go:362.2,362.118 1 1
cryptoutil/internal/server/businesslogic/oam_orm_mapper.go:362.118,364.3 1 0
cryptoutil/internal/server/businesslogic/oam_orm_mapper.go:367.116,368.21 1 1
cryptoutil/internal/server/businesslogic/oam_orm_mapper.go:368.21,391.37 2 0
cryptoutil/internal/server/businesslogic/oam_orm_mapper.go:391.37,393.21 2 0
cryptoutil/internal/server/businesslogic/oam_orm_mapper.go:393.21,395.5 1 0
cryptoutil/internal/server/businesslogic/oam_orm_mapper.go:397.4,397.30 1 0
cryptoutil/internal/server/businesslogic/oam_orm_mapper.go:397.30,399.5 1 0
cryptoutil/internal/server/businesslogic/oam_orm_mapper.go:403.2,403.89 1 1
cryptoutil/internal/server/businesslogic/oam_orm_mapper.go:403.89,405.3 1 0
cryptoutil/internal/server/businesslogic/oam_orm_mapper.go:408.98,409.23 1 1
cryptoutil/internal/server/businesslogic/oam_orm_mapper.go:409.23,411.3 1 1
cryptoutil/internal/server/businesslogic/oam_orm_mapper.go:411.8,411.29 1 1
cryptoutil/internal/server/businesslogic/oam_orm_mapper.go:411.29,413.3 1 1
cryptoutil/internal/server/businesslogic/oam_orm_mapper.go:415.2,415.60 1 1
cryptoutil/internal/server/businesslogic/oam_orm_mapper.go:418.92,419.21 1 1
cryptoutil/internal/server/businesslogic/oam_orm_mapper.go:419.21,421.3 1 1
cryptoutil/internal/server/businesslogic/oam_orm_mapper.go:421.8,421.27 1 1
cryptoutil/internal/server/businesslogic/oam_orm_mapper.go:421.27,423.3 1 1
cryptoutil/internal/server/businesslogic/oam_orm_mapper.go:425.2,425.57 1 1
cryptoutil/internal/server/businesslogic/oam_orm_mapper.go:428.69,429.38 1 1
cryptoutil/internal/server/businesslogic/oam_orm_mapper.go:429.38,431.3 1 1
cryptoutil/internal/server/businesslogic/oam_orm_mapper.go:433.2,434.30 2 1
cryptoutil/internal/server/businesslogic/oam_orm_mapper.go:434.30,436.3 1 1
cryptoutil/internal/server/businesslogic/oam_orm_mapper.go:438.2,438.18 1 1
