mode: set
cryptoutil/internal/apps/jose/ja/server/apis/jwk_handler.go:38.15,47.2 1 1
cryptoutil/internal/apps/jose/ja/server/apis/jwk_handler.go:91.61,92.34 1 1
cryptoutil/internal/apps/jose/ja/server/apis/jwk_handler.go:92.34,94.44 2 1
cryptoutil/internal/apps/jose/ja/server/apis/jwk_handler.go:94.44,98.4 1 1
cryptoutil/internal/apps/jose/ja/server/apis/jwk_handler.go:101.3,103.22 2 1
cryptoutil/internal/apps/jose/ja/server/apis/jwk_handler.go:103.22,107.4 1 1
cryptoutil/internal/apps/jose/ja/server/apis/jwk_handler.go:109.3,110.10 2 1
cryptoutil/internal/apps/jose/ja/server/apis/jwk_handler.go:110.10,114.4 1 1
cryptoutil/internal/apps/jose/ja/server/apis/jwk_handler.go:117.3,118.24 2 1
cryptoutil/internal/apps/jose/ja/server/apis/jwk_handler.go:118.24,120.4 1 1
cryptoutil/internal/apps/jose/ja/server/apis/jwk_handler.go:123.3,124.20 2 1
cryptoutil/internal/apps/jose/ja/server/apis/jwk_handler.go:124.20,128.4 1 1
cryptoutil/internal/apps/jose/ja/server/apis/jwk_handler.go:131.3,147.66 4 1
cryptoutil/internal/apps/jose/ja/server/apis/jwk_handler.go:147.66,151.4 1 1
cryptoutil/internal/apps/jose/ja/server/apis/jwk_handler.go:153.3,162.5 1 1
cryptoutil/internal/apps/jose/ja/server/apis/jwk_handler.go:167.58,168.34 1 1
cryptoutil/internal/apps/jose/ja/server/apis/jwk_handler.go:168.34,170.16 2 1
cryptoutil/internal/apps/jose/ja/server/apis/jwk_handler.go:170.16,174.4 1 1
cryptoutil/internal/apps/jose/ja/server/apis/jwk_handler.go:177.3,179.22 2 1
cryptoutil/internal/apps/jose/ja/server/apis/jwk_handler.go:179.22,183.4 1 1
cryptoutil/internal/apps/jose/ja/server/apis/jwk_handler.go:185.3,186.10 2 1
cryptoutil/internal/apps/jose/ja/server/apis/jwk_handler.go:186.10,190.4 1 1
cryptoutil/internal/apps/jose/ja/server/apis/jwk_handler.go:192.3,195.17 3 1
cryptoutil/internal/apps/jose/ja/server/apis/jwk_handler.go:195.17,199.4 1 1
cryptoutil/internal/apps/jose/ja/server/apis/jwk_handler.go:201.3,210.5 1 1
cryptoutil/internal/apps/jose/ja/server/apis/jwk_handler.go:215.60,216.34 1 1
cryptoutil/internal/apps/jose/ja/server/apis/jwk_handler.go:216.34,220.22 2 1
cryptoutil/internal/apps/jose/ja/server/apis/jwk_handler.go:220.22,224.4 1 1
cryptoutil/internal/apps/jose/ja/server/apis/jwk_handler.go:226.3,227.10 2 1
cryptoutil/internal/apps/jose/ja/server/apis/jwk_handler.go:227.10,231.4 1 1
cryptoutil/internal/apps/jose/ja/server/apis/jwk_handler.go:234.3,240.17 5 1
cryptoutil/internal/apps/jose/ja/server/apis/jwk_handler.go:240.17,244.4 1 1
cryptoutil/internal/apps/jose/ja/server/apis/jwk_handler.go:246.3,247.35 2 1
cryptoutil/internal/apps/jose/ja/server/apis/jwk_handler.go:247.35,258.4 1 1
cryptoutil/internal/apps/jose/ja/server/apis/jwk_handler.go:260.3,263.5 1 1
cryptoutil/internal/apps/jose/ja/server/apis/jwk_handler.go:268.61,269.34 1 1
cryptoutil/internal/apps/jose/ja/server/apis/jwk_handler.go:269.34,271.16 2 1
cryptoutil/internal/apps/jose/ja/server/apis/jwk_handler.go:271.16,275.4 1 1
cryptoutil/internal/apps/jose/ja/server/apis/jwk_handler.go:278.3,280.22 2 1
cryptoutil/internal/apps/jose/ja/server/apis/jwk_handler.go:280.22,284.4 1 1
cryptoutil/internal/apps/jose/ja/server/apis/jwk_handler.go:286.3,287.10 2 1
cryptoutil/internal/apps/jose/ja/server/apis/jwk_handler.go:287.10,291.4 1 1
cryptoutil/internal/apps/jose/ja/server/apis/jwk_handler.go:293.3,297.17 3 1
cryptoutil/internal/apps/jose/ja/server/apis/jwk_handler.go:297.17,301.4 1 1
cryptoutil/internal/apps/jose/ja/server/apis/jwk_handler.go:304.3,304.69 1 1
cryptoutil/internal/apps/jose/ja/server/apis/jwk_handler.go:304.69,308.4 1 1
cryptoutil/internal/apps/jose/ja/server/apis/jwk_handler.go:310.3,310.45 1 1
cryptoutil/internal/apps/jose/ja/server/apis/jwk_handler.go:315.62,316.34 1 1
cryptoutil/internal/apps/jose/ja/server/apis/jwk_handler.go:316.34,318.16 2 1
cryptoutil/internal/apps/jose/ja/server/apis/jwk_handler.go:318.16,322.4 1 1
cryptoutil/internal/apps/jose/ja/server/apis/jwk_handler.go:325.3,327.22 2 1
cryptoutil/internal/apps/jose/ja/server/apis/jwk_handler.go:327.22,331.4 1 1
cryptoutil/internal/apps/jose/ja/server/apis/jwk_handler.go:333.3,334.10 2 1
cryptoutil/internal/apps/jose/ja/server/apis/jwk_handler.go:334.10,338.4 1 1
cryptoutil/internal/apps/jose/ja/server/apis/jwk_handler.go:340.3,344.17 3 1
cryptoutil/internal/apps/jose/ja/server/apis/jwk_handler.go:344.17,348.4 1 1
cryptoutil/internal/apps/jose/ja/server/apis/jwk_handler.go:351.3,351.65 1 1
cryptoutil/internal/apps/jose/ja/server/apis/jwk_handler.go:351.65,355.4 1 1
cryptoutil/internal/apps/jose/ja/server/apis/jwk_handler.go:358.3,373.65 3 1
cryptoutil/internal/apps/jose/ja/server/apis/jwk_handler.go:373.65,377.4 1 1
cryptoutil/internal/apps/jose/ja/server/apis/jwk_handler.go:380.3,380.85 1 1
cryptoutil/internal/apps/jose/ja/server/apis/jwk_handler.go:380.85,384.4 1 1
cryptoutil/internal/apps/jose/ja/server/apis/jwk_handler.go:386.3,392.5 1 1
cryptoutil/internal/apps/jose/ja/server/apis/jwk_handler.go:397.61,398.34 1 1
cryptoutil/internal/apps/jose/ja/server/apis/jwk_handler.go:398.34,400.16 2 1
cryptoutil/internal/apps/jose/ja/server/apis/jwk_handler.go:400.16,404.4 1 1
cryptoutil/internal/apps/jose/ja/server/apis/jwk_handler.go:407.3,409.22 2 1
cryptoutil/internal/apps/jose/ja/server/apis/jwk_handler.go:409.22,413.4 1 1
cryptoutil/internal/apps/jose/ja/server/apis/jwk_handler.go:415.3,416.10 2 1
cryptoutil/internal/apps/jose/ja/server/apis/jwk_handler.go:416.10,420.4 1 1
cryptoutil/internal/apps/jose/ja/server/apis/jwk_handler.go:423.3,430.17 5 1
cryptoutil/internal/apps/jose/ja/server/apis/jwk_handler.go:430.17,434.4 1 1
cryptoutil/internal/apps/jose/ja/server/apis/jwk_handler.go:436.3,437.17 2 1
cryptoutil/internal/apps/jose/ja/server/apis/jwk_handler.go:437.17,441.4 1 1
cryptoutil/internal/apps/jose/ja/server/apis/jwk_handler.go:443.3,444.33 2 1
cryptoutil/internal/apps/jose/ja/server/apis/jwk_handler.go:444.33,453.28 2 1
cryptoutil/internal/apps/jose/ja/server/apis/jwk_handler.go:453.28,456.5 2 1
cryptoutil/internal/apps/jose/ja/server/apis/jwk_handler.go:459.3,462.5 1 1
cryptoutil/internal/apps/jose/ja/server/apis/jwk_handler.go:467.65,468.34 1 1
cryptoutil/internal/apps/jose/ja/server/apis/jwk_handler.go:468.34,470.16 2 1
cryptoutil/internal/apps/jose/ja/server/apis/jwk_handler.go:470.16,474.4 1 1
cryptoutil/internal/apps/jose/ja/server/apis/jwk_handler.go:477.3,479.22 2 1
cryptoutil/internal/apps/jose/ja/server/apis/jwk_handler.go:479.22,483.4 1 1
cryptoutil/internal/apps/jose/ja/server/apis/jwk_handler.go:485.3,486.10 2 1
cryptoutil/internal/apps/jose/ja/server/apis/jwk_handler.go:486.10,490.4 1 1
cryptoutil/internal/apps/jose/ja/server/apis/jwk_handler.go:492.3,496.17 3 1
cryptoutil/internal/apps/jose/ja/server/apis/jwk_handler.go:496.17,500.4 1 1
cryptoutil/internal/apps/jose/ja/server/apis/jwk_handler.go:502.3,503.17 2 1
cryptoutil/internal/apps/jose/ja/server/apis/jwk_handler.go:503.17,507.4 1 1
cryptoutil/internal/apps/jose/ja/server/apis/jwk_handler.go:509.3,515.5 1 1
cryptoutil/internal/apps/jose/ja/server/apis/jwk_handler.go:520.62,521.34 1 1
cryptoutil/internal/apps/jose/ja/server/apis/jwk_handler.go:521.34,523.16 2 1
cryptoutil/internal/apps/jose/ja/server/apis/jwk_handler.go:523.16,527.4 1 1
cryptoutil/internal/apps/jose/ja/server/apis/jwk_handler.go:530.3,532.22 2 1
cryptoutil/internal/apps/jose/ja/server/apis/jwk_handler.go:532.22,536.4 1 1
cryptoutil/internal/apps/jose/ja/server/apis/jwk_handler.go:538.3,539.10 2 1
cryptoutil/internal/apps/jose/ja/server/apis/jwk_handler.go:539.10,543.4 1 1
cryptoutil/internal/apps/jose/ja/server/apis/jwk_handler.go:545.3,549.17 3 1
cryptoutil/internal/apps/jose/ja/server/apis/jwk_handler.go:549.17,553.4 1 1
cryptoutil/internal/apps/jose/ja/server/apis/jwk_handler.go:556.3,556.65 1 1
cryptoutil/internal/apps/jose/ja/server/apis/jwk_handler.go:556.65,560.4 1 1
cryptoutil/internal/apps/jose/ja/server/apis/jwk_handler.go:563.3,576.91 3 1
cryptoutil/internal/apps/jose/ja/server/apis/jwk_handler.go:576.91,580.4 1 1
cryptoutil/internal/apps/jose/ja/server/apis/jwk_handler.go:583.3,583.85 1 1
cryptoutil/internal/apps/jose/ja/server/apis/jwk_handler.go:583.85,587.4 1 1
cryptoutil/internal/apps/jose/ja/server/apis/jwk_handler.go:589.3,595.5 1 1
cryptoutil/internal/apps/jose/ja/server/apis/jwk_handler.go:600.52,601.34 1 1
cryptoutil/internal/apps/jose/ja/server/apis/jwk_handler.go:601.34,607.3 1 1
cryptoutil/internal/apps/jose/ja/server/apis/jwk_handler.go:611.49,612.34 1 1
cryptoutil/internal/apps/jose/ja/server/apis/jwk_handler.go:612.34,617.3 1 1
cryptoutil/internal/apps/jose/ja/server/apis/jwk_handler.go:621.51,622.34 1 1
cryptoutil/internal/apps/jose/ja/server/apis/jwk_handler.go:622.34,627.3 1 1
cryptoutil/internal/apps/jose/ja/server/apis/jwk_handler.go:631.52,632.34 1 1
cryptoutil/internal/apps/jose/ja/server/apis/jwk_handler.go:632.34,637.3 1 1
cryptoutil/internal/apps/jose/ja/server/apis/jwk_handler.go:641.52,642.34 1 1
cryptoutil/internal/apps/jose/ja/server/apis/jwk_handler.go:642.34,647.3 1 1
cryptoutil/internal/apps/jose/ja/server/apis/jwk_handler.go:651.53,652.19 1 1
cryptoutil/internal/apps/jose/ja/server/apis/jwk_handler.go:653.42,654.33 1 1
cryptoutil/internal/apps/jose/ja/server/apis/jwk_handler.go:655.39,656.32 1 1
cryptoutil/internal/apps/jose/ja/server/apis/jwk_handler.go:657.34,658.33 1 1
cryptoutil/internal/apps/jose/ja/server/apis/jwk_handler.go:659.39,660.33 1 1
cryptoutil/internal/apps/jose/ja/server/apis/jwk_handler.go:661.10,662.12 1 1
cryptoutil/internal/apps/jose/ja/server/apis/sessions.go:17.111,19.2 1 1
cryptoutil/internal/apps/jose/ja/server/config/config.go:64.75,67.16 2 0
cryptoutil/internal/apps/jose/ja/server/config/config.go:67.16,69.3 1 0
cryptoutil/internal/apps/jose/ja/server/config/config.go:72.2,80.60 5 0
cryptoutil/internal/apps/jose/ja/server/config/config.go:80.60,82.3 1 0
cryptoutil/internal/apps/jose/ja/server/config/config.go:85.2,98.57 4 0
cryptoutil/internal/apps/jose/ja/server/config/config.go:98.57,100.3 1 0
cryptoutil/internal/apps/jose/ja/server/config/config.go:103.2,105.22 2 0
cryptoutil/internal/apps/jose/ja/server/config/config.go:109.60,113.70 2 1
cryptoutil/internal/apps/jose/ja/server/config/config.go:113.70,115.3 1 1
cryptoutil/internal/apps/jose/ja/server/config/config.go:117.2,117.70 1 1
cryptoutil/internal/apps/jose/ja/server/config/config.go:117.70,119.3 1 1
cryptoutil/internal/apps/jose/ja/server/config/config.go:122.2,122.76 1 1
cryptoutil/internal/apps/jose/ja/server/config/config.go:122.76,124.3 1 1
cryptoutil/internal/apps/jose/ja/server/config/config.go:126.2,126.76 1 1
cryptoutil/internal/apps/jose/ja/server/config/config.go:126.76,128.3 1 1
cryptoutil/internal/apps/jose/ja/server/config/config.go:130.2,130.31 1 1
cryptoutil/internal/apps/jose/ja/server/config/config.go:130.31,132.3 1 1
cryptoutil/internal/apps/jose/ja/server/config/config.go:134.2,134.12 1 1
cryptoutil/internal/apps/jose/ja/server/config/config.go:138.49,148.2 9 1
cryptoutil/internal/apps/jose/ja/server/config/config_test_helper.go:23.90,37.2 4 1
cryptoutil/internal/apps/jose/ja/server/config/config_test_helper.go:41.48,43.2 1 1
cryptoutil/internal/apps/jose/ja/server/public_server.go:48.26,49.17 1 1
cryptoutil/internal/apps/jose/ja/server/public_server.go:49.17,51.3 1 1
cryptoutil/internal/apps/jose/ja/server/public_server.go:51.8,51.41 1 1
cryptoutil/internal/apps/jose/ja/server/public_server.go:51.41,53.3 1 1
cryptoutil/internal/apps/jose/ja/server/public_server.go:53.8,53.32 1 1
cryptoutil/internal/apps/jose/ja/server/public_server.go:53.32,55.3 1 1
cryptoutil/internal/apps/jose/ja/server/public_server.go:55.8,55.34 1 1
cryptoutil/internal/apps/jose/ja/server/public_server.go:55.34,57.3 1 1
cryptoutil/internal/apps/jose/ja/server/public_server.go:57.8,57.35 1 1
cryptoutil/internal/apps/jose/ja/server/public_server.go:57.35,59.3 1 1
cryptoutil/internal/apps/jose/ja/server/public_server.go:59.8,59.35 1 1
cryptoutil/internal/apps/jose/ja/server/public_server.go:59.35,61.3 1 1
cryptoutil/internal/apps/jose/ja/server/public_server.go:61.8,61.32 1 1
cryptoutil/internal/apps/jose/ja/server/public_server.go:61.32,63.3 1 1
cryptoutil/internal/apps/jose/ja/server/public_server.go:63.8,63.33 1 1
cryptoutil/internal/apps/jose/ja/server/public_server.go:63.33,65.3 1 1
cryptoutil/internal/apps/jose/ja/server/public_server.go:65.8,65.34 1 1
cryptoutil/internal/apps/jose/ja/server/public_server.go:65.34,67.3 1 1
cryptoutil/internal/apps/jose/ja/server/public_server.go:69.2,91.15 3 1
cryptoutil/internal/apps/jose/ja/server/public_server.go:96.47,152.2 36 1
cryptoutil/internal/apps/jose/ja/server/public_server.go:155.47,157.2 1 0
cryptoutil/internal/apps/jose/ja/server/server.go:48.98,49.16 1 1
cryptoutil/internal/apps/jose/ja/server/server.go:49.16,51.3 1 1
cryptoutil/internal/apps/jose/ja/server/server.go:51.8,51.23 1 1
cryptoutil/internal/apps/jose/ja/server/server.go:51.23,53.3 1 1
cryptoutil/internal/apps/jose/ja/server/server.go:56.2,65.10 3 1
cryptoutil/internal/apps/jose/ja/server/server.go:65.10,84.17 6 1
cryptoutil/internal/apps/jose/ja/server/server.go:84.17,86.4 1 0
cryptoutil/internal/apps/jose/ja/server/server.go:89.3,89.55 1 1
cryptoutil/internal/apps/jose/ja/server/server.go:89.55,91.4 1 0
cryptoutil/internal/apps/jose/ja/server/server.go:93.3,93.13 1 1
cryptoutil/internal/apps/jose/ja/server/server.go:97.2,98.16 2 1
cryptoutil/internal/apps/jose/ja/server/server.go:98.16,100.3 1 0
cryptoutil/internal/apps/jose/ja/server/server.go:103.2,124.20 6 1
cryptoutil/internal/apps/jose/ja/server/server.go:129.57,130.41 1 1
cryptoutil/internal/apps/jose/ja/server/server.go:130.41,132.3 1 0
cryptoutil/internal/apps/jose/ja/server/server.go:134.2,134.12 1 0
cryptoutil/internal/apps/jose/ja/server/server.go:138.60,139.44 1 0
cryptoutil/internal/apps/jose/ja/server/server.go:139.44,141.3 1 0
cryptoutil/internal/apps/jose/ja/server/server.go:143.2,143.12 1 0
cryptoutil/internal/apps/jose/ja/server/server.go:147.38,149.2 1 1
cryptoutil/internal/apps/jose/ja/server/server.go:152.68,154.2 1 1
cryptoutil/internal/apps/jose/ja/server/server.go:157.63,159.2 1 1
cryptoutil/internal/apps/jose/ja/server/server.go:162.74,164.2 1 1
cryptoutil/internal/apps/jose/ja/server/server.go:167.76,169.2 1 1
cryptoutil/internal/apps/jose/ja/server/server.go:173.41,175.2 1 1
cryptoutil/internal/apps/jose/ja/server/server.go:179.40,181.2 1 1
cryptoutil/internal/apps/jose/ja/server/server.go:184.45,186.2 1 1
cryptoutil/internal/apps/jose/ja/server/server.go:189.47,191.2 1 1
cryptoutil/internal/apps/jose/ja/server/server.go:194.46,196.2 1 1
cryptoutil/internal/apps/jose/ja/server/server.go:200.53,202.2 1 1
cryptoutil/internal/apps/jose/ja/server/server.go:206.52,208.2 1 1
