mode: set
cryptoutil/internal/apps/jose/ja/repository/audit_repository.go:45.66,47.2 1 1
cryptoutil/internal/apps/jose/ja/repository/audit_repository.go:50.155,54.36 2 1
cryptoutil/internal/apps/jose/ja/repository/audit_repository.go:54.36,56.3 1 1
cryptoutil/internal/apps/jose/ja/repository/audit_repository.go:58.2,58.21 1 1
cryptoutil/internal/apps/jose/ja/repository/audit_repository.go:62.151,66.36 2 1
cryptoutil/internal/apps/jose/ja/repository/audit_repository.go:66.36,68.3 1 1
cryptoutil/internal/apps/jose/ja/repository/audit_repository.go:70.2,70.21 1 1
cryptoutil/internal/apps/jose/ja/repository/audit_repository.go:74.119,76.65 1 1
cryptoutil/internal/apps/jose/ja/repository/audit_repository.go:76.65,78.3 1 1
cryptoutil/internal/apps/jose/ja/repository/audit_repository.go:80.2,80.12 1 1
cryptoutil/internal/apps/jose/ja/repository/audit_repository.go:84.115,87.71 1 1
cryptoutil/internal/apps/jose/ja/repository/audit_repository.go:87.71,89.3 1 1
cryptoutil/internal/apps/jose/ja/repository/audit_repository.go:91.2,91.12 1 1
cryptoutil/internal/apps/jose/ja/repository/audit_repository.go:95.128,97.16 2 1
cryptoutil/internal/apps/jose/ja/repository/audit_repository.go:97.16,99.45 1 1
cryptoutil/internal/apps/jose/ja/repository/audit_repository.go:99.45,102.4 1 1
cryptoutil/internal/apps/jose/ja/repository/audit_repository.go:104.3,104.68 1 1
cryptoutil/internal/apps/jose/ja/repository/audit_repository.go:107.2,107.21 1 1
cryptoutil/internal/apps/jose/ja/repository/audit_repository.go:107.21,109.3 1 1
cryptoutil/internal/apps/jose/ja/repository/audit_repository.go:112.2,112.50 1 1
cryptoutil/internal/apps/jose/ja/repository/audit_repository.go:142.60,144.2 1 1
cryptoutil/internal/apps/jose/ja/repository/audit_repository.go:147.117,148.66 1 1
cryptoutil/internal/apps/jose/ja/repository/audit_repository.go:148.66,150.3 1 1
cryptoutil/internal/apps/jose/ja/repository/audit_repository.go:152.2,152.12 1 1
cryptoutil/internal/apps/jose/ja/repository/audit_repository.go:156.165,167.35 2 1
cryptoutil/internal/apps/jose/ja/repository/audit_repository.go:167.35,169.3 1 1
cryptoutil/internal/apps/jose/ja/repository/audit_repository.go:172.2,177.36 1 1
cryptoutil/internal/apps/jose/ja/repository/audit_repository.go:177.36,179.3 1 0
cryptoutil/internal/apps/jose/ja/repository/audit_repository.go:181.2,181.28 1 1
cryptoutil/internal/apps/jose/ja/repository/audit_repository.go:185.181,196.35 2 1
cryptoutil/internal/apps/jose/ja/repository/audit_repository.go:196.35,198.3 1 1
cryptoutil/internal/apps/jose/ja/repository/audit_repository.go:201.2,206.36 1 1
cryptoutil/internal/apps/jose/ja/repository/audit_repository.go:206.36,208.3 1 0
cryptoutil/internal/apps/jose/ja/repository/audit_repository.go:210.2,210.28 1 1
cryptoutil/internal/apps/jose/ja/repository/audit_repository.go:214.194,225.35 2 1
cryptoutil/internal/apps/jose/ja/repository/audit_repository.go:225.35,227.3 1 1
cryptoutil/internal/apps/jose/ja/repository/audit_repository.go:230.2,235.36 1 1
cryptoutil/internal/apps/jose/ja/repository/audit_repository.go:235.36,237.3 1 0
cryptoutil/internal/apps/jose/ja/repository/audit_repository.go:239.2,239.28 1 1
cryptoutil/internal/apps/jose/ja/repository/audit_repository.go:243.139,247.35 2 1
cryptoutil/internal/apps/jose/ja/repository/audit_repository.go:247.35,249.3 1 1
cryptoutil/internal/apps/jose/ja/repository/audit_repository.go:251.2,251.20 1 1
cryptoutil/internal/apps/jose/ja/repository/audit_repository.go:255.122,259.25 2 1
cryptoutil/internal/apps/jose/ja/repository/audit_repository.go:259.25,261.3 1 1
cryptoutil/internal/apps/jose/ja/repository/audit_repository.go:263.2,263.33 1 1
cryptoutil/internal/apps/jose/ja/repository/elastic_jwk_repository.go:51.64,53.2 1 1
cryptoutil/internal/apps/jose/ja/repository/elastic_jwk_repository.go:56.121,57.71 1 1
cryptoutil/internal/apps/jose/ja/repository/elastic_jwk_repository.go:57.71,59.3 1 1
cryptoutil/internal/apps/jose/ja/repository/elastic_jwk_repository.go:61.2,61.12 1 1
cryptoutil/internal/apps/jose/ja/repository/elastic_jwk_repository.go:66.147,70.40 2 1
cryptoutil/internal/apps/jose/ja/repository/elastic_jwk_repository.go:70.40,72.3 1 1
cryptoutil/internal/apps/jose/ja/repository/elastic_jwk_repository.go:74.2,74.25 1 1
cryptoutil/internal/apps/jose/ja/repository/elastic_jwk_repository.go:78.133,82.40 2 1
cryptoutil/internal/apps/jose/ja/repository/elastic_jwk_repository.go:82.40,84.3 1 1
cryptoutil/internal/apps/jose/ja/repository/elastic_jwk_repository.go:86.2,86.25 1 1
cryptoutil/internal/apps/jose/ja/repository/elastic_jwk_repository.go:91.164,102.35 2 1
cryptoutil/internal/apps/jose/ja/repository/elastic_jwk_repository.go:102.35,104.3 1 1
cryptoutil/internal/apps/jose/ja/repository/elastic_jwk_repository.go:107.2,112.40 1 1
cryptoutil/internal/apps/jose/ja/repository/elastic_jwk_repository.go:112.40,114.3 1 0
cryptoutil/internal/apps/jose/ja/repository/elastic_jwk_repository.go:116.2,116.32 1 1
cryptoutil/internal/apps/jose/ja/repository/elastic_jwk_repository.go:120.121,121.69 1 1
cryptoutil/internal/apps/jose/ja/repository/elastic_jwk_repository.go:121.69,123.3 1 1
cryptoutil/internal/apps/jose/ja/repository/elastic_jwk_repository.go:125.2,125.12 1 1
cryptoutil/internal/apps/jose/ja/repository/elastic_jwk_repository.go:129.90,132.70 1 1
cryptoutil/internal/apps/jose/ja/repository/elastic_jwk_repository.go:132.70,134.3 1 1
cryptoutil/internal/apps/jose/ja/repository/elastic_jwk_repository.go:136.2,136.12 1 1
cryptoutil/internal/apps/jose/ja/repository/elastic_jwk_repository.go:140.106,144.101 1 1
cryptoutil/internal/apps/jose/ja/repository/elastic_jwk_repository.go:144.101,146.3 1 1
cryptoutil/internal/apps/jose/ja/repository/elastic_jwk_repository.go:148.2,148.12 1 1
cryptoutil/internal/apps/jose/ja/repository/elastic_jwk_repository.go:152.106,156.101 1 1
cryptoutil/internal/apps/jose/ja/repository/elastic_jwk_repository.go:156.101,158.3 1 1
cryptoutil/internal/apps/jose/ja/repository/elastic_jwk_repository.go:160.2,160.12 1 1
cryptoutil/internal/apps/jose/ja/repository/material_jwk_repository.go:54.66,56.2 1 1
cryptoutil/internal/apps/jose/ja/repository/material_jwk_repository.go:59.124,60.72 1 1
cryptoutil/internal/apps/jose/ja/repository/material_jwk_repository.go:60.72,62.3 1 1
cryptoutil/internal/apps/jose/ja/repository/material_jwk_repository.go:64.2,64.12 1 1
cryptoutil/internal/apps/jose/ja/repository/material_jwk_repository.go:68.144,72.41 2 1
cryptoutil/internal/apps/jose/ja/repository/material_jwk_repository.go:72.41,74.3 1 1
cryptoutil/internal/apps/jose/ja/repository/material_jwk_repository.go:76.2,76.26 1 1
cryptoutil/internal/apps/jose/ja/repository/material_jwk_repository.go:80.135,84.41 2 1
cryptoutil/internal/apps/jose/ja/repository/material_jwk_repository.go:84.41,86.3 1 1
cryptoutil/internal/apps/jose/ja/repository/material_jwk_repository.go:88.2,88.26 1 1
cryptoutil/internal/apps/jose/ja/repository/material_jwk_repository.go:92.155,96.41 2 1
cryptoutil/internal/apps/jose/ja/repository/material_jwk_repository.go:96.41,98.3 1 1
cryptoutil/internal/apps/jose/ja/repository/material_jwk_repository.go:100.2,100.26 1 1
cryptoutil/internal/apps/jose/ja/repository/material_jwk_repository.go:104.182,115.35 2 1
cryptoutil/internal/apps/jose/ja/repository/material_jwk_repository.go:115.35,117.3 1 1
cryptoutil/internal/apps/jose/ja/repository/material_jwk_repository.go:120.2,125.41 1 1
cryptoutil/internal/apps/jose/ja/repository/material_jwk_repository.go:125.41,127.3 1 0
cryptoutil/internal/apps/jose/ja/repository/material_jwk_repository.go:129.2,129.33 1 1
cryptoutil/internal/apps/jose/ja/repository/material_jwk_repository.go:133.162,134.67 1 1
cryptoutil/internal/apps/jose/ja/repository/material_jwk_repository.go:134.67,142.25 2 1
cryptoutil/internal/apps/jose/ja/repository/material_jwk_repository.go:142.25,144.4 1 0
cryptoutil/internal/apps/jose/ja/repository/material_jwk_repository.go:147.3,148.54 2 1
cryptoutil/internal/apps/jose/ja/repository/material_jwk_repository.go:148.54,150.4 1 1
cryptoutil/internal/apps/jose/ja/repository/material_jwk_repository.go:152.3,152.13 1 1
cryptoutil/internal/apps/jose/ja/repository/material_jwk_repository.go:154.2,154.16 1 1
cryptoutil/internal/apps/jose/ja/repository/material_jwk_repository.go:154.16,156.3 1 1
cryptoutil/internal/apps/jose/ja/repository/material_jwk_repository.go:158.2,158.12 1 1
cryptoutil/internal/apps/jose/ja/repository/material_jwk_repository.go:162.99,170.24 2 1
cryptoutil/internal/apps/jose/ja/repository/material_jwk_repository.go:170.24,172.3 1 1
cryptoutil/internal/apps/jose/ja/repository/material_jwk_repository.go:174.2,174.12 1 1
cryptoutil/internal/apps/jose/ja/repository/material_jwk_repository.go:178.91,181.71 1 1
cryptoutil/internal/apps/jose/ja/repository/material_jwk_repository.go:181.71,183.3 1 1
cryptoutil/internal/apps/jose/ja/repository/material_jwk_repository.go:185.2,185.12 1 1
cryptoutil/internal/apps/jose/ja/repository/material_jwk_repository.go:189.118,194.35 2 1
cryptoutil/internal/apps/jose/ja/repository/material_jwk_repository.go:194.35,196.3 1 1
cryptoutil/internal/apps/jose/ja/repository/material_jwk_repository.go:198.2,198.19 1 1
cryptoutil/internal/apps/jose/ja/repository/migrations.go:46.55,49.16 2 1
cryptoutil/internal/apps/jose/ja/repository/migrations.go:49.16,51.3 1 1
cryptoutil/internal/apps/jose/ja/repository/migrations.go:54.2,55.16 2 1
cryptoutil/internal/apps/jose/ja/repository/migrations.go:55.16,57.3 1 1
cryptoutil/internal/apps/jose/ja/repository/migrations.go:59.2,59.18 1 1
cryptoutil/internal/apps/jose/ja/repository/migrations.go:62.64,68.16 3 1
cryptoutil/internal/apps/jose/ja/repository/migrations.go:68.16,70.3 1 1
cryptoutil/internal/apps/jose/ja/repository/migrations.go:73.2,74.16 2 1
cryptoutil/internal/apps/jose/ja/repository/migrations.go:74.16,76.3 1 1
cryptoutil/internal/apps/jose/ja/repository/migrations.go:78.2,78.23 1 1
cryptoutil/internal/apps/jose/ja/repository/migrations.go:78.23,80.3 1 1
cryptoutil/internal/apps/jose/ja/repository/migrations.go:82.2,82.21 1 1
cryptoutil/internal/apps/jose/ja/repository/migrations.go:85.58,88.16 2 1
cryptoutil/internal/apps/jose/ja/repository/migrations.go:88.16,90.3 1 1
cryptoutil/internal/apps/jose/ja/repository/migrations.go:93.2,94.16 2 1
cryptoutil/internal/apps/jose/ja/repository/migrations.go:94.16,96.3 1 1
cryptoutil/internal/apps/jose/ja/repository/migrations.go:98.2,98.18 1 1
cryptoutil/internal/apps/jose/ja/repository/migrations.go:101.59,104.16 2 1
cryptoutil/internal/apps/jose/ja/repository/migrations.go:104.16,106.3 1 1
cryptoutil/internal/apps/jose/ja/repository/migrations.go:109.2,110.16 2 1
cryptoutil/internal/apps/jose/ja/repository/migrations.go:110.16,112.3 1 1
cryptoutil/internal/apps/jose/ja/repository/migrations.go:114.2,114.18 1 1
cryptoutil/internal/apps/jose/ja/repository/migrations.go:119.36,124.2 1 1
cryptoutil/internal/apps/jose/ja/repository/migrations.go:141.67,145.49 2 1
cryptoutil/internal/apps/jose/ja/repository/migrations.go:145.49,147.3 1 1
cryptoutil/internal/apps/jose/ja/repository/migrations.go:149.2,149.12 1 1
