mode: set
cryptoutil/internal/apps/cipher/im/server/public_server.go:58.26,59.17 1 1
cryptoutil/internal/apps/cipher/im/server/public_server.go:59.17,61.3 1 1
cryptoutil/internal/apps/cipher/im/server/public_server.go:61.8,61.41 1 1
cryptoutil/internal/apps/cipher/im/server/public_server.go:61.41,63.3 1 1
cryptoutil/internal/apps/cipher/im/server/public_server.go:63.8,63.32 1 1
cryptoutil/internal/apps/cipher/im/server/public_server.go:63.32,65.3 1 1
cryptoutil/internal/apps/cipher/im/server/public_server.go:65.8,65.39 1 1
cryptoutil/internal/apps/cipher/im/server/public_server.go:65.39,67.3 1 1
cryptoutil/internal/apps/cipher/im/server/public_server.go:67.8,67.28 1 1
cryptoutil/internal/apps/cipher/im/server/public_server.go:67.28,69.3 1 1
cryptoutil/internal/apps/cipher/im/server/public_server.go:69.8,69.31 1 1
cryptoutil/internal/apps/cipher/im/server/public_server.go:69.31,71.3 1 1
cryptoutil/internal/apps/cipher/im/server/public_server.go:71.8,71.43 1 1
cryptoutil/internal/apps/cipher/im/server/public_server.go:71.43,73.3 1 1
cryptoutil/internal/apps/cipher/im/server/public_server.go:73.8,73.33 1 1
cryptoutil/internal/apps/cipher/im/server/public_server.go:73.33,75.3 1 1
cryptoutil/internal/apps/cipher/im/server/public_server.go:75.8,75.34 1 1
cryptoutil/internal/apps/cipher/im/server/public_server.go:75.34,77.3 1 1
cryptoutil/internal/apps/cipher/im/server/public_server.go:79.2,96.76 3 1
cryptoutil/internal/apps/cipher/im/server/public_server.go:96.76,98.28 1 0
cryptoutil/internal/apps/cipher/im/server/public_server.go:98.28,102.4 1 0
cryptoutil/internal/apps/cipher/im/server/public_server.go:105.3,114.17 4 0
cryptoutil/internal/apps/cipher/im/server/public_server.go:114.17,121.4 2 0
cryptoutil/internal/apps/cipher/im/server/public_server.go:124.3,128.4 2 0
cryptoutil/internal/apps/cipher/im/server/public_server.go:132.2,137.15 3 1
cryptoutil/internal/apps/cipher/im/server/public_server.go:142.47,178.2 20 1
cryptoutil/internal/apps/cipher/im/server/public_server.go:181.47,183.2 1 0
cryptoutil/internal/apps/cipher/im/server/server.go:48.130,49.16 1 1
cryptoutil/internal/apps/cipher/im/server/server.go:49.16,51.3 1 1
cryptoutil/internal/apps/cipher/im/server/server.go:51.8,51.23 1 1
cryptoutil/internal/apps/cipher/im/server/server.go:51.23,53.3 1 1
cryptoutil/internal/apps/cipher/im/server/server.go:56.2,65.10 3 1
cryptoutil/internal/apps/cipher/im/server/server.go:65.10,83.17 5 1
cryptoutil/internal/apps/cipher/im/server/server.go:83.17,85.4 1 0
cryptoutil/internal/apps/cipher/im/server/server.go:88.3,88.55 1 1
cryptoutil/internal/apps/cipher/im/server/server.go:88.55,90.4 1 0
cryptoutil/internal/apps/cipher/im/server/server.go:92.3,92.13 1 1
cryptoutil/internal/apps/cipher/im/server/server.go:96.2,97.16 2 1
cryptoutil/internal/apps/cipher/im/server/server.go:97.16,99.3 1 0
cryptoutil/internal/apps/cipher/im/server/server.go:102.2,122.20 5 1
cryptoutil/internal/apps/cipher/im/server/server.go:127.59,128.41 1 1
cryptoutil/internal/apps/cipher/im/server/server.go:128.41,130.3 1 1
cryptoutil/internal/apps/cipher/im/server/server.go:132.2,132.12 1 0
cryptoutil/internal/apps/cipher/im/server/server.go:136.62,137.44 1 1
cryptoutil/internal/apps/cipher/im/server/server.go:137.44,139.3 1 1
cryptoutil/internal/apps/cipher/im/server/server.go:141.2,141.12 1 1
cryptoutil/internal/apps/cipher/im/server/server.go:145.40,147.2 1 1
cryptoutil/internal/apps/cipher/im/server/server.go:150.81,152.2 1 1
cryptoutil/internal/apps/cipher/im/server/server.go:155.77,157.2 1 1
cryptoutil/internal/apps/cipher/im/server/server.go:160.82,162.2 1 1
cryptoutil/internal/apps/cipher/im/server/server.go:166.43,168.2 1 1
cryptoutil/internal/apps/cipher/im/server/server.go:172.42,174.2 1 1
cryptoutil/internal/apps/cipher/im/server/server.go:177.47,179.2 1 1
cryptoutil/internal/apps/cipher/im/server/server.go:182.49,184.2 1 1
cryptoutil/internal/apps/cipher/im/server/server.go:187.48,189.2 1 1
cryptoutil/internal/apps/cipher/im/server/server.go:193.55,195.2 1 1
cryptoutil/internal/apps/cipher/im/server/server.go:199.54,201.2 1 1
cryptoutil/internal/apps/cipher/im/server/server.go:204.115,206.2 1 1
cryptoutil/internal/apps/cipher/im/server/server.go:209.97,211.2 1 1
cryptoutil/internal/apps/cipher/im/server/server.go:214.124,216.2 1 1
cryptoutil/internal/apps/cipher/im/server/server.go:219.95,221.2 1 1
cryptoutil/internal/apps/cipher/im/server/server.go:224.86,226.2 1 1
cryptoutil/internal/apps/cipher/im/server/server.go:229.92,231.2 1 1
cryptoutil/internal/apps/cipher/im/server/server.go:234.116,236.2 1 1
cryptoutil/internal/apps/cipher/im/server/server.go:240.99,242.2 1 1
