mode: set
cryptoutil/internal/apps/template/service/server/barrier/barrier_repository.go:80.35,82.2 1 1
cryptoutil/internal/apps/template/service/server/barrier/barrier_repository.go:96.43,98.2 1 1
cryptoutil/internal/apps/template/service/server/barrier/barrier_repository.go:112.38,114.2 1 1
cryptoutil/internal/apps/template/service/server/barrier/barrier_service.go:41.21,42.16 1 1
cryptoutil/internal/apps/template/service/server/barrier/barrier_service.go:42.16,44.3 1 1
cryptoutil/internal/apps/template/service/server/barrier/barrier_service.go:46.2,46.29 1 1
cryptoutil/internal/apps/template/service/server/barrier/barrier_service.go:46.29,48.3 1 1
cryptoutil/internal/apps/template/service/server/barrier/barrier_service.go:50.2,50.26 1 1
cryptoutil/internal/apps/template/service/server/barrier/barrier_service.go:50.26,52.3 1 1
cryptoutil/internal/apps/template/service/server/barrier/barrier_service.go:54.2,54.23 1 1
cryptoutil/internal/apps/template/service/server/barrier/barrier_service.go:54.23,56.3 1 1
cryptoutil/internal/apps/template/service/server/barrier/barrier_service.go:58.2,58.30 1 1
cryptoutil/internal/apps/template/service/server/barrier/barrier_service.go:58.30,60.3 1 1
cryptoutil/internal/apps/template/service/server/barrier/barrier_service.go:62.2,63.16 2 1
cryptoutil/internal/apps/template/service/server/barrier/barrier_service.go:63.16,65.3 1 0
cryptoutil/internal/apps/template/service/server/barrier/barrier_service.go:67.2,68.16 2 1
cryptoutil/internal/apps/template/service/server/barrier/barrier_service.go:68.16,72.3 2 0
cryptoutil/internal/apps/template/service/server/barrier/barrier_service.go:74.2,75.16 2 1
cryptoutil/internal/apps/template/service/server/barrier/barrier_service.go:75.16,80.3 3 0
cryptoutil/internal/apps/template/service/server/barrier/barrier_service.go:82.2,91.8 1 1
cryptoutil/internal/apps/template/service/server/barrier/barrier_service.go:95.101,96.14 1 1
cryptoutil/internal/apps/template/service/server/barrier/barrier_service.go:96.14,98.3 1 1
cryptoutil/internal/apps/template/service/server/barrier/barrier_service.go:100.2,102.70 2 1
cryptoutil/internal/apps/template/service/server/barrier/barrier_service.go:102.70,108.3 3 1
cryptoutil/internal/apps/template/service/server/barrier/barrier_service.go:109.2,109.16 1 1
cryptoutil/internal/apps/template/service/server/barrier/barrier_service.go:109.16,111.3 1 1
cryptoutil/internal/apps/template/service/server/barrier/barrier_service.go:113.2,113.28 1 1
cryptoutil/internal/apps/template/service/server/barrier/barrier_service.go:117.122,118.14 1 1
cryptoutil/internal/apps/template/service/server/barrier/barrier_service.go:118.14,120.3 1 1
cryptoutil/internal/apps/template/service/server/barrier/barrier_service.go:122.2,124.70 2 1
cryptoutil/internal/apps/template/service/server/barrier/barrier_service.go:124.70,130.3 3 1
cryptoutil/internal/apps/template/service/server/barrier/barrier_service.go:131.2,131.16 1 1
cryptoutil/internal/apps/template/service/server/barrier/barrier_service.go:131.16,133.3 1 1
cryptoutil/internal/apps/template/service/server/barrier/barrier_service.go:135.2,135.28 1 1
cryptoutil/internal/apps/template/service/server/barrier/barrier_service.go:139.99,141.2 1 1
cryptoutil/internal/apps/template/service/server/barrier/barrier_service.go:144.103,146.2 1 1
cryptoutil/internal/apps/template/service/server/barrier/barrier_service.go:149.30,150.27 1 1
cryptoutil/internal/apps/template/service/server/barrier/barrier_service.go:150.27,152.34 2 1
cryptoutil/internal/apps/template/service/server/barrier/barrier_service.go:152.34,155.4 2 1
cryptoutil/internal/apps/template/service/server/barrier/barrier_service.go:157.3,157.39 1 1
cryptoutil/internal/apps/template/service/server/barrier/barrier_service.go:157.39,160.4 2 1
cryptoutil/internal/apps/template/service/server/barrier/barrier_service.go:162.3,162.31 1 1
cryptoutil/internal/apps/template/service/server/barrier/barrier_service.go:162.31,165.4 2 1
cryptoutil/internal/apps/template/service/server/barrier/barrier_service.go:167.3,169.27 3 1
cryptoutil/internal/apps/template/service/server/barrier/content_keys_service.go:28.249,29.29 1 1
cryptoutil/internal/apps/template/service/server/barrier/content_keys_service.go:29.29,31.3 1 1
cryptoutil/internal/apps/template/service/server/barrier/content_keys_service.go:31.8,31.33 1 1
cryptoutil/internal/apps/template/service/server/barrier/content_keys_service.go:31.33,33.3 1 1
cryptoutil/internal/apps/template/service/server/barrier/content_keys_service.go:33.8,33.30 1 1
cryptoutil/internal/apps/template/service/server/barrier/content_keys_service.go:33.30,35.3 1 1
cryptoutil/internal/apps/template/service/server/barrier/content_keys_service.go:35.8,35.43 1 1
cryptoutil/internal/apps/template/service/server/barrier/content_keys_service.go:35.43,37.3 1 1
cryptoutil/internal/apps/template/service/server/barrier/content_keys_service.go:39.2,39.173 1 1
cryptoutil/internal/apps/template/service/server/barrier/content_keys_service.go:43.133,45.16 2 1
cryptoutil/internal/apps/template/service/server/barrier/content_keys_service.go:45.16,47.3 1 0
cryptoutil/internal/apps/template/service/server/barrier/content_keys_service.go:49.2,50.16 2 1
cryptoutil/internal/apps/template/service/server/barrier/content_keys_service.go:50.16,52.3 1 1
cryptoutil/internal/apps/template/service/server/barrier/content_keys_service.go:54.2,55.16 2 1
cryptoutil/internal/apps/template/service/server/barrier/content_keys_service.go:55.16,57.3 1 1
cryptoutil/internal/apps/template/service/server/barrier/content_keys_service.go:59.2,60.16 2 1
cryptoutil/internal/apps/template/service/server/barrier/content_keys_service.go:60.16,62.3 1 0
cryptoutil/internal/apps/template/service/server/barrier/content_keys_service.go:64.2,64.64 1 1
cryptoutil/internal/apps/template/service/server/barrier/content_keys_service.go:68.129,70.16 2 1
cryptoutil/internal/apps/template/service/server/barrier/content_keys_service.go:70.16,72.3 1 1
cryptoutil/internal/apps/template/service/server/barrier/content_keys_service.go:74.2,77.16 3 1
cryptoutil/internal/apps/template/service/server/barrier/content_keys_service.go:77.16,79.3 1 1
cryptoutil/internal/apps/template/service/server/barrier/content_keys_service.go:81.2,82.16 2 1
cryptoutil/internal/apps/template/service/server/barrier/content_keys_service.go:82.16,84.3 1 1
cryptoutil/internal/apps/template/service/server/barrier/content_keys_service.go:86.2,87.16 2 1
cryptoutil/internal/apps/template/service/server/barrier/content_keys_service.go:87.16,89.3 1 1
cryptoutil/internal/apps/template/service/server/barrier/content_keys_service.go:91.2,92.16 2 1
cryptoutil/internal/apps/template/service/server/barrier/content_keys_service.go:92.16,94.3 1 1
cryptoutil/internal/apps/template/service/server/barrier/content_keys_service.go:96.2,97.16 2 1
cryptoutil/internal/apps/template/service/server/barrier/content_keys_service.go:97.16,99.3 1 1
cryptoutil/internal/apps/template/service/server/barrier/content_keys_service.go:101.2,101.28 1 1
cryptoutil/internal/apps/template/service/server/barrier/content_keys_service.go:105.41,109.2 3 1
cryptoutil/internal/apps/template/service/server/barrier/gorm_barrier_repository.go:31.62,32.15 1 1
cryptoutil/internal/apps/template/service/server/barrier/gorm_barrier_repository.go:32.15,34.3 1 1
cryptoutil/internal/apps/template/service/server/barrier/gorm_barrier_repository.go:36.2,36.37 1 1
cryptoutil/internal/apps/template/service/server/barrier/gorm_barrier_repository.go:40.106,41.71 1 1
cryptoutil/internal/apps/template/service/server/barrier/gorm_barrier_repository.go:41.71,45.3 2 1
cryptoutil/internal/apps/template/service/server/barrier/gorm_barrier_repository.go:46.2,46.16 1 1
cryptoutil/internal/apps/template/service/server/barrier/gorm_barrier_repository.go:46.16,48.3 1 1
cryptoutil/internal/apps/template/service/server/barrier/gorm_barrier_repository.go:50.2,50.12 1 1
cryptoutil/internal/apps/template/service/server/barrier/gorm_barrier_repository.go:54.37,57.2 1 1
cryptoutil/internal/apps/template/service/server/barrier/gorm_barrier_repository.go:65.54,67.2 1 1
cryptoutil/internal/apps/template/service/server/barrier/gorm_barrier_repository.go:70.65,74.44 3 1
cryptoutil/internal/apps/template/service/server/barrier/gorm_barrier_repository.go:74.44,76.3 1 1
cryptoutil/internal/apps/template/service/server/barrier/gorm_barrier_repository.go:78.2,78.16 1 1
cryptoutil/internal/apps/template/service/server/barrier/gorm_barrier_repository.go:78.16,80.3 1 0
cryptoutil/internal/apps/template/service/server/barrier/gorm_barrier_repository.go:82.2,82.18 1 1
cryptoutil/internal/apps/template/service/server/barrier/gorm_barrier_repository.go:86.80,87.17 1 1
cryptoutil/internal/apps/template/service/server/barrier/gorm_barrier_repository.go:87.17,89.3 1 1
cryptoutil/internal/apps/template/service/server/barrier/gorm_barrier_repository.go:91.2,94.16 3 1
cryptoutil/internal/apps/template/service/server/barrier/gorm_barrier_repository.go:94.16,96.3 1 1
cryptoutil/internal/apps/template/service/server/barrier/gorm_barrier_repository.go:98.2,98.18 1 1
cryptoutil/internal/apps/template/service/server/barrier/gorm_barrier_repository.go:102.59,103.16 1 1
cryptoutil/internal/apps/template/service/server/barrier/gorm_barrier_repository.go:103.16,105.3 1 1
cryptoutil/internal/apps/template/service/server/barrier/gorm_barrier_repository.go:107.2,107.52 1 1
cryptoutil/internal/apps/template/service/server/barrier/gorm_barrier_repository.go:107.52,109.3 1 1
cryptoutil/internal/apps/template/service/server/barrier/gorm_barrier_repository.go:111.2,111.12 1 1
cryptoutil/internal/apps/template/service/server/barrier/gorm_barrier_repository.go:115.81,119.44 3 1
cryptoutil/internal/apps/template/service/server/barrier/gorm_barrier_repository.go:119.44,121.3 1 1
cryptoutil/internal/apps/template/service/server/barrier/gorm_barrier_repository.go:123.2,123.16 1 1
cryptoutil/internal/apps/template/service/server/barrier/gorm_barrier_repository.go:123.16,125.3 1 0
cryptoutil/internal/apps/template/service/server/barrier/gorm_barrier_repository.go:127.2,127.18 1 1
cryptoutil/internal/apps/template/service/server/barrier/gorm_barrier_repository.go:131.96,132.17 1 1
cryptoutil/internal/apps/template/service/server/barrier/gorm_barrier_repository.go:132.17,134.3 1 1
cryptoutil/internal/apps/template/service/server/barrier/gorm_barrier_repository.go:136.2,139.16 3 1
cryptoutil/internal/apps/template/service/server/barrier/gorm_barrier_repository.go:139.16,141.3 1 1
cryptoutil/internal/apps/template/service/server/barrier/gorm_barrier_repository.go:143.2,143.18 1 1
cryptoutil/internal/apps/template/service/server/barrier/gorm_barrier_repository.go:147.75,148.16 1 1
cryptoutil/internal/apps/template/service/server/barrier/gorm_barrier_repository.go:148.16,150.3 1 1
cryptoutil/internal/apps/template/service/server/barrier/gorm_barrier_repository.go:152.2,152.52 1 1
cryptoutil/internal/apps/template/service/server/barrier/gorm_barrier_repository.go:152.52,154.3 1 1
cryptoutil/internal/apps/template/service/server/barrier/gorm_barrier_repository.go:156.2,156.12 1 1
cryptoutil/internal/apps/template/service/server/barrier/gorm_barrier_repository.go:160.86,161.17 1 1
cryptoutil/internal/apps/template/service/server/barrier/gorm_barrier_repository.go:161.17,163.3 1 1
cryptoutil/internal/apps/template/service/server/barrier/gorm_barrier_repository.go:165.2,168.16 3 1
cryptoutil/internal/apps/template/service/server/barrier/gorm_barrier_repository.go:168.16,170.3 1 1
cryptoutil/internal/apps/template/service/server/barrier/gorm_barrier_repository.go:172.2,172.18 1 1
cryptoutil/internal/apps/template/service/server/barrier/gorm_barrier_repository.go:176.65,177.16 1 1
cryptoutil/internal/apps/template/service/server/barrier/gorm_barrier_repository.go:177.16,179.3 1 1
cryptoutil/internal/apps/template/service/server/barrier/gorm_barrier_repository.go:181.2,181.52 1 1
cryptoutil/internal/apps/template/service/server/barrier/gorm_barrier_repository.go:181.52,183.3 1 1
cryptoutil/internal/apps/template/service/server/barrier/gorm_barrier_repository.go:185.2,185.12 1 1
cryptoutil/internal/apps/template/service/server/barrier/intermediate_keys_service.go:31.243,32.29 1 1
cryptoutil/internal/apps/template/service/server/barrier/intermediate_keys_service.go:32.29,34.3 1 1
cryptoutil/internal/apps/template/service/server/barrier/intermediate_keys_service.go:34.8,34.33 1 1
cryptoutil/internal/apps/template/service/server/barrier/intermediate_keys_service.go:34.33,36.3 1 1
cryptoutil/internal/apps/template/service/server/barrier/intermediate_keys_service.go:36.8,36.30 1 1
cryptoutil/internal/apps/template/service/server/barrier/intermediate_keys_service.go:36.30,38.3 1 1
cryptoutil/internal/apps/template/service/server/barrier/intermediate_keys_service.go:38.8,38.35 1 1
cryptoutil/internal/apps/template/service/server/barrier/intermediate_keys_service.go:38.35,40.3 1 1
cryptoutil/internal/apps/template/service/server/barrier/intermediate_keys_service.go:42.2,43.16 2 1
cryptoutil/internal/apps/template/service/server/barrier/intermediate_keys_service.go:43.16,45.3 1 0
cryptoutil/internal/apps/template/service/server/barrier/intermediate_keys_service.go:47.2,47.162 1 1
cryptoutil/internal/apps/template/service/server/barrier/intermediate_keys_service.go:50.157,55.96 3 1
cryptoutil/internal/apps/template/service/server/barrier/intermediate_keys_service.go:55.96,58.63 2 1
cryptoutil/internal/apps/template/service/server/barrier/intermediate_keys_service.go:58.63,60.4 1 0
cryptoutil/internal/apps/template/service/server/barrier/intermediate_keys_service.go:62.3,62.13 1 1
cryptoutil/internal/apps/template/service/server/barrier/intermediate_keys_service.go:66.2,69.43 3 1
cryptoutil/internal/apps/template/service/server/barrier/intermediate_keys_service.go:69.43,71.3 1 0
cryptoutil/internal/apps/template/service/server/barrier/intermediate_keys_service.go:73.2,73.43 1 1
cryptoutil/internal/apps/template/service/server/barrier/intermediate_keys_service.go:73.43,77.17 3 1
cryptoutil/internal/apps/template/service/server/barrier/intermediate_keys_service.go:77.17,81.4 2 0
cryptoutil/internal/apps/template/service/server/barrier/intermediate_keys_service.go:83.3,89.97 4 1
cryptoutil/internal/apps/template/service/server/barrier/intermediate_keys_service.go:89.97,91.18 2 1
cryptoutil/internal/apps/template/service/server/barrier/intermediate_keys_service.go:91.18,95.5 2 0
cryptoutil/internal/apps/template/service/server/barrier/intermediate_keys_service.go:97.4,102.18 4 1
cryptoutil/internal/apps/template/service/server/barrier/intermediate_keys_service.go:102.18,106.5 2 0
cryptoutil/internal/apps/template/service/server/barrier/intermediate_keys_service.go:108.4,110.14 2 1
cryptoutil/internal/apps/template/service/server/barrier/intermediate_keys_service.go:112.3,112.17 1 1
cryptoutil/internal/apps/template/service/server/barrier/intermediate_keys_service.go:112.17,116.4 2 0
cryptoutil/internal/apps/template/service/server/barrier/intermediate_keys_service.go:118.3,118.98 1 1
cryptoutil/internal/apps/template/service/server/barrier/intermediate_keys_service.go:121.2,121.12 1 1
cryptoutil/internal/apps/template/service/server/barrier/intermediate_keys_service.go:125.137,127.16 2 1
cryptoutil/internal/apps/template/service/server/barrier/intermediate_keys_service.go:127.16,129.3 1 1
cryptoutil/internal/apps/template/service/server/barrier/intermediate_keys_service.go:131.2,134.16 3 1
cryptoutil/internal/apps/template/service/server/barrier/intermediate_keys_service.go:134.16,136.3 1 0
cryptoutil/internal/apps/template/service/server/barrier/intermediate_keys_service.go:138.2,139.16 2 1
cryptoutil/internal/apps/template/service/server/barrier/intermediate_keys_service.go:139.16,141.3 1 0
cryptoutil/internal/apps/template/service/server/barrier/intermediate_keys_service.go:143.2,143.69 1 1
cryptoutil/internal/apps/template/service/server/barrier/intermediate_keys_service.go:147.128,149.16 2 1
cryptoutil/internal/apps/template/service/server/barrier/intermediate_keys_service.go:149.16,151.3 1 1
cryptoutil/internal/apps/template/service/server/barrier/intermediate_keys_service.go:153.2,156.16 3 1
cryptoutil/internal/apps/template/service/server/barrier/intermediate_keys_service.go:156.16,158.3 1 0
cryptoutil/internal/apps/template/service/server/barrier/intermediate_keys_service.go:160.2,161.16 2 1
cryptoutil/internal/apps/template/service/server/barrier/intermediate_keys_service.go:161.16,163.3 1 1
cryptoutil/internal/apps/template/service/server/barrier/intermediate_keys_service.go:166.2,167.16 2 1
cryptoutil/internal/apps/template/service/server/barrier/intermediate_keys_service.go:167.16,169.3 1 1
cryptoutil/internal/apps/template/service/server/barrier/intermediate_keys_service.go:171.2,172.16 2 1
cryptoutil/internal/apps/template/service/server/barrier/intermediate_keys_service.go:172.16,174.3 1 1
cryptoutil/internal/apps/template/service/server/barrier/intermediate_keys_service.go:176.2,177.16 2 1
cryptoutil/internal/apps/template/service/server/barrier/intermediate_keys_service.go:177.16,179.3 1 0
cryptoutil/internal/apps/template/service/server/barrier/intermediate_keys_service.go:181.2,181.33 1 1
cryptoutil/internal/apps/template/service/server/barrier/intermediate_keys_service.go:185.46,190.2 4 1
cryptoutil/internal/apps/template/service/server/barrier/root_keys_service.go:32.258,33.29 1 1
cryptoutil/internal/apps/template/service/server/barrier/root_keys_service.go:33.29,35.3 1 1
cryptoutil/internal/apps/template/service/server/barrier/root_keys_service.go:35.8,35.33 1 1
cryptoutil/internal/apps/template/service/server/barrier/root_keys_service.go:35.33,37.3 1 1
cryptoutil/internal/apps/template/service/server/barrier/root_keys_service.go:37.8,37.30 1 1
cryptoutil/internal/apps/template/service/server/barrier/root_keys_service.go:37.30,39.3 1 1
cryptoutil/internal/apps/template/service/server/barrier/root_keys_service.go:39.8,39.37 1 1
cryptoutil/internal/apps/template/service/server/barrier/root_keys_service.go:39.37,41.3 1 1
cryptoutil/internal/apps/template/service/server/barrier/root_keys_service.go:43.2,44.16 2 1
cryptoutil/internal/apps/template/service/server/barrier/root_keys_service.go:44.16,46.3 1 0
cryptoutil/internal/apps/template/service/server/barrier/root_keys_service.go:48.2,48.158 1 1
cryptoutil/internal/apps/template/service/server/barrier/root_keys_service.go:51.180,56.84 3 1
cryptoutil/internal/apps/template/service/server/barrier/root_keys_service.go:56.84,59.55 2 1
cryptoutil/internal/apps/template/service/server/barrier/root_keys_service.go:59.55,61.4 1 0
cryptoutil/internal/apps/template/service/server/barrier/root_keys_service.go:63.3,63.13 1 1
cryptoutil/internal/apps/template/service/server/barrier/root_keys_service.go:67.2,70.35 3 1
cryptoutil/internal/apps/template/service/server/barrier/root_keys_service.go:70.35,72.3 1 0
cryptoutil/internal/apps/template/service/server/barrier/root_keys_service.go:74.2,74.35 1 1
cryptoutil/internal/apps/template/service/server/barrier/root_keys_service.go:74.35,78.17 3 1
cryptoutil/internal/apps/template/service/server/barrier/root_keys_service.go:78.17,82.4 2 0
cryptoutil/internal/apps/template/service/server/barrier/root_keys_service.go:84.3,87.17 3 1
cryptoutil/internal/apps/template/service/server/barrier/root_keys_service.go:87.17,91.4 2 0
cryptoutil/internal/apps/template/service/server/barrier/root_keys_service.go:93.3,97.85 3 1
cryptoutil/internal/apps/template/service/server/barrier/root_keys_service.go:97.85,99.4 1 1
cryptoutil/internal/apps/template/service/server/barrier/root_keys_service.go:100.3,100.17 1 1
cryptoutil/internal/apps/template/service/server/barrier/root_keys_service.go:100.17,104.4 2 0
cryptoutil/internal/apps/template/service/server/barrier/root_keys_service.go:106.3,106.82 1 1
cryptoutil/internal/apps/template/service/server/barrier/root_keys_service.go:109.2,109.12 1 1
cryptoutil/internal/apps/template/service/server/barrier/root_keys_service.go:113.122,115.16 2 1
cryptoutil/internal/apps/template/service/server/barrier/root_keys_service.go:115.16,117.3 1 1
cryptoutil/internal/apps/template/service/server/barrier/root_keys_service.go:119.2,122.16 3 1
cryptoutil/internal/apps/template/service/server/barrier/root_keys_service.go:122.16,124.3 1 0
cryptoutil/internal/apps/template/service/server/barrier/root_keys_service.go:126.2,127.16 2 1
cryptoutil/internal/apps/template/service/server/barrier/root_keys_service.go:127.16,129.3 1 0
cryptoutil/internal/apps/template/service/server/barrier/root_keys_service.go:131.2,131.66 1 1
cryptoutil/internal/apps/template/service/server/barrier/root_keys_service.go:135.125,137.16 2 1
cryptoutil/internal/apps/template/service/server/barrier/root_keys_service.go:137.16,139.3 1 1
cryptoutil/internal/apps/template/service/server/barrier/root_keys_service.go:141.2,144.16 3 1
cryptoutil/internal/apps/template/service/server/barrier/root_keys_service.go:144.16,146.3 1 0
cryptoutil/internal/apps/template/service/server/barrier/root_keys_service.go:148.2,149.16 2 1
cryptoutil/internal/apps/template/service/server/barrier/root_keys_service.go:149.16,151.3 1 1
cryptoutil/internal/apps/template/service/server/barrier/root_keys_service.go:153.2,154.16 2 1
cryptoutil/internal/apps/template/service/server/barrier/root_keys_service.go:154.16,156.3 1 1
cryptoutil/internal/apps/template/service/server/barrier/root_keys_service.go:158.2,159.16 2 1
cryptoutil/internal/apps/template/service/server/barrier/root_keys_service.go:159.16,161.3 1 0
cryptoutil/internal/apps/template/service/server/barrier/root_keys_service.go:163.2,164.16 2 1
cryptoutil/internal/apps/template/service/server/barrier/root_keys_service.go:164.16,166.3 1 0
cryptoutil/internal/apps/template/service/server/barrier/root_keys_service.go:168.2,168.38 1 1
cryptoutil/internal/apps/template/service/server/barrier/root_keys_service.go:172.38,177.2 4 1
cryptoutil/internal/apps/template/service/server/barrier/rotation_handlers.go:50.74,51.34 1 1
cryptoutil/internal/apps/template/service/server/barrier/rotation_handlers.go:51.34,53.44 2 1
cryptoutil/internal/apps/template/service/server/barrier/rotation_handlers.go:53.44,58.4 1 1
cryptoutil/internal/apps/template/service/server/barrier/rotation_handlers.go:61.3,61.48 1 1
cryptoutil/internal/apps/template/service/server/barrier/rotation_handlers.go:61.48,66.4 1 1
cryptoutil/internal/apps/template/service/server/barrier/rotation_handlers.go:68.3,68.48 1 1
cryptoutil/internal/apps/template/service/server/barrier/rotation_handlers.go:68.48,73.4 1 1
cryptoutil/internal/apps/template/service/server/barrier/rotation_handlers.go:75.3,76.17 2 1
cryptoutil/internal/apps/template/service/server/barrier/rotation_handlers.go:76.17,81.4 1 1
cryptoutil/internal/apps/template/service/server/barrier/rotation_handlers.go:83.3,88.5 1 1
cryptoutil/internal/apps/template/service/server/barrier/rotation_handlers.go:93.82,94.34 1 1
cryptoutil/internal/apps/template/service/server/barrier/rotation_handlers.go:94.34,96.44 2 1
cryptoutil/internal/apps/template/service/server/barrier/rotation_handlers.go:96.44,101.4 1 1
cryptoutil/internal/apps/template/service/server/barrier/rotation_handlers.go:104.3,104.48 1 1
cryptoutil/internal/apps/template/service/server/barrier/rotation_handlers.go:104.48,109.4 1 1
cryptoutil/internal/apps/template/service/server/barrier/rotation_handlers.go:111.3,111.48 1 1
cryptoutil/internal/apps/template/service/server/barrier/rotation_handlers.go:111.48,116.4 1 1
cryptoutil/internal/apps/template/service/server/barrier/rotation_handlers.go:118.3,119.17 2 1
cryptoutil/internal/apps/template/service/server/barrier/rotation_handlers.go:119.17,124.4 1 1
cryptoutil/internal/apps/template/service/server/barrier/rotation_handlers.go:126.3,131.5 1 1
cryptoutil/internal/apps/template/service/server/barrier/rotation_handlers.go:136.77,137.34 1 1
cryptoutil/internal/apps/template/service/server/barrier/rotation_handlers.go:137.34,139.44 2 1
cryptoutil/internal/apps/template/service/server/barrier/rotation_handlers.go:139.44,144.4 1 1
cryptoutil/internal/apps/template/service/server/barrier/rotation_handlers.go:147.3,147.48 1 1
cryptoutil/internal/apps/template/service/server/barrier/rotation_handlers.go:147.48,152.4 1 1
cryptoutil/internal/apps/template/service/server/barrier/rotation_handlers.go:154.3,154.48 1 1
cryptoutil/internal/apps/template/service/server/barrier/rotation_handlers.go:154.48,159.4 1 1
cryptoutil/internal/apps/template/service/server/barrier/rotation_handlers.go:161.3,162.17 2 1
cryptoutil/internal/apps/template/service/server/barrier/rotation_handlers.go:162.17,167.4 1 1
cryptoutil/internal/apps/template/service/server/barrier/rotation_handlers.go:169.3,173.5 1 1
cryptoutil/internal/apps/template/service/server/barrier/rotation_handlers.go:182.87,183.24 1 1
cryptoutil/internal/apps/template/service/server/barrier/rotation_handlers.go:183.24,184.39 1 1
cryptoutil/internal/apps/template/service/server/barrier/rotation_handlers.go:187.2,187.28 1 1
cryptoutil/internal/apps/template/service/server/barrier/rotation_handlers.go:187.28,188.43 1 1
cryptoutil/internal/apps/template/service/server/barrier/rotation_handlers.go:191.2,195.67 4 1
cryptoutil/internal/apps/template/service/server/barrier/rotation_service.go:34.29,35.26 1 1
cryptoutil/internal/apps/template/service/server/barrier/rotation_service.go:35.26,37.3 1 1
cryptoutil/internal/apps/template/service/server/barrier/rotation_service.go:39.2,39.23 1 1
cryptoutil/internal/apps/template/service/server/barrier/rotation_service.go:39.23,41.3 1 1
cryptoutil/internal/apps/template/service/server/barrier/rotation_service.go:43.2,43.30 1 1
cryptoutil/internal/apps/template/service/server/barrier/rotation_service.go:43.30,45.3 1 1
cryptoutil/internal/apps/template/service/server/barrier/rotation_service.go:47.2,51.8 1 1
cryptoutil/internal/apps/template/service/server/barrier/rotation_service.go:64.107,67.70 2 1
cryptoutil/internal/apps/template/service/server/barrier/rotation_service.go:67.70,70.17 2 1
cryptoutil/internal/apps/template/service/server/barrier/rotation_service.go:70.17,72.4 1 1
cryptoutil/internal/apps/template/service/server/barrier/rotation_service.go:74.3,74.24 1 1
cryptoutil/internal/apps/template/service/server/barrier/rotation_service.go:74.24,76.4 1 1
cryptoutil/internal/apps/template/service/server/barrier/rotation_service.go:79.3,83.17 2 1
cryptoutil/internal/apps/template/service/server/barrier/rotation_service.go:83.17,85.4 1 0
cryptoutil/internal/apps/template/service/server/barrier/rotation_service.go:88.3,89.17 2 1
cryptoutil/internal/apps/template/service/server/barrier/rotation_service.go:89.17,91.4 1 0
cryptoutil/internal/apps/template/service/server/barrier/rotation_service.go:94.3,100.51 2 1
cryptoutil/internal/apps/template/service/server/barrier/rotation_service.go:100.51,102.4 1 1
cryptoutil/internal/apps/template/service/server/barrier/rotation_service.go:105.3,111.13 2 1
cryptoutil/internal/apps/template/service/server/barrier/rotation_service.go:113.2,113.16 1 1
cryptoutil/internal/apps/template/service/server/barrier/rotation_service.go:113.16,115.3 1 1
cryptoutil/internal/apps/template/service/server/barrier/rotation_service.go:117.2,117.20 1 1
cryptoutil/internal/apps/template/service/server/barrier/rotation_service.go:130.123,133.70 2 1
cryptoutil/internal/apps/template/service/server/barrier/rotation_service.go:133.70,136.17 2 1
cryptoutil/internal/apps/template/service/server/barrier/rotation_service.go:136.17,138.4 1 1
cryptoutil/internal/apps/template/service/server/barrier/rotation_service.go:140.3,140.32 1 1
cryptoutil/internal/apps/template/service/server/barrier/rotation_service.go:140.32,142.4 1 1
cryptoutil/internal/apps/template/service/server/barrier/rotation_service.go:145.3,146.17 2 1
cryptoutil/internal/apps/template/service/server/barrier/rotation_service.go:146.17,148.4 1 1
cryptoutil/internal/apps/template/service/server/barrier/rotation_service.go:150.3,150.28 1 1
cryptoutil/internal/apps/template/service/server/barrier/rotation_service.go:150.28,152.4 1 1
cryptoutil/internal/apps/template/service/server/barrier/rotation_service.go:155.3,156.17 2 1
cryptoutil/internal/apps/template/service/server/barrier/rotation_service.go:156.17,158.4 1 1
cryptoutil/internal/apps/template/service/server/barrier/rotation_service.go:161.3,165.17 2 1
cryptoutil/internal/apps/template/service/server/barrier/rotation_service.go:165.17,167.4 1 0
cryptoutil/internal/apps/template/service/server/barrier/rotation_service.go:170.3,171.17 2 1
cryptoutil/internal/apps/template/service/server/barrier/rotation_service.go:171.17,173.4 1 0
cryptoutil/internal/apps/template/service/server/barrier/rotation_service.go:176.3,182.67 2 1
cryptoutil/internal/apps/template/service/server/barrier/rotation_service.go:182.67,184.4 1 1
cryptoutil/internal/apps/template/service/server/barrier/rotation_service.go:187.3,193.13 2 1
cryptoutil/internal/apps/template/service/server/barrier/rotation_service.go:195.2,195.16 1 1
cryptoutil/internal/apps/template/service/server/barrier/rotation_service.go:195.16,197.3 1 1
cryptoutil/internal/apps/template/service/server/barrier/rotation_service.go:199.2,199.20 1 1
cryptoutil/internal/apps/template/service/server/barrier/rotation_service.go:212.113,215.70 2 1
cryptoutil/internal/apps/template/service/server/barrier/rotation_service.go:215.70,218.17 2 1
cryptoutil/internal/apps/template/service/server/barrier/rotation_service.go:218.17,220.4 1 1
cryptoutil/internal/apps/template/service/server/barrier/rotation_service.go:222.3,222.36 1 1
cryptoutil/internal/apps/template/service/server/barrier/rotation_service.go:222.36,224.4 1 1
cryptoutil/internal/apps/template/service/server/barrier/rotation_service.go:227.3,228.17 2 1
cryptoutil/internal/apps/template/service/server/barrier/rotation_service.go:228.17,230.4 1 1
cryptoutil/internal/apps/template/service/server/barrier/rotation_service.go:233.3,236.17 3 1
cryptoutil/internal/apps/template/service/server/barrier/rotation_service.go:236.17,238.4 1 0
cryptoutil/internal/apps/template/service/server/barrier/rotation_service.go:240.3,241.17 2 1
cryptoutil/internal/apps/template/service/server/barrier/rotation_service.go:241.17,243.4 1 0
cryptoutil/internal/apps/template/service/server/barrier/rotation_service.go:246.3,247.17 2 1
cryptoutil/internal/apps/template/service/server/barrier/rotation_service.go:247.17,249.4 1 1
cryptoutil/internal/apps/template/service/server/barrier/rotation_service.go:251.3,252.17 2 1
cryptoutil/internal/apps/template/service/server/barrier/rotation_service.go:252.17,254.4 1 1
cryptoutil/internal/apps/template/service/server/barrier/rotation_service.go:257.3,258.17 2 1
cryptoutil/internal/apps/template/service/server/barrier/rotation_service.go:258.17,260.4 1 1
cryptoutil/internal/apps/template/service/server/barrier/rotation_service.go:263.3,267.17 2 1
cryptoutil/internal/apps/template/service/server/barrier/rotation_service.go:267.17,269.4 1 0
cryptoutil/internal/apps/template/service/server/barrier/rotation_service.go:272.3,273.17 2 1
cryptoutil/internal/apps/template/service/server/barrier/rotation_service.go:273.17,275.4 1 0
cryptoutil/internal/apps/template/service/server/barrier/rotation_service.go:278.3,284.57 2 1
cryptoutil/internal/apps/template/service/server/barrier/rotation_service.go:284.57,286.4 1 1
cryptoutil/internal/apps/template/service/server/barrier/rotation_service.go:289.3,294.13 2 1
cryptoutil/internal/apps/template/service/server/barrier/rotation_service.go:296.2,296.16 1 1
cryptoutil/internal/apps/template/service/server/barrier/rotation_service.go:296.16,298.3 1 1
cryptoutil/internal/apps/template/service/server/barrier/rotation_service.go:300.2,300.20 1 1
cryptoutil/internal/apps/template/service/server/barrier/status_handlers.go:33.64,34.17 1 1
cryptoutil/internal/apps/template/service/server/barrier/status_handlers.go:34.17,36.3 1 1
cryptoutil/internal/apps/template/service/server/barrier/status_handlers.go:38.2,38.40 1 1
cryptoutil/internal/apps/template/service/server/barrier/status_handlers.go:44.96,47.64 2 1
cryptoutil/internal/apps/template/service/server/barrier/status_handlers.go:47.64,50.17 2 1
cryptoutil/internal/apps/template/service/server/barrier/status_handlers.go:50.17,52.4 1 1
cryptoutil/internal/apps/template/service/server/barrier/status_handlers.go:54.3,54.21 1 1
cryptoutil/internal/apps/template/service/server/barrier/status_handlers.go:54.21,60.4 1 1
cryptoutil/internal/apps/template/service/server/barrier/status_handlers.go:63.3,64.17 2 1
cryptoutil/internal/apps/template/service/server/barrier/status_handlers.go:64.17,66.4 1 1
cryptoutil/internal/apps/template/service/server/barrier/status_handlers.go:68.3,68.29 1 1
cryptoutil/internal/apps/template/service/server/barrier/status_handlers.go:68.29,74.4 1 1
cryptoutil/internal/apps/template/service/server/barrier/status_handlers.go:76.3,76.13 1 1
cryptoutil/internal/apps/template/service/server/barrier/status_handlers.go:78.2,78.16 1 1
cryptoutil/internal/apps/template/service/server/barrier/status_handlers.go:78.16,80.3 1 1
cryptoutil/internal/apps/template/service/server/barrier/status_handlers.go:82.2,82.23 1 1
cryptoutil/internal/apps/template/service/server/barrier/status_handlers.go:87.77,88.34 1 1
cryptoutil/internal/apps/template/service/server/barrier/status_handlers.go:88.34,93.17 3 1
cryptoutil/internal/apps/template/service/server/barrier/status_handlers.go:93.17,97.4 1 1
cryptoutil/internal/apps/template/service/server/barrier/status_handlers.go:99.3,99.47 1 1
cryptoutil/internal/apps/template/service/server/barrier/status_handlers.go:109.73,111.2 1 1
